окт. 25, 2022 9:39:02 PM org.l2jmobius.gameserver.model.quest.Quest showError
WARNING: F:\l2ServerMain\game\data\scripts\ai\bosses\Fafurion\Fafurion.java
java.lang.NullPointerException: Cannot invoke "org.l2jmobius.gameserver.model.actor.instance.GrandBoss.getId()" because "ai.bosses.Fafurion.Fafurion._fafurion" is null
	at ai.bosses.Fafurion.Fafurion.onKill(Fafurion.java:434)
	at org.l2jmobius.gameserver.model.quest.Quest.notifyKill(Quest.java:623)
	at org.l2jmobius.gameserver.model.quest.Quest.lambda$addKillId$13(Quest.java:1945)
	at org.l2jmobius.gameserver.model.events.listeners.ConsumerEventListener.executeEvent(ConsumerEventListener.java:44)
	at org.l2jmobius.gameserver.model.events.EventDispatcher.notifyToListeners(EventDispatcher.java:289)
	at org.l2jmobius.gameserver.model.events.EventDispatcher.notifyEventToSingleContainer(EventDispatcher.java:182)
	at org.l2jmobius.gameserver.model.events.EventDispatcher.lambda$notifyEventAsync$0(EventDispatcher.java:144)
	at org.l2jmobius.commons.threads.RunnableWrapper.run(RunnableWrapper.java:35)
	at java.base/java.util.concurrent.ThreadPoolExecutor.runWorker(ThreadPoolExecutor.java:1136)
	at java.base/java.util.concurrent.ThreadPoolExecutor$Worker.run(ThreadPoolExecutor.java:635)
	at java.base/java.lang.Thread.run(Thread.java:833)

окт. 27, 2022 12:05:33 AM org.l2jmobius.gameserver.handler.AdminCommandHandler lambda$useAdminCommand$0
WARNING: Exception during execution of admin_res
java.lang.NullPointerException: Cannot invoke "org.l2jmobius.gameserver.model.PetLevelData.getPetMaxFeed()" because the return value of "org.l2jmobius.gameserver.model.actor.Player.getPetLevelData(int)" is null
	at org.l2jmobius.gameserver.model.actor.Player.getMaxFeed(Player.java:12331)
	at org.l2jmobius.gameserver.model.actor.Player.startFeed(Player.java:12261)
	at org.l2jmobius.gameserver.model.actor.Player.doRevive(Player.java:10576)
	at handlers.admincommandhandlers.AdminRes.doResurrect(AdminRes.java:175)
	at handlers.admincommandhandlers.AdminRes.handleRes(AdminRes.java:114)
	at handlers.admincommandhandlers.AdminRes.handleRes(AdminRes.java:71)
	at handlers.admincommandhandlers.AdminRes.useAdminCommand(AdminRes.java:50)
	at org.l2jmobius.gameserver.handler.AdminCommandHandler.lambda$useAdminCommand$0(AdminCommandHandler.java:127)
	at org.l2jmobius.commons.threads.RunnableWrapper.run(RunnableWrapper.java:35)
	at java.base/java.util.concurrent.ThreadPoolExecutor.runWorker(ThreadPoolExecutor.java:1136)
	at java.base/java.util.concurrent.ThreadPoolExecutor$Worker.run(ThreadPoolExecutor.java:635)
	at java.base/java.lang.Thread.run(Thread.java:833)

