2022.10.25 12:03:47,502	INFO	1	org.l2jmobius.commons.util.IXmlReader	Network Config: ipconfig.xml exists using manual configuration...
2022.10.25 12:03:47,678	INFO	1	org.l2jmobius.Config	Loaded 6 Filter Words.
2022.10.25 12:03:47,696	INFO	1	org.l2jmobius.gameserver.GameServer	------------------------------------------------=[ Database ]
2022.10.25 12:03:48,169	INFO	22	org.l2jmobius.gameserver.model.World	World: (288 by 272) World Region Grid set up.
2022.10.25 12:03:49,447	INFO	1	org.l2jmobius.commons.database.DatabaseFactory	Database: Initialized.
2022.10.25 12:03:49,448	INFO	1	org.l2jmobius.gameserver.GameServer	----------------------------------------------=[ ThreadPool ]
2022.10.25 12:03:49,449	INFO	1	org.l2jmobius.commons.threads.ThreadPool	ThreadPool: Initialized
2022.10.25 12:03:49,453	INFO	1	org.l2jmobius.commons.threads.ThreadPool	...4 scheduled pool executors with 16 total threads.
2022.10.25 12:03:49,454	INFO	1	org.l2jmobius.commons.threads.ThreadPool	...4 instant pool executors with 8 total threads.
2022.10.25 12:03:49,459	INFO	1	org.l2jmobius.gameserver.GameServer	-----------------------------------------------=[ IdManager ]
2022.10.25 12:03:49,497	INFO	1	org.l2jmobius.gameserver.instancemanager.IdManager	Updated characters online status.
2022.10.25 12:03:49,545	INFO	1	org.l2jmobius.gameserver.instancemanager.IdManager	IdManager: Cleaned 0 elements from database in 0 seconds.
2022.10.25 12:03:49,551	INFO	1	org.l2jmobius.gameserver.instancemanager.IdManager	IdManager: Cleaned 0 expired timestamps from database.
2022.10.25 12:03:49,555	INFO	1	org.l2jmobius.gameserver.instancemanager.IdManager	IdManager: 102912 id's available.
2022.10.25 12:03:49,555	INFO	1	org.l2jmobius.gameserver.GameServer	----------------------------------------=[ Scripting Engine ]
2022.10.25 12:03:49,667	INFO	1	org.l2jmobius.gameserver.scripting.ScriptEngineManager	Loaded 837 files to exclude.
2022.10.25 12:03:49,667	INFO	1	org.l2jmobius.gameserver.GameServer	--------------------------------------------------=[ Telnet ]
2022.10.25 12:03:49,838	INFO	1	org.l2jmobius.gameserver.network.telnet.TelnetServer	Telnet server is currently disabled.
2022.10.25 12:03:49,838	INFO	1	org.l2jmobius.gameserver.GameServer	---------------------------------------------------=[ World ]
2022.10.25 12:03:50,089	INFO	1	org.l2jmobius.gameserver.instancemanager.MapRegionManager	MapRegionManager: Loaded 61 map regions.
2022.10.25 12:03:50,093	INFO	1	org.l2jmobius.gameserver.instancemanager.ZoneManager	ZoneManager 19 by 18 Zone Region Grid set up.
2022.10.25 12:03:50,812	INFO	1	org.l2jmobius.gameserver.instancemanager.ZoneManager	ZoneManager: Loaded 34 zone classes and 2957 zones.
2022.10.25 12:03:50,817	INFO	1	org.l2jmobius.gameserver.instancemanager.ZoneManager	ZoneManager: Last static id 210110.
2022.10.25 12:03:51,196	INFO	1	org.l2jmobius.gameserver.data.xml.DoorData	DoorData: Loaded 1520 doors.
2022.10.25 12:03:51,208	INFO	1	FenceData	FenceData: Loaded 1 fences.
2022.10.25 12:03:51,216	INFO	1	org.l2jmobius.gameserver.instancemanager.GlobalVariablesManager	GlobalVariablesManager: Loaded 13 variables.
2022.10.25 12:03:51,216	INFO	1	org.l2jmobius.gameserver.GameServer	----------------------------------------------------=[ Data ]
2022.10.25 12:03:51,226	INFO	1	org.l2jmobius.gameserver.data.xml.ActionData	ActionData: Loaded 216 player actions.
2022.10.25 12:03:51,294	INFO	1	org.l2jmobius.gameserver.data.xml.CategoryData	CategoryData: Loaded 216 categories.
2022.10.25 12:03:51,304	INFO	1	org.l2jmobius.gameserver.data.xml.SecondaryAuthData	SecondaryAuthData: Loaded 328 forbidden passwords.
2022.10.25 12:03:54,482	INFO	1	org.l2jmobius.gameserver.data.ItemTable	ItemTable: Highest item id used: 96959
2022.10.25 12:03:54,555	INFO	1	org.l2jmobius.gameserver.data.ItemTable	ItemTable: Loaded 24150 Etc Items
2022.10.25 12:03:54,569	INFO	1	org.l2jmobius.gameserver.data.ItemTable	ItemTable: Loaded 12756 Armor Items
2022.10.25 12:03:54,574	INFO	1	org.l2jmobius.gameserver.data.ItemTable	ItemTable: Loaded 9112 Weapon Items
2022.10.25 12:03:54,588	INFO	1	org.l2jmobius.gameserver.data.ItemTable	ItemTable: Loaded 46018 Items in total.
2022.10.25 12:03:54,863	INFO	1	org.l2jmobius.gameserver.data.xml.CombinationItemsData	CombinationItemsData: Loaded 4421 combinations.
2022.10.25 12:03:54,942	INFO	1	org.l2jmobius.gameserver.data.xml.SayuneData	SayuneData: Loaded 71 maps.
2022.10.25 12:03:56,340	INFO	1	handlers.DailyMissionMasterHandler	DailyMissionMasterHandler:  Loaded 10 handlers.
2022.10.25 12:03:56,400	INFO	1	org.l2jmobius.gameserver.data.xml.DailyMissionData	DailyMissionData: Loaded 87 one day rewards.
2022.10.25 12:03:56,400	INFO	1	org.l2jmobius.gameserver.GameServer	--------------------------------------------------=[ Skills ]
2022.10.25 12:04:01,238	INFO	1	handlers.EffectMasterHandler	EffectMasterHandler: Loaded 389 effect handlers.
2022.10.25 12:04:01,255	INFO	1	org.l2jmobius.gameserver.data.xml.EnchantSkillGroupsData	EnchantSkillGroupsData: Loaded 20 enchant routes, max enchant set to 20.
2022.10.25 12:04:06,054	INFO	1	org.l2jmobius.gameserver.data.xml.SkillData	SkillData: Loaded 169946 Skills.
2022.10.25 12:04:06,821	INFO	1	org.l2jmobius.gameserver.data.xml.SkillTreeData	SkillTreeData: Loaded 19373 Class skills for 150 class skill trees.
2022.10.25 12:04:06,821	INFO	1	org.l2jmobius.gameserver.data.xml.SkillTreeData	SkillTreeData: Loaded 1 sub-class skills.
2022.10.25 12:04:06,821	INFO	1	org.l2jmobius.gameserver.data.xml.SkillTreeData	SkillTreeData: Loaded 33 dual-class skills.
2022.10.25 12:04:06,821	INFO	1	org.l2jmobius.gameserver.data.xml.SkillTreeData	SkillTreeData: Loaded 104 transfer skills for 3 transfer skill trees.
2022.10.25 12:04:06,822	INFO	1	org.l2jmobius.gameserver.data.xml.SkillTreeData	SkillTreeData: Loaded 18 race skills for 7 race skill trees.
2022.10.25 12:04:06,822	INFO	1	org.l2jmobius.gameserver.data.xml.SkillTreeData	SkillTreeData: Loaded 35 fishing skills, 8 Dwarven only fishing skills.
2022.10.25 12:04:06,822	INFO	1	org.l2jmobius.gameserver.data.xml.SkillTreeData	SkillTreeData: Loaded 3 collect skills.
2022.10.25 12:04:06,828	INFO	1	org.l2jmobius.gameserver.data.xml.SkillTreeData	SkillTreeData: Loaded 11 clan skills, 0 for clan and 11 residential.
2022.10.25 12:04:06,829	INFO	1	org.l2jmobius.gameserver.data.xml.SkillTreeData	SkillTreeData: Loaded 0 sub-pledge skills.
2022.10.25 12:04:06,829	INFO	1	org.l2jmobius.gameserver.data.xml.SkillTreeData	SkillTreeData: Loaded 32 transform skills.
2022.10.25 12:04:06,829	INFO	1	org.l2jmobius.gameserver.data.xml.SkillTreeData	SkillTreeData: Loaded 22 noble skills.
2022.10.25 12:04:06,830	INFO	1	org.l2jmobius.gameserver.data.xml.SkillTreeData	SkillTreeData: Loaded 4 hero skills.
2022.10.25 12:04:06,830	INFO	1	org.l2jmobius.gameserver.data.xml.SkillTreeData	SkillTreeData: Loaded 61 game master skills.
2022.10.25 12:04:06,832	INFO	1	org.l2jmobius.gameserver.data.xml.SkillTreeData	SkillTreeData: Loaded 61 game master aura skills.
2022.10.25 12:04:06,832	INFO	1	org.l2jmobius.gameserver.data.xml.SkillTreeData	SkillTreeData: Loaded 123 ability skills.
2022.10.25 12:04:06,832	INFO	1	org.l2jmobius.gameserver.data.xml.SkillTreeData	SkillTreeData: Loaded 113 alchemy skills.
2022.10.25 12:04:06,832	INFO	1	org.l2jmobius.gameserver.data.xml.SkillTreeData	SkillTreeData: Loaded 37 class awaken save skills.
2022.10.25 12:04:06,832	INFO	1	org.l2jmobius.gameserver.data.xml.SkillTreeData	SkillTreeData: Loaded 20 Revelation skills.
2022.10.25 12:04:06,833	INFO	1	org.l2jmobius.gameserver.data.xml.SkillTreeData	SkillTreeData: Loaded 35 common skills.
2022.10.25 12:04:06,858	INFO	1	org.l2jmobius.gameserver.data.xml.PetSkillData	PetSkillData: Loaded 1084 skills.
2022.10.25 12:04:06,858	INFO	1	org.l2jmobius.gameserver.GameServer	---------------------------------------------------=[ Items ]
2022.10.25 12:04:06,980	INFO	1	org.l2jmobius.gameserver.data.xml.EnchantItemGroupsData	EnchantItemGroupsData: Loaded 31 item group templates.
2022.10.25 12:04:06,981	INFO	1	org.l2jmobius.gameserver.data.xml.EnchantItemGroupsData	EnchantItemGroupsData: Loaded 5 scroll group templates.
2022.10.25 12:04:07,010	INFO	1	org.l2jmobius.gameserver.data.xml.EnchantItemData	EnchantItemData: Loaded 286 enchant scrolls.
2022.10.25 12:04:07,010	INFO	1	org.l2jmobius.gameserver.data.xml.EnchantItemData	EnchantItemData: Loaded 104 support items.
2022.10.25 12:04:07,063	INFO	1	org.l2jmobius.gameserver.data.xml.EnchantItemOptionsData	EnchantItemOptionsData: Loaded 353 items and 4710 options.
2022.10.25 12:04:07,087	INFO	1	org.l2jmobius.commons.util.IXmlReader	ElementalAttributeData: Loaded 139 elemental attribute items.
2022.10.25 12:04:07,113	INFO	1	org.l2jmobius.gameserver.data.xml.ItemCrystallizationData	ItemCrystallizationData: Loaded 13 crystallization templates.
2022.10.25 12:04:07,113	INFO	1	org.l2jmobius.gameserver.data.xml.ItemCrystallizationData	ItemCrystallizationData: Loaded 338 pre-defined crystallizable items.
2022.10.25 12:04:07,136	INFO	1	org.l2jmobius.gameserver.data.xml.ItemCrystallizationData	ItemCrystallizationData: Generated 5988 crystallizable items from templates.
2022.10.25 12:04:08,800	INFO	1	org.l2jmobius.gameserver.data.xml.OptionData	OptionData: Loaded 37581 options.
2022.10.25 12:04:08,860	INFO	1	VariationData	VariationData: Loaded 37 variations.
2022.10.25 12:04:08,861	INFO	1	VariationData	VariationData: Loaded 2463 fees.
2022.10.25 12:04:08,899	INFO	1	org.l2jmobius.gameserver.data.xml.EnsoulData	EnsoulData: Loaded 128 fees.
2022.10.25 12:04:08,900	INFO	1	org.l2jmobius.gameserver.data.xml.EnsoulData	EnsoulData: Loaded 1169 options.
2022.10.25 12:04:08,901	INFO	1	org.l2jmobius.gameserver.data.xml.EnsoulData	EnsoulData: Loaded 125 stones.
2022.10.25 12:04:08,915	INFO	1	org.l2jmobius.gameserver.data.xml.EnchantItemHPBonusData	EnchantItemHPBonusData: Loaded 12 enchant HP bonuses.
2022.10.25 12:04:10,510	INFO	1	org.l2jmobius.gameserver.data.xml.BuyListData	BuyListData: Loaded 921 buyLists.
2022.10.25 12:04:11,975	INFO	1	org.l2jmobius.gameserver.data.xml.MultisellData	MultisellData: Loaded 599 multisell lists.
2022.10.25 12:04:12,033	INFO	1	org.l2jmobius.gameserver.data.xml.EquipmentUpgradeData	EquipmentUpgradeData: Loaded 6931 upgrade equipment data.
2022.10.25 12:04:12,072	INFO	1	org.l2jmobius.gameserver.data.xml.AgathionData	AgathionData: Loaded 435 agathion data.
2022.10.25 12:04:12,190	INFO	1	org.l2jmobius.gameserver.data.xml.RecipeData	RecipeData: Loaded 1816 recipes.
2022.10.25 12:04:12,254	INFO	1	org.l2jmobius.gameserver.data.xml.ArmorSetData	ArmorSetData: Loaded 370 armor sets.
2022.10.25 12:04:12,260	INFO	1	org.l2jmobius.gameserver.data.xml.FishingData	FishingData: Loaded 9 bait and 14 rod data.
2022.10.25 12:04:12,336	INFO	1	org.l2jmobius.gameserver.data.xml.HennaData	HennaData: Loaded 549 henna data.
2022.10.25 12:04:12,353	INFO	1	org.l2jmobius.gameserver.data.xml.PrimeShopData	PrimeShopData: Loaded 99 items.
2022.10.25 12:04:12,375	INFO	1	org.l2jmobius.gameserver.data.xml.LimitShopData	LimitShopData: Loaded 44 items.
2022.10.25 12:04:12,396	INFO	1	org.l2jmobius.gameserver.data.xml.LimitShopData	LimitShopCraftData: Loaded 131 items.
2022.10.25 12:04:12,413	INFO	1	org.l2jmobius.gameserver.data.xml.CollectionData	CollectionData: Loaded 188 collections.
2022.10.25 12:04:12,453	INFO	1	org.l2jmobius.gameserver.data.xml.AppearanceItemData	AppearanceItemData: Loaded 1282 stones.
2022.10.25 12:04:12,470	INFO	1	org.l2jmobius.gameserver.data.xml.AlchemyData	AlchemyData: Loaded 114 alchemy craft skills.
2022.10.25 12:04:12,488	INFO	1	org.l2jmobius.commons.util.IXmlReader	LuckyGameData: Loaded 2 lucky game data.
2022.10.25 12:04:12,489	INFO	1	org.l2jmobius.gameserver.data.xml.AttendanceRewardData	AttendanceRewardData: Disabled.
2022.10.25 12:04:12,490	INFO	1	org.l2jmobius.gameserver.GameServer	----------------------------------------------=[ Characters ]
2022.10.25 12:04:12,497	INFO	1	org.l2jmobius.gameserver.data.xml.ClassListData	ClassListData: Loaded 158 class data.
2022.10.25 12:04:12,502	INFO	1	org.l2jmobius.gameserver.data.xml.InitialEquipmentData	InitialEquipmentData: Loaded 14 initial equipment data.
2022.10.25 12:04:12,509	INFO	1	org.l2jmobius.gameserver.data.xml.InitialShortcutData	InitialShortcutData: Loaded 5 initial global shortcuts data.
2022.10.25 12:04:12,529	INFO	1	org.l2jmobius.gameserver.data.xml.InitialShortcutData	InitialShortcutData: Loaded 5 initial shortcuts data.
2022.10.25 12:04:12,530	INFO	1	org.l2jmobius.gameserver.data.xml.InitialShortcutData	InitialShortcutData: Loaded 0 macro presets.
2022.10.25 12:04:12,541	INFO	1	org.l2jmobius.gameserver.data.xml.ExperienceData	ExperienceData: Loaded 131 levels.
2022.10.25 12:04:12,542	INFO	1	org.l2jmobius.gameserver.data.xml.ExperienceData	ExperienceData: Max Player Level is 130.
2022.10.25 12:04:12,543	INFO	1	org.l2jmobius.gameserver.data.xml.ExperienceData	ExperienceData: Max Pet Level is 99.
2022.10.25 12:04:12,551	INFO	1	org.l2jmobius.gameserver.data.xml.KarmaData	KarmaData: Loaded 130 karma modifiers.
2022.10.25 12:04:12,554	INFO	1	org.l2jmobius.gameserver.data.xml.HitConditionBonusData	HitConditionBonusData: Loaded hit condition bonuses.
2022.10.25 12:04:13,182	INFO	1	org.l2jmobius.gameserver.data.xml.PlayerTemplateData	PlayerTemplateData: Loaded 150 character templates.
2022.10.25 12:04:13,182	INFO	1	org.l2jmobius.gameserver.data.xml.PlayerTemplateData	PlayerTemplateData: Loaded 108000 level up gain records.
2022.10.25 12:04:13,183	INFO	1	org.l2jmobius.gameserver.data.xml.PlayerTemplateData	PlayerTemplateData: Generated 1500 level up gain records.
2022.10.25 12:04:13,190	INFO	1	org.l2jmobius.gameserver.data.sql.CharNameTable	CharNameTable: Loaded 4 char names.
2022.10.25 12:04:13,195	INFO	1	org.l2jmobius.gameserver.data.xml.AdminData	AdminData: Loaded 10 access levels.
2022.10.25 12:04:13,203	INFO	1	org.l2jmobius.gameserver.data.xml.AdminData	AdminData: Loaded 468 access commands.
2022.10.25 12:04:13,690	INFO	1	org.l2jmobius.gameserver.data.xml.PetDataTable	PetDataTable: Loaded 56 pets.
2022.10.25 12:04:13,760	INFO	1	org.l2jmobius.gameserver.data.xml.CubicData	CubicData: Loaded 25 cubics.
2022.10.25 12:04:13,776	INFO	1	org.l2jmobius.gameserver.GameServer	---------------------------------------------------=[ Clans ]
2022.10.25 12:04:13,794	INFO	1	org.l2jmobius.gameserver.communitybbs.Manager.ForumsBBSManager	ForumsBBSManager: Loaded 6 forums. Last forum id used: 6
2022.10.25 12:04:13,829	INFO	1	org.l2jmobius.gameserver.data.sql.ClanTable	ClanTable: Restored 2 clans from the database.
2022.10.25 12:04:13,835	INFO	1	org.l2jmobius.gameserver.data.xml.ResidenceFunctionsData	ResidenceFunctionsData: Loaded 8 functions.
2022.10.25 12:04:14,026	INFO	1	org.l2jmobius.gameserver.data.xml.ClanHallData	ClanHallData: Succesfully loaded 57 clan halls.
2022.10.25 12:04:14,028	INFO	1	org.l2jmobius.gameserver.instancemanager.ClanHallAuctionManager	ClanHallAuctionManager: Clan Hall Auction has started!
2022.10.25 12:04:14,061	INFO	1	org.l2jmobius.gameserver.instancemanager.ClanEntryManager	ClanEntryManager: Loaded 0 clan entries.
2022.10.25 12:04:14,073	INFO	1	org.l2jmobius.gameserver.instancemanager.ClanEntryManager	ClanEntryManager: Loaded 0 players in waiting list.
2022.10.25 12:04:14,075	INFO	1	org.l2jmobius.gameserver.instancemanager.ClanEntryManager	ClanEntryManager: Loaded 0 player applications.
2022.10.25 12:04:14,080	INFO	1	org.l2jmobius.gameserver.data.xml.ClanMasteryData	ClanMasteryData: Loaded 16 clan masteries.
2022.10.25 12:04:14,090	INFO	1	org.l2jmobius.gameserver.data.xml.ClanShopData	ClanShopData: Loaded 13 clan shop products.
2022.10.25 12:04:14,101	INFO	1	org.l2jmobius.gameserver.GameServer	-------------------------------------------------=[ Geodata ]
2022.10.25 12:04:16,805	INFO	1	org.l2jmobius.gameserver.geoengine.GeoEngine	GeoEngine: Loaded 233 regions.
2022.10.25 12:04:16,805	INFO	1	org.l2jmobius.gameserver.GameServer	----------------------------------------------------=[ NPCs ]
2022.10.25 12:04:21,251	INFO	1	org.l2jmobius.gameserver.data.xml.NpcData	NpcData: Loaded 14682 NPCs.
2022.10.25 12:04:21,290	INFO	1	org.l2jmobius.gameserver.data.xml.NpcData	NpcData: Loaded 22 custom NPCs.
2022.10.25 12:04:21,292	INFO	1	org.l2jmobius.gameserver.data.xml.FakePlayerData	FakePlayerData: Disabled.
2022.10.25 12:04:21,294	INFO	1	org.l2jmobius.gameserver.instancemanager.FakePlayerChatManager	FakePlayerChatManager: Disabled.
2022.10.25 12:04:22,840	INFO	1	org.l2jmobius.gameserver.data.xml.SpawnData	SpawnData: Loaded 62083 spawns
2022.10.25 12:04:22,874	INFO	1	org.l2jmobius.gameserver.instancemanager.WalkingManager	WalkingManager: Loaded 197 walking routes.
2022.10.25 12:04:22,887	INFO	1	org.l2jmobius.gameserver.data.xml.StaticObjectData	StaticObjectData: Loaded 86 static object templates.
2022.10.25 12:04:22,906	INFO	1	org.l2jmobius.gameserver.model.itemauction.ItemAuctionInstance	ItemAuctionInstance: Loaded 21 item(s) and registered 1 auction(s) for instance 34328
2022.10.25 12:04:22,913	INFO	1	org.l2jmobius.gameserver.model.itemauction.ItemAuctionInstance	ItemAuctionInstance: Schedule next auction 1 on 17:00:00 29.10.22 for instance 34328
2022.10.25 12:04:22,913	INFO	1	org.l2jmobius.gameserver.instancemanager.ItemAuctionManager	ItemAuctionManager: Loaded 1 instances.
2022.10.25 12:04:22,975	INFO	1	org.l2jmobius.gameserver.instancemanager.InstanceManager	InstanceManager: Loaded 325 instance names.
2022.10.25 12:04:23,618	INFO	1	org.l2jmobius.gameserver.instancemanager.InstanceManager	InstanceManager: Loaded 159 instance templates.
2022.10.25 12:04:23,635	INFO	1	org.l2jmobius.gameserver.instancemanager.InstanceManager	InstanceManager: Loaded instance reenter times for 1 players.
2022.10.25 12:04:23,654	INFO	1	org.l2jmobius.gameserver.instancemanager.CastleManager	CastleManager: Loaded 9 castles.
2022.10.25 12:04:23,661	INFO	1	org.l2jmobius.gameserver.instancemanager.GrandBossManager	GrandBossManager: Fafurion(19740) status is 0
2022.10.25 12:04:23,662	INFO	1	org.l2jmobius.gameserver.instancemanager.GrandBossManager	GrandBossManager: Kelbim(26124) status is 0
2022.10.25 12:04:23,662	INFO	1	org.l2jmobius.gameserver.instancemanager.GrandBossManager	GrandBossManager: Core(29006) status is 0
2022.10.25 12:04:23,662	INFO	1	org.l2jmobius.gameserver.instancemanager.GrandBossManager	GrandBossManager: Baium(29020) status is 0
2022.10.25 12:04:23,662	INFO	1	org.l2jmobius.gameserver.instancemanager.GrandBossManager	GrandBossManager: Valakas(29028) status is 3
2022.10.25 12:04:23,671	INFO	1	org.l2jmobius.gameserver.instancemanager.GrandBossManager	GrandBossManager: Next spawn date of Valakas is Sat Nov 05 16:32:22 MSK 2022
2022.10.25 12:04:23,671	INFO	1	org.l2jmobius.gameserver.instancemanager.GrandBossManager	GrandBossManager: Antharas(29068) status is 0
2022.10.25 12:04:23,671	INFO	1	org.l2jmobius.gameserver.instancemanager.GrandBossManager	GrandBossManager: Beleth(29118) status is 0
2022.10.25 12:04:23,671	INFO	1	org.l2jmobius.gameserver.instancemanager.GrandBossManager	GrandBossManager: Earth Wyrm Trasken(29197) status is 0
2022.10.25 12:04:23,671	INFO	1	org.l2jmobius.gameserver.instancemanager.GrandBossManager	GrandBossManager: Lindvior(29240) status is 0
2022.10.25 12:04:23,671	INFO	1	org.l2jmobius.gameserver.instancemanager.GrandBossManager	GrandBossManager: Helios(29305) status is 0
2022.10.25 12:04:23,671	INFO	1	org.l2jmobius.gameserver.instancemanager.GrandBossManager	GrandBossManager: Orfen(29325) status is 1
2022.10.25 12:04:23,672	INFO	1	org.l2jmobius.gameserver.instancemanager.GrandBossManager	GrandBossManager: Next spawn date of Orfen is Thu Oct 27 15:58:12 MSK 2022
2022.10.25 12:04:23,672	INFO	1	org.l2jmobius.gameserver.instancemanager.GrandBossManager	GrandBossManager: Lilith(29336) status is 2
2022.10.25 12:04:23,672	INFO	1	org.l2jmobius.gameserver.instancemanager.GrandBossManager	GrandBossManager: Next spawn date of Lilith is Thu Oct 27 21:00:08 MSK 2022
2022.10.25 12:04:23,672	INFO	1	org.l2jmobius.gameserver.instancemanager.GrandBossManager	GrandBossManager: Anakim(29348) status is 0
2022.10.25 12:04:23,672	INFO	1	org.l2jmobius.gameserver.instancemanager.GrandBossManager	GrandBossManager: Queen Ant(29381) status is 1
2022.10.25 12:04:23,672	INFO	1	org.l2jmobius.gameserver.instancemanager.GrandBossManager	GrandBossManager: Next spawn date of Queen Ant is Wed Oct 26 08:56:04 MSK 2022
2022.10.25 12:04:23,672	INFO	1	org.l2jmobius.gameserver.instancemanager.GrandBossManager	GrandBossManager: Loaded 14 instances.
2022.10.25 12:04:23,679	INFO	1	org.l2jmobius.commons.util.IXmlReader	HomunculusData: Loaded 30 templates.
2022.10.25 12:04:23,683	INFO	1	org.l2jmobius.commons.util.IXmlReader	HomunculusSlotData: Loaded 9 templates.
2022.10.25 12:04:23,687	INFO	1	org.l2jmobius.commons.util.IXmlReader	HomunculusCreationData: Loaded 2 templates.
2022.10.25 12:04:23,688	INFO	1	org.l2jmobius.gameserver.GameServer	------------------------------------------------=[ Instance ]
2022.10.25 12:04:23,688	INFO	1	org.l2jmobius.gameserver.GameServer	------------------------------------------------=[ Olympiad ]
2022.10.25 12:04:23,698	INFO	1	org.l2jmobius.gameserver.model.olympiad.Olympiad	Olympiad System: Loading....
2022.10.25 12:04:23,698	INFO	1	org.l2jmobius.gameserver.model.olympiad.Olympiad	Olympiad System: Currently in Olympiad Period
2022.10.25 12:04:23,702	INFO	1	org.l2jmobius.gameserver.model.olympiad.Olympiad	Olympiad System: 40315 minutes until period ends
2022.10.25 12:04:23,703	INFO	1	org.l2jmobius.gameserver.model.olympiad.Olympiad	Olympiad System: Next weekly change is in 7688 minutes
2022.10.25 12:04:23,703	INFO	1	org.l2jmobius.gameserver.model.olympiad.Olympiad	Olympiad System: Loaded 1 Nobles
2022.10.25 12:04:23,709	INFO	1	org.l2jmobius.gameserver.model.olympiad.Olympiad	Olympiad System: Competition Period Starts in 3 days, 7 hours and 56 mins.
2022.10.25 12:04:23,710	INFO	1	org.l2jmobius.gameserver.model.olympiad.Olympiad	Olympiad System: Event starts/started: Fri Oct 28 20:00:23 MSK 2022
2022.10.25 12:04:23,716	INFO	1	org.l2jmobius.gameserver.model.olympiad.Hero	Hero System: Loaded 0 Heroes.
2022.10.25 12:04:23,716	INFO	1	org.l2jmobius.gameserver.model.olympiad.Hero	Hero System: Loaded 0 all time Heroes.
2022.10.25 12:04:23,716	INFO	1	org.l2jmobius.gameserver.GameServer	---------------------------------------------------=[ Cache ]
2022.10.25 12:04:23,718	INFO	1	org.l2jmobius.gameserver.cache.HtmCache	Html cache start...
2022.10.25 12:04:24,947	INFO	1	org.l2jmobius.gameserver.cache.HtmCache	Cache[HTML]: 4,230 megabytes on 6376 files loaded.
2022.10.25 12:04:24,949	INFO	1	org.l2jmobius.gameserver.data.sql.CrestTable	CrestTable: Loaded 0 Crests.
2022.10.25 12:04:24,954	INFO	1	org.l2jmobius.gameserver.data.xml.TeleportListData	TeleportListData: Loaded 102 teleports.
2022.10.25 12:04:25,909	INFO	1	org.l2jmobius.gameserver.data.xml.TeleporterData	TeleporterData: Loaded 168 npc teleporters.
2022.10.25 12:04:25,914	INFO	1	org.l2jmobius.gameserver.data.xml.TimedHuntingZoneData	TimedHuntingZoneData: Loaded 8 timed hunting zones.
2022.10.25 12:04:25,925	INFO	1	org.l2jmobius.gameserver.instancemanager.CursedWeaponsManager	CursedWeaponsManager: Loaded 2 cursed weapons.
2022.10.25 12:04:26,587	INFO	1	org.l2jmobius.gameserver.data.xml.TransformData	TransformData: Loaded 180 transform templates.
2022.10.25 12:04:26,600	INFO	1	org.l2jmobius.gameserver.data.BotReportTable	BotReportTable: Loaded 0 bot reports
2022.10.25 12:04:26,612	INFO	1	org.l2jmobius.gameserver.instancemanager.SellBuffsManager	SellBuffsManager: Loaded 145 allowed buffs.
2022.10.25 12:04:26,612	INFO	1	org.l2jmobius.gameserver.GameServer	-------------------------------------------------=[ Scripts ]
2022.10.25 12:04:26,623	INFO	1	org.l2jmobius.gameserver.instancemanager.AirShipManager	AirShipManager: Loaded 0 private airships
2022.10.25 12:04:26,633	INFO	1	org.l2jmobius.gameserver.data.xml.ShuttleData	ShuttleData: Loaded 3 shuttles.
2022.10.25 12:04:26,634	INFO	1	org.l2jmobius.gameserver.GameServer	GameServer: Loading server scripts:
2022.10.25 12:04:30,130	INFO	1	handlers.MasterHandler	Loading Handlers...
2022.10.25 12:04:30,274	INFO	1	handlers.MasterHandler	ActionHandler: Loaded 10 handlers.
2022.10.25 12:04:30,275	INFO	1	handlers.MasterHandler	ActionShiftHandler: Loaded 6 handlers.
2022.10.25 12:04:30,275	INFO	1	handlers.MasterHandler	AdminCommandHandler: Loaded 461 handlers.
2022.10.25 12:04:30,275	INFO	1	handlers.MasterHandler	BypassHandler: Loaded 30 handlers.
2022.10.25 12:04:30,275	INFO	1	handlers.MasterHandler	ChatHandler: Loaded 14 handlers.
2022.10.25 12:04:30,275	INFO	1	handlers.MasterHandler	CommunityBoardHandler: Loaded 24 handlers.
2022.10.25 12:04:30,275	INFO	1	handlers.MasterHandler	ItemHandler: Loaded 33 handlers.
2022.10.25 12:04:30,275	INFO	1	handlers.MasterHandler	PunishmentHandler: Loaded 3 handlers.
2022.10.25 12:04:30,275	INFO	1	handlers.MasterHandler	UserCommandHandler: Loaded 16 handlers.
2022.10.25 12:04:30,276	INFO	1	handlers.MasterHandler	VoicedCommandHandler: Loaded 7 handlers.
2022.10.25 12:04:30,276	INFO	1	handlers.MasterHandler	TargetHandler: Loaded 21 handlers.
2022.10.25 12:04:30,276	INFO	1	handlers.MasterHandler	AffectObjectHandler: Loaded 11 handlers.
2022.10.25 12:04:30,276	INFO	1	handlers.MasterHandler	AffectScopeHandler: Loaded 19 handlers.
2022.10.25 12:04:30,277	INFO	1	handlers.MasterHandler	PlayerActionHandler: Loaded 24 handlers.
2022.10.25 12:04:30,302	INFO	1	handlers.MasterHandler	Handlers Loaded...
2022.10.25 12:04:37,628	INFO	1	ai.areas.FantasyIsle.HandysBlockCheckerEvent	Handy's Block Checker Event is enabled
2022.10.25 12:04:37,638	INFO	1	ai.areas.FantasyIsle.Parade	Fantasy Isle: Parade starting at 2022/10/25 13:20 and is scheduled each next 1 hours.
2022.10.25 12:04:37,643	INFO	1	ai.areas.FantasyIsle.TalentShow	Fantasy Isle: MC show script starting at 26/10/2022 08:07:37 and is scheduled each next 4 hours.
2022.10.25 12:04:37,926	INFO	1	org.l2jmobius.gameserver.instancemanager.GrandBossManager	GrandBossManager: Updated Anakim(29348) status to 0.
2022.10.25 12:04:37,987	INFO	1	org.l2jmobius.gameserver.instancemanager.GrandBossManager	GrandBossManager: Updated Etis van Etina(29318) status to 0.
2022.10.25 12:04:38,017	INFO	1	org.l2jmobius.gameserver.instancemanager.GrandBossManager	GrandBossManager: Updated Fafurion(19740) status to 0.
2022.10.25 12:04:38,041	INFO	1	org.l2jmobius.gameserver.instancemanager.GrandBossManager	GrandBossManager: Updated Helios(29305) status to 0.
2022.10.25 12:04:38,075	INFO	1	org.l2jmobius.gameserver.instancemanager.GrandBossManager	GrandBossManager: Updated Lindvior(29240) status to 0.
2022.10.25 12:04:38,123	INFO	1	ai.bosses.Tiat.Stage1	[Seed of Destruction] Loaded 51 spawn zones data.
2022.10.25 12:04:38,185	INFO	1	ai.others.ClassMaster.ClassMaster	ClassMaster: Loaded 0 class change options.
2022.10.25 12:04:38,288	INFO	1	ai.others.MentorGuide.MentorGuide	MentorGuide: Loaded 4 mentee coins
2022.10.25 12:04:38,304	INFO	1	ai.others.NpcBuffers.NpcBuffersData	NpcBuffersData: Loaded 6 buffers data.
2022.10.25 12:04:38,408	INFO	1	org.l2jmobius.gameserver.model.quest.Quest	Event Balthus Event has passed... Ignored 
2022.10.25 12:04:38,412	INFO	1	org.l2jmobius.gameserver.model.quest.Quest	Event Birth of Draco has passed... Ignored 
2022.10.25 12:04:38,417	INFO	1	org.l2jmobius.gameserver.model.quest.Quest	Event Dragon Slayer has passed... Ignored 
2022.10.25 12:04:38,424	INFO	1	org.l2jmobius.gameserver.model.quest.Quest	Event Dream Maker has passed... Ignored 
2022.10.25 12:04:38,449	INFO	1	org.l2jmobius.gameserver.model.quest.Quest	Event Eve the Fortune Teller active till Tue Dec 18 00:00:00 MSK 2029
2022.10.25 12:04:38,454	INFO	1	org.l2jmobius.gameserver.model.quest.Quest	Event Freya Celebration has passed... Ignored 
2022.10.25 12:04:38,459	INFO	1	org.l2jmobius.gameserver.model.quest.Quest	Event Gift of Vitality has passed... Ignored 
2022.10.25 12:04:38,463	INFO	1	org.l2jmobius.gameserver.model.quest.Quest	Event Halloween has passed... Ignored 
2022.10.25 12:04:38,468	INFO	1	org.l2jmobius.gameserver.model.quest.Quest	Event Heavy Medal has passed... Ignored 
2022.10.25 12:04:38,471	INFO	1	org.l2jmobius.gameserver.model.quest.Quest	Event Hungry Horse has passed... Ignored 
2022.10.25 12:04:38,482	INFO	1	org.l2jmobius.gameserver.model.quest.Quest	Event Hunt for Santa has passed... Ignored 
2022.10.25 12:04:38,490	INFO	1	org.l2jmobius.gameserver.model.quest.Quest	Event Legend's Mark has passed... Ignored 
2022.10.25 12:04:38,495	INFO	1	org.l2jmobius.gameserver.model.quest.Quest	Event Letter Collector has passed... Ignored 
2022.10.25 12:04:38,500	INFO	1	org.l2jmobius.gameserver.model.quest.Quest	Event Lovers Jubilee has passed... Ignored 
2022.10.25 12:04:38,514	INFO	1	org.l2jmobius.gameserver.model.quest.Quest	Event Love Your Gatekeeper has passed... Ignored 
2022.10.25 12:04:38,518	INFO	1	org.l2jmobius.gameserver.model.quest.Quest	Event Master of Enchanting has passed... Ignored 
2022.10.25 12:04:38,528	INFO	1	org.l2jmobius.gameserver.model.quest.Quest	Event Red Libra has passed... Ignored 
2022.10.25 12:04:38,538	INFO	1	org.l2jmobius.gameserver.model.quest.Quest	Event Rudolphs Blessing has passed... Ignored 
2022.10.25 12:04:38,548	INFO	1	org.l2jmobius.gameserver.model.quest.Quest	Event Saving Santa has passed... Ignored 
2022.10.25 12:04:38,551	INFO	1	org.l2jmobius.gameserver.model.quest.Quest	Event The Power Of Love has passed... Ignored 
2022.10.25 12:04:38,555	INFO	1	org.l2jmobius.gameserver.model.quest.Quest	Event Training with Dandy has passed... Ignored 
2022.10.25 12:04:38,789	INFO	1	org.l2jmobius.gameserver.data.xml.SpawnData	SpawnData: Initializing spawns...
2022.10.25 12:04:39,278	INFO	1	org.l2jmobius.gameserver.instancemanager.DBSpawnManager	DBSpawnManager: Loaded 32 instances.
2022.10.25 12:04:39,278	INFO	1	org.l2jmobius.gameserver.instancemanager.DBSpawnManager	DBSpawnManager: Scheduled 1 instances.
2022.10.25 12:04:56,172	INFO	1	org.l2jmobius.gameserver.data.xml.SpawnData	SpawnData: All spawns has been initialized!
2022.10.25 12:04:56,181	INFO	1	org.l2jmobius.gameserver.GameServer	---------------------------------------------------=[ Siege ]
2022.10.25 12:04:56,190	INFO	1	org.l2jmobius.gameserver.model.siege.Siege	Siege of Gludio: Sun Nov 06 16:00:00 MSK 2022
2022.10.25 12:04:56,192	INFO	1	org.l2jmobius.gameserver.model.siege.Siege	Siege of Dion: Sun Nov 06 20:00:00 MSK 2022
2022.10.25 12:04:56,193	INFO	1	org.l2jmobius.gameserver.model.siege.Siege	Siege of Giran: Sun Nov 06 16:00:00 MSK 2022
2022.10.25 12:04:56,194	INFO	1	org.l2jmobius.gameserver.model.siege.Siege	Siege of Oren: Sun Nov 06 20:00:00 MSK 2022
2022.10.25 12:04:56,195	INFO	1	org.l2jmobius.gameserver.model.siege.Siege	Siege of Aden: Sun Nov 06 16:00:00 MSK 2022
2022.10.25 12:04:56,195	INFO	1	org.l2jmobius.gameserver.model.siege.Siege	Siege of Innadril: Sun Nov 06 20:00:00 MSK 2022
2022.10.25 12:04:56,198	INFO	1	org.l2jmobius.gameserver.model.siege.Siege	Siege of Goddard: Sun Nov 06 16:00:00 MSK 2022
2022.10.25 12:04:56,199	INFO	1	org.l2jmobius.gameserver.model.siege.Siege	Siege of Rune: Sun Nov 06 20:00:00 MSK 2022
2022.10.25 12:04:56,200	INFO	1	org.l2jmobius.gameserver.model.siege.Siege	Siege of Schuttgart: Sun Nov 06 16:00:00 MSK 2022
2022.10.25 12:04:56,348	INFO	1	org.l2jmobius.gameserver.instancemanager.FortManager	FortManager: Loaded 20 fortress.
2022.10.25 12:04:56,458	INFO	1	org.l2jmobius.gameserver.data.xml.SiegeScheduleData	SiegeScheduleData: Loaded 9 siege schedulers.
2022.10.25 12:04:56,474	INFO	1	org.l2jmobius.gameserver.instancemanager.CastleManorManager	CastleManorManager: Loaded 258 seeds.
2022.10.25 12:04:56,486	INFO	1	org.l2jmobius.gameserver.instancemanager.CastleManorManager	CastleManorManager: Manor data loaded.
2022.10.25 12:04:56,514	INFO	1	org.l2jmobius.gameserver.instancemanager.SiegeGuardManager	SiegeGuardManager: Loaded 0 siege guards tickets.
2022.10.25 12:04:56,514	INFO	1	org.l2jmobius.gameserver.instancemanager.QuestManager	QuestManager: Loaded 56 quests.
2022.10.25 12:04:56,515	INFO	1	org.l2jmobius.gameserver.instancemanager.QuestManager	QuestManager: Loaded 428 scripts.
2022.10.25 12:04:56,526	INFO	1	org.l2jmobius.gameserver.taskmanager.TaskManager	TaskManager: Loaded 5 Tasks.
2022.10.25 12:04:56,529	INFO	1	org.l2jmobius.gameserver.instancemanager.DailyTaskManager	DailyTaskManager: Next schedule at 26/10 06:30.
2022.10.25 12:04:56,534	INFO	1	org.l2jmobius.gameserver.instancemanager.MailManager	MailManager: Loaded 0 messages.
2022.10.25 12:04:56,537	INFO	1	org.l2jmobius.gameserver.instancemanager.PunishmentManager	PunishmentManager: Loaded 0 active and 0 expired punishments.
2022.10.25 12:04:56,538	INFO	1	org.l2jmobius.gameserver.GameServer	IdManager: Free ObjectID's remaining: 1878974064
2022.10.25 12:04:56,541	INFO	1	org.l2jmobius.gameserver.data.sql.OfflineTraderTable	OfflineTraderTable: Loading offline traders...
2022.10.25 12:04:56,542	INFO	1	org.l2jmobius.gameserver.data.sql.OfflineTraderTable	OfflineTraderTable: Loaded 0 offline traders.
2022.10.25 12:04:57,839	INFO	1	org.l2jmobius.gameserver.GameServer	GameServer: Started, using 2723 of 6144 MB total memory.
2022.10.25 12:04:57,845	INFO	1	org.l2jmobius.gameserver.GameServer	GameServer: Maximum number of connected players is 2000.
2022.10.25 12:04:57,850	INFO	1	org.l2jmobius.gameserver.GameServer	GameServer: Server loaded in 71 seconds.
2022.10.25 12:04:58,045	INFO	1	org.l2jmobius.commons.network.NetworkManager	ClientNetworkManager: Listening on 192.168.1.66:7777
2022.10.25 12:04:58,060	INFO	58	org.l2jmobius.gameserver.LoginServerThread	LoginServerThread: Connecting to login on 192.168.1.66:9014
2022.10.25 12:04:58,136	INFO	58	org.l2jmobius.gameserver.LoginServerThread	LoginServerThread: Registered on login as Server 2: Sieghardt
2022.10.25 12:08:55,257	WARNING	60	org.l2jmobius.gameserver.model.actor.Creature	Master access level set for character АЛ-Акир! Just a warning to be careful ;)
2022.10.25 12:08:55,860	WARNING	60	org.l2jmobius.gameserver.data.xml.SkillData	SkillData: Call to unexisting skill level id: 29394 requested level: 8 max level: 6.
2022.10.25 12:34:56,892	INFO	35	org.l2jmobius.gameserver.instancemanager.GlobalVariablesManager	GlobalVariablesManager: Stored 13 variables.
2022.10.25 12:43:53,179	WARNING	60	org.l2jmobius.gameserver.model.actor.Creature	Master access level set for character АЛ-Акир! Just a warning to be careful ;)
2022.10.25 12:47:39,247	WARNING	80	org.l2jmobius.gameserver.model.actor.Creature	Master access level set for character Admin! Just a warning to be careful ;)
2022.10.25 12:48:00,080	INFO	22	org.l2jmobius.gameserver.ui.SystemPanel	New maximum connected count of 2!
2022.10.25 13:04:56,860	INFO	32	org.l2jmobius.gameserver.instancemanager.GlobalVariablesManager	GlobalVariablesManager: Stored 13 variables.
2022.10.25 13:07:59,298	WARNING	60	org.l2jmobius.gameserver.model.actor.Creature	Master access level set for character АЛ-Акир! Just a warning to be careful ;)
2022.10.25 13:17:21,545	WARNING	60	org.l2jmobius.gameserver.model.actor.Creature	Master access level set for character АЛ-Акир! Just a warning to be careful ;)
2022.10.25 13:19:07,401	WARNING	60	org.l2jmobius.gameserver.model.actor.Creature	Master access level set for character АЛ-Акир! Just a warning to be careful ;)
2022.10.25 13:19:17,080	WARNING	109	org.l2jmobius.gameserver.model.actor.Creature	Master access level set for character Admin! Just a warning to be careful ;)
2022.10.25 13:26:21,784	WARNING	49	org.l2jmobius.gameserver.network.PacketLogger	NpcHtmlMessage: Missing html page data/html/default/19606.htm
2022.10.25 13:26:58,946	WARNING	47	org.l2jmobius.gameserver.network.PacketLogger	NpcHtmlMessage: Missing html page data/html/default/19606.htm
2022.10.25 13:28:28,506	WARNING	45	org.l2jmobius.gameserver.network.PacketLogger	NpcHtmlMessage: Missing html page data/html/default/19606.htm
2022.10.25 13:31:52,051	WARNING	60	org.l2jmobius.gameserver.network.PacketLogger	NpcHtmlMessage: Missing html page data/html/default/19606.htm
2022.10.25 13:33:13,871	WARNING	51	org.l2jmobius.gameserver.network.PacketLogger	NpcHtmlMessage: Missing html page data/html/default/19606.htm
2022.10.25 13:33:15,906	WARNING	60	org.l2jmobius.gameserver.network.PacketLogger	NpcHtmlMessage: Missing html page data/html/default/19606.htm
2022.10.25 13:34:43,855	WARNING	45	org.l2jmobius.gameserver.network.PacketLogger	NpcHtmlMessage: Missing html page data/html/default/19606.htm
2022.10.25 13:34:56,890	INFO	34	org.l2jmobius.gameserver.instancemanager.GlobalVariablesManager	GlobalVariablesManager: Stored 13 variables.
2022.10.25 13:54:19,741	WARNING	109	org.l2jmobius.gameserver.network.PacketLogger	NpcHtmlMessage: Missing html page data/html/default/19606.htm
2022.10.25 13:54:44,930	WARNING	109	org.l2jmobius.gameserver.network.PacketLogger	NpcHtmlMessage: Missing html page data/html/default/19606.htm
2022.10.25 14:01:18,657	WARNING	60	org.l2jmobius.gameserver.handler.AdminCommandHandler	No handler registered for admin command 'admin_listinstances'
2022.10.25 14:04:56,946	INFO	33	org.l2jmobius.gameserver.instancemanager.GlobalVariablesManager	GlobalVariablesManager: Stored 13 variables.
2022.10.25 14:27:41,598	WARNING	60	org.l2jmobius.gameserver.data.xml.SkillData	SkillData: Call to unexisting skill level id: 29394 requested level: 7 max level: 6.
2022.10.25 14:27:41,866	WARNING	60	org.l2jmobius.gameserver.data.xml.SkillData	SkillData: Call to unexisting skill level id: 29395 requested level: 8 max level: 6.
2022.10.25 14:27:41,867	WARNING	60	org.l2jmobius.gameserver.data.xml.SkillData	SkillData: Call to unexisting skill level id: 29393 requested level: 8 max level: 6.
2022.10.25 14:34:56,847	INFO	33	org.l2jmobius.gameserver.instancemanager.GlobalVariablesManager	GlobalVariablesManager: Stored 13 variables.
2022.10.25 14:38:03,543	WARNING	50	org.l2jmobius.gameserver.data.SpawnTable	SpawnTable: Spawn Spawn ID: 34485 X: 83360 Y: 148376 Z: -3408 Heading: 20938 could not be removed from the spawn XML files: java.io.FileNotFoundException: data\spawns\Others\22_22.xml (Не удается найти указанный файл)
2022.10.25 14:51:05,867	INFO	20	org.l2jmobius.gameserver.cache.HtmCache	Html cache start...
2022.10.25 14:51:06,068	WARNING	20	org.l2jmobius.gameserver.cache.HtmCache	HTML encoding check: File data/html/CommunityBoard/Custom/home.html contains non ASCII content.
2022.10.25 14:51:07,490	INFO	20	org.l2jmobius.gameserver.cache.HtmCache	Cache[HTML]: 4,237 megabytes on 6376 files loaded.
2022.10.25 14:52:03,812	WARNING	60	org.l2jmobius.gameserver.network.PacketLogger	[Character: АЛ-Акир[268513303] - Account: snak - IP: 46.242.9.230] sent not handled RequestBypassToServer: [_bbspremium;30]
2022.10.25 14:52:07,840	INFO	20	org.l2jmobius.gameserver.cache.HtmCache	Html cache start...
2022.10.25 14:52:07,951	WARNING	20	org.l2jmobius.gameserver.cache.HtmCache	HTML encoding check: File data/html/CommunityBoard/Custom/home.html contains non ASCII content.
2022.10.25 14:52:09,148	INFO	20	org.l2jmobius.gameserver.cache.HtmCache	Cache[HTML]: 4,244 megabytes on 6376 files loaded.
2022.10.25 14:52:28,806	INFO	20	org.l2jmobius.gameserver.cache.HtmCache	Html cache start...
2022.10.25 14:52:28,914	WARNING	20	org.l2jmobius.gameserver.cache.HtmCache	HTML encoding check: File data/html/CommunityBoard/Custom/home.html contains non ASCII content.
2022.10.25 14:52:29,973	INFO	20	org.l2jmobius.gameserver.cache.HtmCache	Cache[HTML]: 4,251 megabytes on 6376 files loaded.
2022.10.25 14:55:51,453	WARNING	109	org.l2jmobius.gameserver.network.PacketLogger	[Character: Admin[268511586] - Account: admin - IP: 128.0.131.163] sent not handled RequestBypassToServer: [_bbspremium;1]
2022.10.25 14:58:19,959	INFO	49	org.l2jmobius.gameserver.instancemanager.GraciaSeedsManager	GraciaSeedsManager: New Seed of Destruction state -> 1.
2022.10.25 14:58:22,627	INFO	48	org.l2jmobius.gameserver.instancemanager.GraciaSeedsManager	GraciaSeedsManager: New Seed of Destruction state -> 3.
2022.10.25 14:58:22,628	INFO	48	org.l2jmobius.gameserver.instancemanager.GraciaSeedsManager	GraciaSeedsManager: New Seed of Destruction state -> 1.
2022.10.25 14:58:45,367	INFO	20	org.l2jmobius.gameserver.cache.HtmCache	Html cache start...
2022.10.25 14:58:45,473	WARNING	20	org.l2jmobius.gameserver.cache.HtmCache	HTML encoding check: File data/html/CommunityBoard/Custom/home.html contains non ASCII content.
2022.10.25 14:58:45,474	WARNING	20	org.l2jmobius.gameserver.cache.HtmCache	HTML encoding check: File data/html/CommunityBoard/Custom/navigation.html contains non ASCII content.
2022.10.25 14:58:46,508	INFO	20	org.l2jmobius.gameserver.cache.HtmCache	Cache[HTML]: 4,258 megabytes on 6376 files loaded.
2022.10.25 15:04:56,875	INFO	32	org.l2jmobius.gameserver.instancemanager.GlobalVariablesManager	GlobalVariablesManager: Stored 13 variables.
2022.10.25 15:05:43,218	WARNING	60	org.l2jmobius.gameserver.handler.AdminCommandHandler	No handler registered for admin command 'admin_Ехён'
2022.10.25 15:05:43,226	WARNING	60	org.l2jmobius.gameserver.handler.AdminCommandHandler	No handler registered for admin command 'admin_№«Аы'
2022.10.25 15:05:43,226	WARNING	60	org.l2jmobius.gameserver.handler.AdminCommandHandler	No handler registered for admin command 'admin_јУµµ'
2022.10.25 15:07:26,930	INFO	20	org.l2jmobius.gameserver.cache.HtmCache	Html cache start...
2022.10.25 15:07:27,038	WARNING	20	org.l2jmobius.gameserver.cache.HtmCache	HTML encoding check: File data/html/CommunityBoard/Custom/home.html contains non ASCII content.
2022.10.25 15:07:27,039	WARNING	20	org.l2jmobius.gameserver.cache.HtmCache	HTML encoding check: File data/html/CommunityBoard/Custom/merchant/main.html contains non ASCII content.
2022.10.25 15:07:27,040	WARNING	20	org.l2jmobius.gameserver.cache.HtmCache	HTML encoding check: File data/html/CommunityBoard/Custom/navigation.html contains non ASCII content.
2022.10.25 15:07:28,188	INFO	20	org.l2jmobius.gameserver.cache.HtmCache	Cache[HTML]: 4,265 megabytes on 6376 files loaded.
2022.10.25 15:08:21,607	WARNING	60	org.l2jmobius.gameserver.model.actor.Creature	Master access level set for character АЛ-Акир! Just a warning to be careful ;)
2022.10.25 15:10:04,565	WARNING	60	org.l2jmobius.gameserver.handler.AdminCommandHandler	No handler registered for admin command 'admin_Ехён'
2022.10.25 15:10:04,573	WARNING	60	org.l2jmobius.gameserver.handler.AdminCommandHandler	No handler registered for admin command 'admin_№«Аы'
2022.10.25 15:10:04,573	WARNING	60	org.l2jmobius.gameserver.handler.AdminCommandHandler	No handler registered for admin command 'admin_јУµµ'
2022.10.25 15:10:16,847	WARNING	60	org.l2jmobius.gameserver.model.actor.Creature	Master access level set for character АЛ-Акир! Just a warning to be careful ;)
2022.10.25 15:17:28,342	WARNING	60	org.l2jmobius.gameserver.handler.AdminCommandHandler	No handler registered for admin command 'admin_»эјє'
2022.10.25 15:18:07,252	WARNING	60	org.l2jmobius.gameserver.handler.AdminCommandHandler	No handler registered for admin command 'admin_»эјє2'
2022.10.25 15:23:34,442	WARNING	60	org.l2jmobius.gameserver.handler.AdminCommandHandler	No handler registered for admin command 'admin_debug'
2022.10.25 15:23:41,774	WARNING	60	org.l2jmobius.gameserver.handler.AdminCommandHandler	No handler registered for admin command 'admin_debug'
2022.10.25 15:24:19,347	WARNING	60	org.l2jmobius.gameserver.handler.AdminCommandHandler	No handler registered for admin command 'admin_setai'
2022.10.25 15:24:24,887	WARNING	60	org.l2jmobius.gameserver.handler.AdminCommandHandler	No handler registered for admin command 'admin_come_to_me'
2022.10.25 15:24:27,098	WARNING	60	org.l2jmobius.gameserver.handler.AdminCommandHandler	No handler registered for admin command 'admin_come_to_me'
2022.10.25 15:24:33,325	WARNING	60	org.l2jmobius.gameserver.handler.AdminCommandHandler	No handler registered for admin command 'admin_killnpc'
2022.10.25 15:25:24,803	WARNING	60	org.l2jmobius.gameserver.handler.AdminCommandHandler	No handler registered for admin command 'admin_skill_master'
2022.10.25 15:25:24,844	WARNING	60	org.l2jmobius.gameserver.handler.AdminCommandHandler	No handler registered for admin command 'admin_skill_master'
2022.10.25 15:25:26,223	WARNING	60	org.l2jmobius.gameserver.handler.AdminCommandHandler	No handler registered for admin command 'admin_skill_master'
2022.10.25 15:25:26,264	WARNING	60	org.l2jmobius.gameserver.handler.AdminCommandHandler	No handler registered for admin command 'admin_skill_master'
2022.10.25 15:34:56,858	INFO	34	org.l2jmobius.gameserver.instancemanager.GlobalVariablesManager	GlobalVariablesManager: Stored 13 variables.
2022.10.25 15:57:30,961	INFO	20	org.l2jmobius.gameserver.cache.HtmCache	Html cache start...
2022.10.25 15:57:31,109	WARNING	20	org.l2jmobius.gameserver.cache.HtmCache	HTML encoding check: File data/html/CommunityBoard/Custom/home.html contains non ASCII content.
2022.10.25 15:57:31,110	WARNING	20	org.l2jmobius.gameserver.cache.HtmCache	HTML encoding check: File data/html/CommunityBoard/Custom/merchant/main.html contains non ASCII content.
2022.10.25 15:57:31,111	WARNING	20	org.l2jmobius.gameserver.cache.HtmCache	HTML encoding check: File data/html/CommunityBoard/Custom/navigation.html contains non ASCII content.
2022.10.25 15:57:32,426	INFO	20	org.l2jmobius.gameserver.cache.HtmCache	Cache[HTML]: 4,272 megabytes on 6376 files loaded.
2022.10.25 16:04:57,059	INFO	33	org.l2jmobius.gameserver.instancemanager.GlobalVariablesManager	GlobalVariablesManager: Stored 13 variables.
2022.10.25 16:25:24,183	WARNING	60	org.l2jmobius.gameserver.model.actor.Creature	Master access level set for character МОЕЙ ВОЛИ! Just a warning to be careful ;)
2022.10.25 16:34:57,071	INFO	32	org.l2jmobius.gameserver.instancemanager.GlobalVariablesManager	GlobalVariablesManager: Stored 13 variables.
2022.10.25 17:04:57,049	INFO	33	org.l2jmobius.gameserver.instancemanager.GlobalVariablesManager	GlobalVariablesManager: Stored 13 variables.
2022.10.25 17:34:57,248	INFO	35	org.l2jmobius.gameserver.instancemanager.GlobalVariablesManager	GlobalVariablesManager: Stored 13 variables.
2022.10.25 18:04:57,266	INFO	35	org.l2jmobius.gameserver.instancemanager.GlobalVariablesManager	GlobalVariablesManager: Stored 13 variables.
2022.10.25 18:34:57,676	INFO	34	org.l2jmobius.gameserver.instancemanager.GlobalVariablesManager	GlobalVariablesManager: Stored 13 variables.
2022.10.25 19:04:57,052	INFO	33	org.l2jmobius.gameserver.instancemanager.GlobalVariablesManager	GlobalVariablesManager: Stored 13 variables.
2022.10.25 19:34:57,352	INFO	35	org.l2jmobius.gameserver.instancemanager.GlobalVariablesManager	GlobalVariablesManager: Stored 13 variables.
2022.10.25 20:04:57,230	INFO	33	org.l2jmobius.gameserver.instancemanager.GlobalVariablesManager	GlobalVariablesManager: Stored 13 variables.
2022.10.25 20:34:57,210	INFO	32	org.l2jmobius.gameserver.instancemanager.GlobalVariablesManager	GlobalVariablesManager: Stored 13 variables.
2022.10.25 21:04:57,436	INFO	35	org.l2jmobius.gameserver.instancemanager.GlobalVariablesManager	GlobalVariablesManager: Stored 13 variables.
2022.10.25 21:34:57,582	INFO	33	org.l2jmobius.gameserver.instancemanager.GlobalVariablesManager	GlobalVariablesManager: Stored 13 variables.
2022.10.25 21:34:58,356	WARNING	80	org.l2jmobius.gameserver.model.actor.Creature	Master access level set for character АЛ-Акир! Just a warning to be careful ;)
2022.10.25 21:39:02,001	WARNING	51	org.l2jmobius.gameserver.model.quest.Quest	F:\l2ServerMain\game\data\scripts\ai\bosses\Fafurion\Fafurion.java
2022.10.25 21:48:36,870	WARNING	80	org.l2jmobius.gameserver.model.actor.Creature	Master access level set for character АЛ-Акир! Just a warning to be careful ;)
2022.10.25 21:50:44,709	WARNING	44	org.l2jmobius.gameserver.data.SpawnTable	SpawnTable: Spawn Spawn ID: 13383 X: -8146 Y: 182682 Z: -3656 Heading: 8657 could not be removed from the spawn XML files: java.io.FileNotFoundException: data\spawns\Others\19_23.xml (Не удается найти указанный файл)
2022.10.25 21:51:00,956	INFO	45	org.l2jmobius.gameserver.instancemanager.GrandBossManager	GrandBossManager: Updated Queen Ant(29381) status to 1.
2022.10.25 21:51:29,314	WARNING	48	org.l2jmobius.gameserver.data.SpawnTable	SpawnTable: Spawn Spawn ID: 29381 X: -8439 Y: 182495 Z: -3656 Heading: 38693 could not be removed from the spawn XML files: java.io.FileNotFoundException: data\spawns\Others\19_23.xml (Не удается найти указанный файл)
2022.10.25 21:52:06,030	INFO	44	org.l2jmobius.gameserver.instancemanager.GrandBossManager	GrandBossManager: Updated Orfen(29325) status to 1.
2022.10.25 21:52:15,916	WARNING	44	org.l2jmobius.gameserver.data.SpawnTable	SpawnTable: Spawn Spawn ID: 29325 X: -8479 Y: 182097 Z: -3640 Heading: 45714 could not be removed from the spawn XML files: java.io.FileNotFoundException: data\spawns\Others\19_23.xml (Не удается найти указанный файл)
2022.10.25 22:04:56,851	INFO	33	org.l2jmobius.gameserver.instancemanager.GlobalVariablesManager	GlobalVariablesManager: Stored 13 variables.
2022.10.25 22:34:57,285	INFO	35	org.l2jmobius.gameserver.instancemanager.GlobalVariablesManager	GlobalVariablesManager: Stored 13 variables.
2022.10.25 22:38:45,867	WARNING	80	org.l2jmobius.gameserver.data.xml.MultisellData	Can't find list id: 3444506 requested by player: АЛ-Акир, npcId: 33803
2022.10.25 22:38:50,866	WARNING	80	org.l2jmobius.gameserver.data.xml.MultisellData	Can't find list id: 3444506 requested by player: АЛ-Акир, npcId: 33803
2022.10.25 22:42:29,039	INFO	42	org.l2jmobius.gameserver.instancemanager.DBSpawnManager	DBSpawnManager: Updated Andreas Van Halter respawn time to 29.10.2022 09:32
2022.10.25 23:04:57,264	INFO	33	org.l2jmobius.gameserver.instancemanager.GlobalVariablesManager	GlobalVariablesManager: Stored 13 variables.
2022.10.25 23:34:57,302	INFO	33	org.l2jmobius.gameserver.instancemanager.GlobalVariablesManager	GlobalVariablesManager: Stored 13 variables.
2022.10.26 00:04:57,223	INFO	35	org.l2jmobius.gameserver.instancemanager.GlobalVariablesManager	GlobalVariablesManager: Stored 13 variables.
2022.10.26 00:34:57,263	INFO	33	org.l2jmobius.gameserver.instancemanager.GlobalVariablesManager	GlobalVariablesManager: Stored 13 variables.
2022.10.26 01:04:57,226	INFO	34	org.l2jmobius.gameserver.instancemanager.GlobalVariablesManager	GlobalVariablesManager: Stored 13 variables.
2022.10.26 01:12:35,356	WARNING	329	org.l2jmobius.gameserver.model.actor.Creature	Master access level set for character АЛ-Акир! Just a warning to be careful ;)
2022.10.26 01:33:46,116	WARNING	329	org.l2jmobius.gameserver.model.actor.Creature	Master access level set for character АЛ-Акир! Just a warning to be careful ;)
2022.10.26 01:34:56,844	INFO	34	org.l2jmobius.gameserver.instancemanager.GlobalVariablesManager	GlobalVariablesManager: Stored 13 variables.
2022.10.26 02:04:56,821	INFO	35	org.l2jmobius.gameserver.instancemanager.GlobalVariablesManager	GlobalVariablesManager: Stored 13 variables.
2022.10.26 02:07:44,670	WARNING	329	org.l2jmobius.gameserver.model.actor.Creature	Master access level set for character АЛ-Акир! Just a warning to be careful ;)
2022.10.26 02:34:57,305	INFO	33	org.l2jmobius.gameserver.instancemanager.GlobalVariablesManager	GlobalVariablesManager: Stored 13 variables.
2022.10.26 03:04:57,237	INFO	32	org.l2jmobius.gameserver.instancemanager.GlobalVariablesManager	GlobalVariablesManager: Stored 13 variables.
2022.10.26 03:34:57,276	INFO	32	org.l2jmobius.gameserver.instancemanager.GlobalVariablesManager	GlobalVariablesManager: Stored 13 variables.
2022.10.26 04:04:57,286	INFO	32	org.l2jmobius.gameserver.instancemanager.GlobalVariablesManager	GlobalVariablesManager: Stored 13 variables.
2022.10.26 04:34:57,253	INFO	32	org.l2jmobius.gameserver.instancemanager.GlobalVariablesManager	GlobalVariablesManager: Stored 13 variables.
2022.10.26 05:04:57,352	INFO	35	org.l2jmobius.gameserver.instancemanager.GlobalVariablesManager	GlobalVariablesManager: Stored 13 variables.
2022.10.26 05:34:58,705	INFO	32	org.l2jmobius.gameserver.instancemanager.GlobalVariablesManager	GlobalVariablesManager: Stored 13 variables.
2022.10.26 06:04:58,739	INFO	35	org.l2jmobius.gameserver.instancemanager.GlobalVariablesManager	GlobalVariablesManager: Stored 13 variables.
2022.10.26 06:30:01,971	INFO	36	org.l2jmobius.gameserver.taskmanager.tasks.TaskBirthday	BirthdayManager: 0 gifts sent. [2022-10-26] - [2022-10-25]
2022.10.26 06:30:01,977	INFO	29	org.l2jmobius.gameserver.instancemanager.DailyTaskManager	Clan leaders has been updated.
2022.10.26 06:30:02,391	INFO	29	org.l2jmobius.gameserver.instancemanager.DailyTaskManager	Clan contributions has been resetted.
2022.10.26 06:30:02,393	INFO	29	org.l2jmobius.gameserver.instancemanager.DailyTaskManager	Clan Mission Rewards has been resetted.
2022.10.26 06:30:02,509	INFO	41	org.l2jmobius.gameserver.taskmanager.tasks.TaskRecom	Recommendations System reseted.
2022.10.26 06:30:02,614	INFO	29	org.l2jmobius.gameserver.instancemanager.DailyTaskManager	Weekly Special Hunting Zones has been resetted.
2022.10.26 06:30:02,652	INFO	29	org.l2jmobius.gameserver.instancemanager.DailyTaskManager	Vitality resetted
2022.10.26 06:30:02,654	INFO	29	org.l2jmobius.gameserver.instancemanager.DailyTaskManager	Attendance Rewards has been resetted.
2022.10.26 06:30:02,656	INFO	29	org.l2jmobius.gameserver.instancemanager.DailyTaskManager	Daily skill reuse cleaned.
2022.10.26 06:30:02,656	INFO	29	org.l2jmobius.gameserver.instancemanager.DailyTaskManager	Daily item reuse cleaned.
2022.10.26 06:30:02,673	INFO	29	org.l2jmobius.gameserver.instancemanager.DailyTaskManager	PrimeShopData has been resetted.
2022.10.26 06:30:02,682	INFO	29	org.l2jmobius.gameserver.instancemanager.DailyTaskManager	LimitShopData has been resetted.
2022.10.26 06:30:02,716	INFO	29	org.l2jmobius.gameserver.instancemanager.DailyTaskManager	Homunculus Reset Points has been resetted.
2022.10.26 06:30:02,840	INFO	29	org.l2jmobius.gameserver.instancemanager.DailyTaskManager	Special Hunting Zones has been resetted.
2022.10.26 06:30:02,841	INFO	29	org.l2jmobius.gameserver.instancemanager.DailyTaskManager	Throne of Heroes Entry has been resetted.
2022.10.26 06:30:02,877	INFO	29	org.l2jmobius.gameserver.instancemanager.DailyTaskManager	Daily world chat points has been resetted.
2022.10.26 06:34:58,698	INFO	34	org.l2jmobius.gameserver.instancemanager.GlobalVariablesManager	GlobalVariablesManager: Stored 14 variables.
2022.10.26 07:04:58,729	INFO	33	org.l2jmobius.gameserver.instancemanager.GlobalVariablesManager	GlobalVariablesManager: Stored 14 variables.
2022.10.26 07:34:58,711	INFO	35	org.l2jmobius.gameserver.instancemanager.GlobalVariablesManager	GlobalVariablesManager: Stored 14 variables.
2022.10.26 08:04:58,730	INFO	34	org.l2jmobius.gameserver.instancemanager.GlobalVariablesManager	GlobalVariablesManager: Stored 14 variables.
2022.10.26 08:34:58,707	INFO	35	org.l2jmobius.gameserver.instancemanager.GlobalVariablesManager	GlobalVariablesManager: Stored 14 variables.
2022.10.26 08:56:05,637	INFO	33	org.l2jmobius.gameserver.instancemanager.GrandBossManager	GrandBossManager: Updated Queen Ant(29381) status to 0.
2022.10.26 09:04:58,748	INFO	32	org.l2jmobius.gameserver.instancemanager.GlobalVariablesManager	GlobalVariablesManager: Stored 14 variables.
2022.10.26 09:34:58,684	INFO	33	org.l2jmobius.gameserver.instancemanager.GlobalVariablesManager	GlobalVariablesManager: Stored 14 variables.
2022.10.26 10:04:58,811	INFO	34	org.l2jmobius.gameserver.instancemanager.GlobalVariablesManager	GlobalVariablesManager: Stored 14 variables.
2022.10.26 10:34:58,732	INFO	35	org.l2jmobius.gameserver.instancemanager.GlobalVariablesManager	GlobalVariablesManager: Stored 14 variables.
2022.10.26 11:00:01,529	INFO	38	org.l2jmobius.gameserver.instancemanager.ClanHallAuctionManager	ClanHallAuctionManager: Clan Hall Auction has ended!
2022.10.26 11:04:58,803	INFO	34	org.l2jmobius.gameserver.instancemanager.GlobalVariablesManager	GlobalVariablesManager: Stored 14 variables.
2022.10.26 11:34:58,804	INFO	35	org.l2jmobius.gameserver.instancemanager.GlobalVariablesManager	GlobalVariablesManager: Stored 14 variables.
2022.10.26 12:04:58,539	INFO	35	org.l2jmobius.gameserver.instancemanager.GlobalVariablesManager	GlobalVariablesManager: Stored 14 variables.
2022.10.26 12:34:58,791	INFO	32	org.l2jmobius.gameserver.instancemanager.GlobalVariablesManager	GlobalVariablesManager: Stored 14 variables.
2022.10.26 13:04:58,772	INFO	32	org.l2jmobius.gameserver.instancemanager.GlobalVariablesManager	GlobalVariablesManager: Stored 14 variables.
2022.10.26 13:34:58,764	INFO	34	org.l2jmobius.gameserver.instancemanager.GlobalVariablesManager	GlobalVariablesManager: Stored 14 variables.
2022.10.26 14:04:58,749	INFO	32	org.l2jmobius.gameserver.instancemanager.GlobalVariablesManager	GlobalVariablesManager: Stored 14 variables.
2022.10.26 14:27:43,696	WARNING	80	org.l2jmobius.gameserver.model.actor.Creature	Master access level set for character АЛ-Акир! Just a warning to be careful ;)
2022.10.26 14:34:58,474	INFO	35	org.l2jmobius.gameserver.instancemanager.GlobalVariablesManager	GlobalVariablesManager: Stored 14 variables.
2022.10.26 15:04:58,541	INFO	33	org.l2jmobius.gameserver.instancemanager.GlobalVariablesManager	GlobalVariablesManager: Stored 14 variables.
2022.10.26 15:34:58,723	INFO	33	org.l2jmobius.gameserver.instancemanager.GlobalVariablesManager	GlobalVariablesManager: Stored 14 variables.
2022.10.26 16:04:58,711	INFO	35	org.l2jmobius.gameserver.instancemanager.GlobalVariablesManager	GlobalVariablesManager: Stored 14 variables.
2022.10.26 16:34:58,499	INFO	34	org.l2jmobius.gameserver.instancemanager.GlobalVariablesManager	GlobalVariablesManager: Stored 14 variables.
2022.10.26 17:04:58,754	INFO	32	org.l2jmobius.gameserver.instancemanager.GlobalVariablesManager	GlobalVariablesManager: Stored 14 variables.
2022.10.26 17:34:58,704	INFO	32	org.l2jmobius.gameserver.instancemanager.GlobalVariablesManager	GlobalVariablesManager: Stored 14 variables.
2022.10.26 18:04:58,720	INFO	32	org.l2jmobius.gameserver.instancemanager.GlobalVariablesManager	GlobalVariablesManager: Stored 14 variables.
2022.10.26 18:34:58,729	INFO	33	org.l2jmobius.gameserver.instancemanager.GlobalVariablesManager	GlobalVariablesManager: Stored 14 variables.
2022.10.26 19:00:01,473	INFO	34	org.l2jmobius.gameserver.instancemanager.ClanHallAuctionManager	ClanHallAuctionManager: Clan Hall Auction has started!
2022.10.26 19:04:18,631	WARNING	329	org.l2jmobius.gameserver.model.actor.Creature	Master access level set for character АЛ-Акир! Just a warning to be careful ;)
2022.10.26 19:04:58,417	INFO	32	org.l2jmobius.gameserver.instancemanager.GlobalVariablesManager	GlobalVariablesManager: Stored 14 variables.
2022.10.26 19:34:56,184	WARNING	329	org.l2jmobius.gameserver.handler.AdminCommandHandler	No handler registered for admin command 'admin_summon_option'
2022.10.26 19:34:58,325	INFO	32	org.l2jmobius.gameserver.instancemanager.GlobalVariablesManager	GlobalVariablesManager: Stored 14 variables.
2022.10.26 19:54:23,754	WARNING	329	org.l2jmobius.gameserver.handler.AdminCommandHandler	No handler registered for admin command 'admin_listinstances'
2022.10.26 19:54:25,416	WARNING	329	org.l2jmobius.gameserver.handler.AdminCommandHandler	No handler registered for admin command 'admin_listinstances'
2022.10.26 20:04:58,373	INFO	33	org.l2jmobius.gameserver.instancemanager.GlobalVariablesManager	GlobalVariablesManager: Stored 14 variables.
2022.10.26 20:10:30,191	WARNING	80	org.l2jmobius.gameserver.model.actor.Creature	Master access level set for character МОЕЙ ВОЛИ! Just a warning to be careful ;)
2022.10.26 20:10:42,081	INFO	22	org.l2jmobius.gameserver.ui.SystemPanel	New maximum connected count of 3!
2022.10.26 20:26:28,814	INFO	20	org.l2jmobius.commons.util.IXmlReader	Network Config: ipconfig.xml exists using manual configuration...
2022.10.26 20:26:29,195	INFO	20	org.l2jmobius.Config	Loaded 6 Filter Words.
2022.10.26 20:26:46,220	WARNING	80	org.l2jmobius.gameserver.model.actor.Creature	Master access level set for character МОЕЙ ВОЛИ! Just a warning to be careful ;)
2022.10.26 20:34:58,450	INFO	33	org.l2jmobius.gameserver.instancemanager.GlobalVariablesManager	GlobalVariablesManager: Stored 16 variables.
2022.10.26 20:36:53,784	WARNING	109	org.l2jmobius.gameserver.model.actor.Creature	Master access level set for character Tabak! Just a warning to be careful ;)
2022.10.26 20:36:59,080	INFO	22	org.l2jmobius.gameserver.ui.SystemPanel	New maximum connected count of 4!
2022.10.26 20:43:46,472	WARNING	109	org.l2jmobius.gameserver.handler.AdminCommandHandler	No handler registered for admin command 'admin_add_peti_chat'
2022.10.26 20:49:02,887	WARNING	109	org.l2jmobius.gameserver.model.actor.Creature	Master access level set for character Tabak! Just a warning to be careful ;)
2022.10.26 20:49:52,493	WARNING	80	org.l2jmobius.gameserver.handler.AdminCommandHandler	No handler registered for admin command 'admin_dropall'
2022.10.26 21:04:58,522	INFO	32	org.l2jmobius.gameserver.instancemanager.GlobalVariablesManager	GlobalVariablesManager: Stored 16 variables.
2022.10.26 21:09:38,120	WARNING	48	org.l2jmobius.gameserver.data.xml.SkillData	SkillData: Call to unexisting skill level id: 11608 requested level: 21 max level: 1.
2022.10.26 21:10:15,016	WARNING	45	org.l2jmobius.gameserver.data.xml.SkillData	SkillData: Call to unexisting skill level id: 11613 requested level: 44 max level: 4.
2022.10.26 21:10:32,627	WARNING	46	org.l2jmobius.gameserver.data.xml.SkillData	SkillData: Call to unexisting skill level id: 19228 requested level: 21 max level: 1.
2022.10.26 21:10:54,218	WARNING	50	org.l2jmobius.gameserver.data.xml.SkillData	SkillData: Call to unexisting skill level id: 19231 requested level: 63 max level: 1.
2022.10.26 21:11:14,329	WARNING	44	org.l2jmobius.gameserver.data.xml.SkillData	SkillData: Call to unexisting skill level id: 30997 requested level: 21 max level: 1.
2022.10.26 21:12:25,215	WARNING	47	org.l2jmobius.gameserver.data.xml.SkillData	SkillData: Call to unexisting skill level id: 11606 requested level: 41 max level: 1.
2022.10.26 21:12:30,128	WARNING	46	org.l2jmobius.gameserver.data.xml.SkillData	SkillData: Call to unexisting skill level id: 11610 requested level: 21 max level: 1.
2022.10.26 21:12:34,527	WARNING	50	org.l2jmobius.gameserver.data.xml.SkillData	SkillData: Call to unexisting skill level id: 11611 requested level: 21 max level: 1.
2022.10.26 21:13:39,634	WARNING	45	org.l2jmobius.gameserver.data.xml.SkillData	SkillData: Call to unexisting skill level id: 11614 requested level: 44 max level: 4.
2022.10.26 21:31:06,741	WARNING	58	org.l2jmobius.gameserver.LoginServerThread	LoginServerThread: Session key is not correct. Closing connection for account axelerat24@gmail.com
2022.10.26 21:34:58,419	INFO	34	org.l2jmobius.gameserver.instancemanager.GlobalVariablesManager	GlobalVariablesManager: Stored 16 variables.
2022.10.26 21:39:01,084	INFO	22	org.l2jmobius.gameserver.ui.SystemPanel	New maximum connected count of 5!
2022.10.26 22:04:58,405	INFO	35	org.l2jmobius.gameserver.instancemanager.GlobalVariablesManager	GlobalVariablesManager: Stored 16 variables.
2022.10.26 22:08:27,154	INFO	20	org.l2jmobius.gameserver.cache.HtmCache	Html cache start...
2022.10.26 22:08:30,092	WARNING	20	org.l2jmobius.gameserver.cache.HtmCache	HTML encoding check: File data/html/CommunityBoard/Custom/home.html contains non ASCII content.
2022.10.26 22:08:30,104	WARNING	20	org.l2jmobius.gameserver.cache.HtmCache	HTML encoding check: File data/html/CommunityBoard/Custom/merchant/main.html contains non ASCII content.
2022.10.26 22:08:30,110	WARNING	20	org.l2jmobius.gameserver.cache.HtmCache	HTML encoding check: File data/html/CommunityBoard/Custom/navigation.html contains non ASCII content.
2022.10.26 22:09:08,272	INFO	20	org.l2jmobius.gameserver.cache.HtmCache	Cache[HTML]: 4,279 megabytes on 6376 files loaded.
2022.10.26 22:09:54,595	INFO	20	org.l2jmobius.gameserver.cache.HtmCache	Html cache start...
2022.10.26 22:09:54,705	WARNING	20	org.l2jmobius.gameserver.cache.HtmCache	HTML encoding check: File data/html/CommunityBoard/Custom/home.html contains non ASCII content.
2022.10.26 22:09:54,706	WARNING	20	org.l2jmobius.gameserver.cache.HtmCache	HTML encoding check: File data/html/CommunityBoard/Custom/merchant/main.html contains non ASCII content.
2022.10.26 22:09:54,707	WARNING	20	org.l2jmobius.gameserver.cache.HtmCache	HTML encoding check: File data/html/CommunityBoard/Custom/navigation.html contains non ASCII content.
2022.10.26 22:09:55,857	INFO	20	org.l2jmobius.gameserver.cache.HtmCache	Cache[HTML]: 4,287 megabytes on 6376 files loaded.
2022.10.26 22:16:52,873	INFO	31	org.l2jmobius.gameserver.instancemanager.DBSpawnManager	DBSpawnManager: Spawning NPC Berserker Zetahl
2022.10.26 22:16:57,313	INFO	48	org.l2jmobius.gameserver.model.siege.Siege	Siege of Gludio: Sun Nov 06 16:00:00 MSK 2022
2022.10.26 22:23:59,235	INFO	20	org.l2jmobius.gameserver.cache.HtmCache	Html cache start...
2022.10.26 22:23:59,372	WARNING	20	org.l2jmobius.gameserver.cache.HtmCache	HTML encoding check: File data/html/CommunityBoard/Custom/home.html contains non ASCII content.
2022.10.26 22:23:59,373	WARNING	20	org.l2jmobius.gameserver.cache.HtmCache	HTML encoding check: File data/html/CommunityBoard/Custom/merchant/main.html contains non ASCII content.
2022.10.26 22:23:59,373	WARNING	20	org.l2jmobius.gameserver.cache.HtmCache	HTML encoding check: File data/html/CommunityBoard/Custom/navigation.html contains non ASCII content.
2022.10.26 22:24:00,755	INFO	20	org.l2jmobius.gameserver.cache.HtmCache	Cache[HTML]: 4,294 megabytes on 6376 files loaded.
2022.10.26 22:24:12,337	WARNING	80	org.l2jmobius.gameserver.data.xml.MultisellData	Can't find list id: 700010 requested by player: МОЕЙ ВОЛИ, npcId: 0
2022.10.26 22:24:17,671	WARNING	80	org.l2jmobius.gameserver.data.xml.MultisellData	Can't find list id: 700010 requested by player: МОЕЙ ВОЛИ, npcId: 0
2022.10.26 22:24:17,834	WARNING	80	org.l2jmobius.gameserver.data.xml.MultisellData	Can't find list id: 700010 requested by player: МОЕЙ ВОЛИ, npcId: 0
2022.10.26 22:24:18,000	WARNING	80	org.l2jmobius.gameserver.data.xml.MultisellData	Can't find list id: 700010 requested by player: МОЕЙ ВОЛИ, npcId: 0
2022.10.26 22:24:18,165	WARNING	80	org.l2jmobius.gameserver.data.xml.MultisellData	Can't find list id: 700010 requested by player: МОЕЙ ВОЛИ, npcId: 0
2022.10.26 22:24:40,871	WARNING	80	org.l2jmobius.gameserver.data.xml.MultisellData	Can't find list id: 700010 requested by player: МОЕЙ ВОЛИ, npcId: 0
2022.10.26 22:24:42,593	WARNING	20	org.l2jmobius.gameserver.data.xml.MultisellData	Buy price 1 is less than sell price 10030 at entry 25 of multisell 700010.
2022.10.26 22:24:42,594	WARNING	20	org.l2jmobius.gameserver.data.xml.MultisellData	Buy price 1 is less than sell price 15110 at entry 26 of multisell 700010.
2022.10.26 22:24:42,594	WARNING	20	org.l2jmobius.gameserver.data.xml.MultisellData	Buy price 1 is less than sell price 21720 at entry 27 of multisell 700010.
2022.10.26 22:24:42,594	WARNING	20	org.l2jmobius.gameserver.data.xml.MultisellData	Buy price 1 is less than sell price 31060 at entry 28 of multisell 700010.
2022.10.26 22:24:42,594	WARNING	20	org.l2jmobius.gameserver.data.xml.MultisellData	Buy price 1 is less than sell price 21720 at entry 29 of multisell 700010.
2022.10.26 22:24:42,594	WARNING	20	org.l2jmobius.gameserver.data.xml.MultisellData	Buy price 1 is less than sell price 1090000 at entry 30 of multisell 700010.
2022.10.26 22:24:42,594	WARNING	20	org.l2jmobius.gameserver.data.xml.MultisellData	Buy price 1 is less than sell price 197948750 at entry 32 of multisell 700010.
2022.10.26 22:24:42,594	WARNING	20	org.l2jmobius.gameserver.data.xml.MultisellData	Buy price 1 is less than sell price 527865000 at entry 33 of multisell 700010.
2022.10.26 22:24:42,594	WARNING	20	org.l2jmobius.gameserver.data.xml.MultisellData	Buy price 1 is less than sell price 329916250 at entry 34 of multisell 700010.
2022.10.26 22:24:42,594	WARNING	20	org.l2jmobius.gameserver.data.xml.MultisellData	Buy price 1 is less than sell price 131966250 at entry 35 of multisell 700010.
2022.10.26 22:24:42,594	WARNING	20	org.l2jmobius.gameserver.data.xml.MultisellData	Buy price 1 is less than sell price 131966250 at entry 36 of multisell 700010.
2022.10.26 22:24:42,594	WARNING	20	org.l2jmobius.gameserver.data.xml.MultisellData	Buy price 1 is less than sell price 197948750 at entry 37 of multisell 700010.
2022.10.26 22:24:42,594	WARNING	20	org.l2jmobius.gameserver.data.xml.MultisellData	Buy price 1 is less than sell price 527865000 at entry 38 of multisell 700010.
2022.10.26 22:24:42,595	WARNING	20	org.l2jmobius.gameserver.data.xml.MultisellData	Buy price 1 is less than sell price 329916250 at entry 39 of multisell 700010.
2022.10.26 22:24:42,595	WARNING	20	org.l2jmobius.gameserver.data.xml.MultisellData	Buy price 1 is less than sell price 131966250 at entry 40 of multisell 700010.
2022.10.26 22:24:42,595	WARNING	20	org.l2jmobius.gameserver.data.xml.MultisellData	Buy price 1 is less than sell price 131966250 at entry 41 of multisell 700010.
2022.10.26 22:24:42,595	WARNING	20	org.l2jmobius.gameserver.data.xml.MultisellData	Buy price 1 is less than sell price 197948750 at entry 42 of multisell 700010.
2022.10.26 22:24:42,595	WARNING	20	org.l2jmobius.gameserver.data.xml.MultisellData	Buy price 1 is less than sell price 527865000 at entry 43 of multisell 700010.
2022.10.26 22:24:42,595	WARNING	20	org.l2jmobius.gameserver.data.xml.MultisellData	Buy price 1 is less than sell price 329916250 at entry 44 of multisell 700010.
2022.10.26 22:24:42,595	WARNING	20	org.l2jmobius.gameserver.data.xml.MultisellData	Buy price 1 is less than sell price 131966250 at entry 45 of multisell 700010.
2022.10.26 22:24:42,595	WARNING	20	org.l2jmobius.gameserver.data.xml.MultisellData	Buy price 1 is less than sell price 131966250 at entry 46 of multisell 700010.
2022.10.26 22:24:42,595	INFO	20	org.l2jmobius.gameserver.data.xml.MultisellData	MultisellData: Loaded 600 multisell lists.
2022.10.26 22:25:25,181	WARNING	109	org.l2jmobius.gameserver.model.actor.Creature	Master access level set for character Tabak! Just a warning to be careful ;)
2022.10.26 22:27:41,498	INFO	20	org.l2jmobius.gameserver.cache.HtmCache	Html cache start...
2022.10.26 22:27:41,609	WARNING	20	org.l2jmobius.gameserver.cache.HtmCache	HTML encoding check: File data/html/CommunityBoard/Custom/home.html contains non ASCII content.
2022.10.26 22:27:41,610	WARNING	20	org.l2jmobius.gameserver.cache.HtmCache	HTML encoding check: File data/html/CommunityBoard/Custom/merchant/main.html contains non ASCII content.
2022.10.26 22:27:41,611	WARNING	20	org.l2jmobius.gameserver.cache.HtmCache	HTML encoding check: File data/html/CommunityBoard/Custom/navigation.html contains non ASCII content.
2022.10.26 22:27:42,701	INFO	20	org.l2jmobius.gameserver.cache.HtmCache	Cache[HTML]: 4,301 megabytes on 6376 files loaded.
2022.10.26 22:27:50,195	WARNING	20	org.l2jmobius.gameserver.data.xml.MultisellData	Buy price 1 is less than sell price 197948750 at entry 32 of multisell 700010.
2022.10.26 22:27:50,195	WARNING	20	org.l2jmobius.gameserver.data.xml.MultisellData	Buy price 1 is less than sell price 527865000 at entry 33 of multisell 700010.
2022.10.26 22:27:50,195	WARNING	20	org.l2jmobius.gameserver.data.xml.MultisellData	Buy price 1 is less than sell price 329916250 at entry 34 of multisell 700010.
2022.10.26 22:27:50,195	WARNING	20	org.l2jmobius.gameserver.data.xml.MultisellData	Buy price 1 is less than sell price 131966250 at entry 35 of multisell 700010.
2022.10.26 22:27:50,195	WARNING	20	org.l2jmobius.gameserver.data.xml.MultisellData	Buy price 1 is less than sell price 131966250 at entry 36 of multisell 700010.
2022.10.26 22:27:50,195	WARNING	20	org.l2jmobius.gameserver.data.xml.MultisellData	Buy price 1 is less than sell price 197948750 at entry 37 of multisell 700010.
2022.10.26 22:27:50,196	WARNING	20	org.l2jmobius.gameserver.data.xml.MultisellData	Buy price 1 is less than sell price 527865000 at entry 38 of multisell 700010.
2022.10.26 22:27:50,196	WARNING	20	org.l2jmobius.gameserver.data.xml.MultisellData	Buy price 1 is less than sell price 329916250 at entry 39 of multisell 700010.
2022.10.26 22:27:50,196	WARNING	20	org.l2jmobius.gameserver.data.xml.MultisellData	Buy price 1 is less than sell price 131966250 at entry 40 of multisell 700010.
2022.10.26 22:27:50,196	WARNING	20	org.l2jmobius.gameserver.data.xml.MultisellData	Buy price 1 is less than sell price 131966250 at entry 41 of multisell 700010.
2022.10.26 22:27:50,196	WARNING	20	org.l2jmobius.gameserver.data.xml.MultisellData	Buy price 1 is less than sell price 197948750 at entry 42 of multisell 700010.
2022.10.26 22:27:50,196	WARNING	20	org.l2jmobius.gameserver.data.xml.MultisellData	Buy price 1 is less than sell price 527865000 at entry 43 of multisell 700010.
2022.10.26 22:27:50,196	WARNING	20	org.l2jmobius.gameserver.data.xml.MultisellData	Buy price 1 is less than sell price 329916250 at entry 44 of multisell 700010.
2022.10.26 22:27:50,196	WARNING	20	org.l2jmobius.gameserver.data.xml.MultisellData	Buy price 1 is less than sell price 131966250 at entry 45 of multisell 700010.
2022.10.26 22:27:50,196	WARNING	20	org.l2jmobius.gameserver.data.xml.MultisellData	Buy price 1 is less than sell price 131966250 at entry 46 of multisell 700010.
2022.10.26 22:27:50,196	INFO	20	org.l2jmobius.gameserver.data.xml.MultisellData	MultisellData: Loaded 600 multisell lists.
2022.10.26 22:29:56,926	WARNING	20	org.l2jmobius.gameserver.data.xml.MultisellData	Buy price 1 is less than sell price 197948750 at entry 32 of multisell 700010.
2022.10.26 22:29:56,926	WARNING	20	org.l2jmobius.gameserver.data.xml.MultisellData	Buy price 1 is less than sell price 527865000 at entry 33 of multisell 700010.
2022.10.26 22:29:56,926	WARNING	20	org.l2jmobius.gameserver.data.xml.MultisellData	Buy price 1 is less than sell price 329916250 at entry 34 of multisell 700010.
2022.10.26 22:29:56,926	WARNING	20	org.l2jmobius.gameserver.data.xml.MultisellData	Buy price 1 is less than sell price 131966250 at entry 35 of multisell 700010.
2022.10.26 22:29:56,926	WARNING	20	org.l2jmobius.gameserver.data.xml.MultisellData	Buy price 1 is less than sell price 131966250 at entry 36 of multisell 700010.
2022.10.26 22:29:56,926	WARNING	20	org.l2jmobius.gameserver.data.xml.MultisellData	Buy price 1 is less than sell price 197948750 at entry 37 of multisell 700010.
2022.10.26 22:29:56,926	WARNING	20	org.l2jmobius.gameserver.data.xml.MultisellData	Buy price 1 is less than sell price 527865000 at entry 38 of multisell 700010.
2022.10.26 22:29:56,926	WARNING	20	org.l2jmobius.gameserver.data.xml.MultisellData	Buy price 1 is less than sell price 329916250 at entry 39 of multisell 700010.
2022.10.26 22:29:56,926	WARNING	20	org.l2jmobius.gameserver.data.xml.MultisellData	Buy price 1 is less than sell price 131966250 at entry 40 of multisell 700010.
2022.10.26 22:29:56,927	WARNING	20	org.l2jmobius.gameserver.data.xml.MultisellData	Buy price 1 is less than sell price 131966250 at entry 41 of multisell 700010.
2022.10.26 22:29:56,927	WARNING	20	org.l2jmobius.gameserver.data.xml.MultisellData	Buy price 1 is less than sell price 197948750 at entry 42 of multisell 700010.
2022.10.26 22:29:56,927	WARNING	20	org.l2jmobius.gameserver.data.xml.MultisellData	Buy price 1 is less than sell price 527865000 at entry 43 of multisell 700010.
2022.10.26 22:29:56,927	WARNING	20	org.l2jmobius.gameserver.data.xml.MultisellData	Buy price 1 is less than sell price 329916250 at entry 44 of multisell 700010.
2022.10.26 22:29:56,927	WARNING	20	org.l2jmobius.gameserver.data.xml.MultisellData	Buy price 1 is less than sell price 131966250 at entry 45 of multisell 700010.
2022.10.26 22:29:56,927	WARNING	20	org.l2jmobius.gameserver.data.xml.MultisellData	Buy price 1 is less than sell price 131966250 at entry 46 of multisell 700010.
2022.10.26 22:29:56,927	WARNING	20	org.l2jmobius.gameserver.data.xml.MultisellData	Buy price 1 is less than sell price 1725000 at entry 48 of multisell 700010.
2022.10.26 22:29:56,927	WARNING	20	org.l2jmobius.gameserver.data.xml.MultisellData	Buy price 1 is less than sell price 34733000 at entry 50 of multisell 700010.
2022.10.26 22:29:56,927	WARNING	20	org.l2jmobius.gameserver.data.xml.MultisellData	Buy price 1 is less than sell price 23155500 at entry 51 of multisell 700010.
2022.10.26 22:29:56,927	INFO	20	org.l2jmobius.gameserver.data.xml.MultisellData	MultisellData: Loaded 600 multisell lists.
2022.10.26 22:30:54,870	INFO	20	org.l2jmobius.gameserver.cache.HtmCache	Html cache start...
2022.10.26 22:30:54,983	WARNING	20	org.l2jmobius.gameserver.cache.HtmCache	HTML encoding check: File data/html/CommunityBoard/Custom/home.html contains non ASCII content.
2022.10.26 22:30:54,984	WARNING	20	org.l2jmobius.gameserver.cache.HtmCache	HTML encoding check: File data/html/CommunityBoard/Custom/merchant/main.html contains non ASCII content.
2022.10.26 22:30:54,984	WARNING	20	org.l2jmobius.gameserver.cache.HtmCache	HTML encoding check: File data/html/CommunityBoard/Custom/navigation.html contains non ASCII content.
2022.10.26 22:30:56,060	INFO	20	org.l2jmobius.gameserver.cache.HtmCache	Cache[HTML]: 4,308 megabytes on 6376 files loaded.
2022.10.26 22:31:01,168	WARNING	20	org.l2jmobius.gameserver.data.xml.MultisellData	Buy price 1 is less than sell price 197948750 at entry 32 of multisell 700010.
2022.10.26 22:31:01,168	WARNING	20	org.l2jmobius.gameserver.data.xml.MultisellData	Buy price 1 is less than sell price 527865000 at entry 33 of multisell 700010.
2022.10.26 22:31:01,168	WARNING	20	org.l2jmobius.gameserver.data.xml.MultisellData	Buy price 1 is less than sell price 329916250 at entry 34 of multisell 700010.
2022.10.26 22:31:01,168	WARNING	20	org.l2jmobius.gameserver.data.xml.MultisellData	Buy price 1 is less than sell price 131966250 at entry 35 of multisell 700010.
2022.10.26 22:31:01,168	WARNING	20	org.l2jmobius.gameserver.data.xml.MultisellData	Buy price 1 is less than sell price 131966250 at entry 36 of multisell 700010.
2022.10.26 22:31:01,168	WARNING	20	org.l2jmobius.gameserver.data.xml.MultisellData	Buy price 1 is less than sell price 197948750 at entry 37 of multisell 700010.
2022.10.26 22:31:01,168	WARNING	20	org.l2jmobius.gameserver.data.xml.MultisellData	Buy price 1 is less than sell price 527865000 at entry 38 of multisell 700010.
2022.10.26 22:31:01,169	WARNING	20	org.l2jmobius.gameserver.data.xml.MultisellData	Buy price 1 is less than sell price 329916250 at entry 39 of multisell 700010.
2022.10.26 22:31:01,169	WARNING	20	org.l2jmobius.gameserver.data.xml.MultisellData	Buy price 1 is less than sell price 131966250 at entry 40 of multisell 700010.
2022.10.26 22:31:01,169	WARNING	20	org.l2jmobius.gameserver.data.xml.MultisellData	Buy price 1 is less than sell price 131966250 at entry 41 of multisell 700010.
2022.10.26 22:31:01,169	WARNING	20	org.l2jmobius.gameserver.data.xml.MultisellData	Buy price 1 is less than sell price 197948750 at entry 42 of multisell 700010.
2022.10.26 22:31:01,169	WARNING	20	org.l2jmobius.gameserver.data.xml.MultisellData	Buy price 1 is less than sell price 527865000 at entry 43 of multisell 700010.
2022.10.26 22:31:01,169	WARNING	20	org.l2jmobius.gameserver.data.xml.MultisellData	Buy price 1 is less than sell price 329916250 at entry 44 of multisell 700010.
2022.10.26 22:31:01,169	WARNING	20	org.l2jmobius.gameserver.data.xml.MultisellData	Buy price 1 is less than sell price 131966250 at entry 45 of multisell 700010.
2022.10.26 22:31:01,169	WARNING	20	org.l2jmobius.gameserver.data.xml.MultisellData	Buy price 1 is less than sell price 131966250 at entry 46 of multisell 700010.
2022.10.26 22:31:01,169	WARNING	20	org.l2jmobius.gameserver.data.xml.MultisellData	Buy price 1 is less than sell price 1725000 at entry 48 of multisell 700010.
2022.10.26 22:31:01,169	WARNING	20	org.l2jmobius.gameserver.data.xml.MultisellData	Buy price 1 is less than sell price 34733000 at entry 50 of multisell 700010.
2022.10.26 22:31:01,169	WARNING	20	org.l2jmobius.gameserver.data.xml.MultisellData	Buy price 1 is less than sell price 23155500 at entry 51 of multisell 700010.
2022.10.26 22:31:01,169	INFO	20	org.l2jmobius.gameserver.data.xml.MultisellData	MultisellData: Loaded 600 multisell lists.
2022.10.26 22:32:58,516	INFO	20	org.l2jmobius.gameserver.cache.HtmCache	Html cache start...
2022.10.26 22:32:58,632	WARNING	20	org.l2jmobius.gameserver.cache.HtmCache	HTML encoding check: File data/html/CommunityBoard/Custom/home.html contains non ASCII content.
2022.10.26 22:32:58,633	WARNING	20	org.l2jmobius.gameserver.cache.HtmCache	HTML encoding check: File data/html/CommunityBoard/Custom/merchant/main.html contains non ASCII content.
2022.10.26 22:32:58,634	WARNING	20	org.l2jmobius.gameserver.cache.HtmCache	HTML encoding check: File data/html/CommunityBoard/Custom/navigation.html contains non ASCII content.
2022.10.26 22:32:59,714	INFO	20	org.l2jmobius.gameserver.cache.HtmCache	Cache[HTML]: 4,315 megabytes on 6376 files loaded.
2022.10.26 22:33:02,996	INFO	20	org.l2jmobius.gameserver.data.xml.MultisellData	MultisellData: Loaded 600 multisell lists.
2022.10.26 22:34:58,353	INFO	20	org.l2jmobius.gameserver.data.xml.MultisellData	MultisellData: Loaded 600 multisell lists.
2022.10.26 22:34:58,533	INFO	33	org.l2jmobius.gameserver.instancemanager.GlobalVariablesManager	GlobalVariablesManager: Stored 16 variables.
2022.10.26 22:44:16,633	INFO	20	org.l2jmobius.gameserver.data.xml.MultisellData	MultisellData: Loaded 600 multisell lists.
2022.10.26 22:44:18,621	INFO	20	org.l2jmobius.gameserver.cache.HtmCache	Html cache start...
2022.10.26 22:44:18,732	WARNING	20	org.l2jmobius.gameserver.cache.HtmCache	HTML encoding check: File data/html/CommunityBoard/Custom/home.html contains non ASCII content.
2022.10.26 22:44:18,732	WARNING	20	org.l2jmobius.gameserver.cache.HtmCache	HTML encoding check: File data/html/CommunityBoard/Custom/merchant/main.html contains non ASCII content.
2022.10.26 22:44:18,733	WARNING	20	org.l2jmobius.gameserver.cache.HtmCache	HTML encoding check: File data/html/CommunityBoard/Custom/navigation.html contains non ASCII content.
2022.10.26 22:44:19,887	INFO	20	org.l2jmobius.gameserver.cache.HtmCache	Cache[HTML]: 4,322 megabytes on 6376 files loaded.
2022.10.26 22:44:21,817	INFO	20	org.l2jmobius.commons.util.IXmlReader	Network Config: ipconfig.xml exists using manual configuration...
2022.10.26 22:44:21,825	INFO	20	org.l2jmobius.Config	Loaded 6 Filter Words.
2022.10.26 22:45:21,628	WARNING	109	org.l2jmobius.gameserver.model.actor.Creature	Master access level set for character Tabak! Just a warning to be careful ;)
2022.10.26 23:04:58,346	INFO	32	org.l2jmobius.gameserver.instancemanager.GlobalVariablesManager	GlobalVariablesManager: Stored 16 variables.
2022.10.26 23:34:58,359	INFO	33	org.l2jmobius.gameserver.instancemanager.GlobalVariablesManager	GlobalVariablesManager: Stored 16 variables.
2022.10.26 23:38:41,647	WARNING	329	org.l2jmobius.gameserver.handler.AdminCommandHandler	No handler registered for admin command 'admin_refresh'
2022.10.27 00:04:58,540	INFO	34	org.l2jmobius.gameserver.instancemanager.GlobalVariablesManager	GlobalVariablesManager: Stored 16 variables.
2022.10.27 00:05:33,540	WARNING	51	org.l2jmobius.gameserver.handler.AdminCommandHandler	Exception during execution of admin_res
2022.10.27 00:34:58,529	INFO	33	org.l2jmobius.gameserver.instancemanager.GlobalVariablesManager	GlobalVariablesManager: Stored 16 variables.
2022.10.27 01:04:58,808	INFO	33	org.l2jmobius.gameserver.instancemanager.GlobalVariablesManager	GlobalVariablesManager: Stored 16 variables.
2022.10.27 01:34:58,901	INFO	33	org.l2jmobius.gameserver.instancemanager.GlobalVariablesManager	GlobalVariablesManager: Stored 16 variables.
2022.10.27 02:04:58,826	INFO	35	org.l2jmobius.gameserver.instancemanager.GlobalVariablesManager	GlobalVariablesManager: Stored 16 variables.
2022.10.27 02:21:48,486	WARNING	20	org.l2jmobius.gameserver.Shutdown	Server scheduled restart issued shutdown command. Shutdown in 10 seconds!
2022.10.27 02:21:58,508	WARNING	3427	org.l2jmobius.gameserver.Shutdown	GM shutdown countdown is over. shutting down NOW!
2022.10.27 02:21:58,547	INFO	55	org.l2jmobius.gameserver.Shutdown	All players disconnected and saved(1ms).
2022.10.27 02:21:58,547	INFO	55	org.l2jmobius.gameserver.Shutdown	Movement Task Manager: Thread interruped(0ms).
2022.10.27 02:21:58,547	INFO	55	org.l2jmobius.gameserver.Shutdown	Game Time Task Manager: Thread interruped(0ms).
2022.10.27 02:21:58,547	INFO	55	org.l2jmobius.commons.threads.ThreadPool	ThreadPool: Shutting down.
2022.10.27 02:21:58,549	INFO	55	org.l2jmobius.gameserver.Shutdown	Thread Pool Manager: Manager has been shut down(2ms).
2022.10.27 02:21:58,549	INFO	55	org.l2jmobius.gameserver.Shutdown	Login Server Thread: Thread interruped(0ms).
2022.10.27 02:21:58,550	INFO	55	org.l2jmobius.gameserver.network.telnet.TelnetServer	Shutting down..
2022.10.27 02:21:58,551	INFO	55	org.l2jmobius.gameserver.Shutdown	Telnet Server Thread: Thread interruped(1ms).
2022.10.27 02:21:58,551	INFO	55	org.l2jmobius.gameserver.Shutdown	GM shutdown received. Shutting down NOW!
2022.10.27 02:21:58,618	INFO	55	org.l2jmobius.gameserver.Shutdown	RaidBossSpawnManager: All raidboss info saved(66ms).
2022.10.27 02:21:58,632	INFO	55	org.l2jmobius.gameserver.Shutdown	GrandBossManager: All Grand Boss info saved(4ms).
2022.10.27 02:21:58,633	INFO	55	org.l2jmobius.gameserver.Shutdown	Item Auction Manager: All tasks stopped(12ms).
2022.10.27 02:21:58,742	INFO	55	org.l2jmobius.gameserver.Shutdown	Olympiad System: Data saved(109ms).
2022.10.27 02:21:58,832	INFO	55	org.l2jmobius.gameserver.Shutdown	Hero System: Data saved(90ms).
2022.10.27 02:21:59,008	INFO	55	org.l2jmobius.gameserver.Shutdown	Clan System: Data saved(175ms).
2022.10.27 02:21:59,009	INFO	55	org.l2jmobius.gameserver.Shutdown	Cursed Weapons Manager: Data saved(2ms).
2022.10.27 02:21:59,010	INFO	55	org.l2jmobius.gameserver.Shutdown	Castle Manor Manager: Data saved(1ms).
2022.10.27 02:21:59,082	INFO	55	org.l2jmobius.gameserver.Shutdown	Quest Manager: Data saved(72ms).
2022.10.27 02:22:00,042	INFO	55	org.l2jmobius.gameserver.instancemanager.GlobalVariablesManager	GlobalVariablesManager: Stored 16 variables.
2022.10.27 02:22:00,057	INFO	55	org.l2jmobius.gameserver.Shutdown	Global Variables Manager: Variables saved(960ms).
2022.10.27 02:22:00,058	INFO	55	org.l2jmobius.gameserver.Shutdown	Bot Report Table: Successfully saved reports to database!
2022.10.27 02:22:02,660	WARNING	58	org.l2jmobius.gameserver.LoginServerThread	LoginServerThread: LoginServer not avaible, trying to reconnect...
2022.10.27 02:22:05,061	INFO	55	org.l2jmobius.gameserver.Shutdown	Game Server: Selector thread has been shut down(1ms).
2022.10.27 02:22:05,281	INFO	55	org.l2jmobius.gameserver.Shutdown	Database Factory: Database connection has been shut down(221ms).
