2022.10.23 20:11:20,285	INFO	1	org.l2jmobius.commons.util.IXmlReader	Network Config: ipconfig.xml exists using manual configuration...
2022.10.23 20:11:20,631	INFO	1	org.l2jmobius.Config	Loaded 6 Filter Words.
2022.10.23 20:11:20,830	INFO	1	org.l2jmobius.gameserver.GameServer	------------------------------------------------=[ Database ]
2022.10.23 20:11:20,927	INFO	22	org.l2jmobius.gameserver.model.World	World: (288 by 272) World Region Grid set up.
2022.10.23 20:11:23,517	INFO	1	org.l2jmobius.commons.database.DatabaseFactory	Database: Initialized.
2022.10.23 20:11:23,517	INFO	1	org.l2jmobius.gameserver.GameServer	----------------------------------------------=[ ThreadPool ]
2022.10.23 20:11:23,518	INFO	1	org.l2jmobius.commons.threads.ThreadPool	ThreadPool: Initialized
2022.10.23 20:11:23,519	INFO	1	org.l2jmobius.commons.threads.ThreadPool	...4 scheduled pool executors with 16 total threads.
2022.10.23 20:11:23,521	INFO	1	org.l2jmobius.commons.threads.ThreadPool	...4 instant pool executors with 8 total threads.
2022.10.23 20:11:23,545	INFO	1	org.l2jmobius.gameserver.GameServer	-----------------------------------------------=[ IdManager ]
2022.10.23 20:11:23,597	INFO	1	org.l2jmobius.gameserver.instancemanager.IdManager	Updated characters online status.
2022.10.23 20:11:23,659	INFO	1	org.l2jmobius.gameserver.instancemanager.IdManager	IdManager: Cleaned 0 elements from database in 0 seconds.
2022.10.23 20:11:23,685	INFO	1	org.l2jmobius.gameserver.instancemanager.IdManager	IdManager: Cleaned 0 expired timestamps from database.
2022.10.23 20:11:23,692	INFO	1	org.l2jmobius.gameserver.instancemanager.IdManager	IdManager: 102912 id's available.
2022.10.23 20:11:23,692	INFO	1	org.l2jmobius.gameserver.GameServer	----------------------------------------=[ Scripting Engine ]
2022.10.23 20:11:23,846	INFO	1	org.l2jmobius.gameserver.scripting.ScriptEngineManager	Loaded 837 files to exclude.
2022.10.23 20:11:23,846	INFO	1	org.l2jmobius.gameserver.GameServer	--------------------------------------------------=[ Telnet ]
2022.10.23 20:11:24,035	INFO	1	org.l2jmobius.gameserver.network.telnet.TelnetServer	Telnet server is currently disabled.
2022.10.23 20:11:24,035	INFO	1	org.l2jmobius.gameserver.GameServer	---------------------------------------------------=[ World ]
2022.10.23 20:11:24,363	INFO	1	org.l2jmobius.gameserver.instancemanager.MapRegionManager	MapRegionManager: Loaded 61 map regions.
2022.10.23 20:11:24,369	INFO	1	org.l2jmobius.gameserver.instancemanager.ZoneManager	ZoneManager 19 by 18 Zone Region Grid set up.
2022.10.23 20:11:25,210	INFO	1	org.l2jmobius.gameserver.instancemanager.ZoneManager	ZoneManager: Loaded 34 zone classes and 2957 zones.
2022.10.23 20:11:25,220	INFO	1	org.l2jmobius.gameserver.instancemanager.ZoneManager	ZoneManager: Last static id 210110.
2022.10.23 20:11:25,862	INFO	1	org.l2jmobius.gameserver.data.xml.DoorData	DoorData: Loaded 1520 doors.
2022.10.23 20:11:25,931	INFO	1	FenceData	FenceData: Loaded 1 fences.
2022.10.23 20:11:25,954	INFO	1	org.l2jmobius.gameserver.instancemanager.GlobalVariablesManager	GlobalVariablesManager: Loaded 0 variables.
2022.10.23 20:11:25,955	INFO	1	org.l2jmobius.gameserver.GameServer	----------------------------------------------------=[ Data ]
2022.10.23 20:11:26,018	INFO	1	org.l2jmobius.gameserver.data.xml.ActionData	ActionData: Loaded 216 player actions.
2022.10.23 20:11:26,141	INFO	1	org.l2jmobius.gameserver.data.xml.CategoryData	CategoryData: Loaded 216 categories.
2022.10.23 20:11:26,185	INFO	1	org.l2jmobius.gameserver.data.xml.SecondaryAuthData	SecondaryAuthData: Loaded 328 forbidden passwords.
2022.10.23 20:11:30,388	INFO	1	org.l2jmobius.gameserver.data.ItemTable	ItemTable: Highest item id used: 96959
2022.10.23 20:11:30,420	INFO	1	org.l2jmobius.gameserver.data.ItemTable	ItemTable: Loaded 24150 Etc Items
2022.10.23 20:11:30,430	INFO	1	org.l2jmobius.gameserver.data.ItemTable	ItemTable: Loaded 12756 Armor Items
2022.10.23 20:11:30,436	INFO	1	org.l2jmobius.gameserver.data.ItemTable	ItemTable: Loaded 9112 Weapon Items
2022.10.23 20:11:30,437	INFO	1	org.l2jmobius.gameserver.data.ItemTable	ItemTable: Loaded 46018 Items in total.
2022.10.23 20:11:30,496	INFO	1	org.l2jmobius.gameserver.data.xml.CombinationItemsData	CombinationItemsData: Loaded 4421 combinations.
2022.10.23 20:11:30,548	INFO	1	org.l2jmobius.gameserver.data.xml.SayuneData	SayuneData: Loaded 71 maps.
2022.10.23 20:11:32,140	INFO	1	handlers.DailyMissionMasterHandler	DailyMissionMasterHandler:  Loaded 10 handlers.
2022.10.23 20:11:32,216	INFO	1	org.l2jmobius.gameserver.data.xml.DailyMissionData	DailyMissionData: Loaded 87 one day rewards.
2022.10.23 20:11:32,216	INFO	1	org.l2jmobius.gameserver.GameServer	--------------------------------------------------=[ Skills ]
2022.10.23 20:11:40,907	INFO	1	handlers.EffectMasterHandler	EffectMasterHandler: Loaded 389 effect handlers.
2022.10.23 20:11:41,009	INFO	1	org.l2jmobius.gameserver.data.xml.EnchantSkillGroupsData	EnchantSkillGroupsData: Loaded 20 enchant routes, max enchant set to 20.
2022.10.23 20:11:48,094	INFO	1	org.l2jmobius.gameserver.data.xml.SkillData	SkillData: Loaded 169946 Skills.
2022.10.23 20:11:49,003	INFO	1	org.l2jmobius.gameserver.data.xml.SkillTreeData	SkillTreeData: Loaded 19373 Class skills for 150 class skill trees.
2022.10.23 20:11:49,003	INFO	1	org.l2jmobius.gameserver.data.xml.SkillTreeData	SkillTreeData: Loaded 1 sub-class skills.
2022.10.23 20:11:49,004	INFO	1	org.l2jmobius.gameserver.data.xml.SkillTreeData	SkillTreeData: Loaded 33 dual-class skills.
2022.10.23 20:11:49,007	INFO	1	org.l2jmobius.gameserver.data.xml.SkillTreeData	SkillTreeData: Loaded 104 transfer skills for 3 transfer skill trees.
2022.10.23 20:11:49,013	INFO	1	org.l2jmobius.gameserver.data.xml.SkillTreeData	SkillTreeData: Loaded 18 race skills for 7 race skill trees.
2022.10.23 20:11:49,015	INFO	1	org.l2jmobius.gameserver.data.xml.SkillTreeData	SkillTreeData: Loaded 35 fishing skills, 8 Dwarven only fishing skills.
2022.10.23 20:11:49,016	INFO	1	org.l2jmobius.gameserver.data.xml.SkillTreeData	SkillTreeData: Loaded 3 collect skills.
2022.10.23 20:11:49,036	INFO	1	org.l2jmobius.gameserver.data.xml.SkillTreeData	SkillTreeData: Loaded 11 clan skills, 0 for clan and 11 residential.
2022.10.23 20:11:49,037	INFO	1	org.l2jmobius.gameserver.data.xml.SkillTreeData	SkillTreeData: Loaded 0 sub-pledge skills.
2022.10.23 20:11:49,037	INFO	1	org.l2jmobius.gameserver.data.xml.SkillTreeData	SkillTreeData: Loaded 32 transform skills.
2022.10.23 20:11:49,037	INFO	1	org.l2jmobius.gameserver.data.xml.SkillTreeData	SkillTreeData: Loaded 22 noble skills.
2022.10.23 20:11:49,037	INFO	1	org.l2jmobius.gameserver.data.xml.SkillTreeData	SkillTreeData: Loaded 4 hero skills.
2022.10.23 20:11:49,038	INFO	1	org.l2jmobius.gameserver.data.xml.SkillTreeData	SkillTreeData: Loaded 61 game master skills.
2022.10.23 20:11:49,038	INFO	1	org.l2jmobius.gameserver.data.xml.SkillTreeData	SkillTreeData: Loaded 61 game master aura skills.
2022.10.23 20:11:49,038	INFO	1	org.l2jmobius.gameserver.data.xml.SkillTreeData	SkillTreeData: Loaded 123 ability skills.
2022.10.23 20:11:49,039	INFO	1	org.l2jmobius.gameserver.data.xml.SkillTreeData	SkillTreeData: Loaded 113 alchemy skills.
2022.10.23 20:11:49,040	INFO	1	org.l2jmobius.gameserver.data.xml.SkillTreeData	SkillTreeData: Loaded 37 class awaken save skills.
2022.10.23 20:11:49,040	INFO	1	org.l2jmobius.gameserver.data.xml.SkillTreeData	SkillTreeData: Loaded 20 Revelation skills.
2022.10.23 20:11:49,041	INFO	1	org.l2jmobius.gameserver.data.xml.SkillTreeData	SkillTreeData: Loaded 35 common skills.
2022.10.23 20:11:49,077	INFO	1	org.l2jmobius.gameserver.data.xml.PetSkillData	PetSkillData: Loaded 1084 skills.
2022.10.23 20:11:49,077	INFO	1	org.l2jmobius.gameserver.GameServer	---------------------------------------------------=[ Items ]
2022.10.23 20:11:49,263	INFO	1	org.l2jmobius.gameserver.data.xml.EnchantItemGroupsData	EnchantItemGroupsData: Loaded 31 item group templates.
2022.10.23 20:11:49,263	INFO	1	org.l2jmobius.gameserver.data.xml.EnchantItemGroupsData	EnchantItemGroupsData: Loaded 5 scroll group templates.
2022.10.23 20:11:49,293	INFO	1	org.l2jmobius.gameserver.data.xml.EnchantItemData	EnchantItemData: Loaded 286 enchant scrolls.
2022.10.23 20:11:49,297	INFO	1	org.l2jmobius.gameserver.data.xml.EnchantItemData	EnchantItemData: Loaded 104 support items.
2022.10.23 20:11:49,383	INFO	1	org.l2jmobius.gameserver.data.xml.EnchantItemOptionsData	EnchantItemOptionsData: Loaded 353 items and 4710 options.
2022.10.23 20:11:49,409	INFO	1	org.l2jmobius.commons.util.IXmlReader	ElementalAttributeData: Loaded 139 elemental attribute items.
2022.10.23 20:11:49,461	INFO	1	org.l2jmobius.gameserver.data.xml.ItemCrystallizationData	ItemCrystallizationData: Loaded 13 crystallization templates.
2022.10.23 20:11:49,461	INFO	1	org.l2jmobius.gameserver.data.xml.ItemCrystallizationData	ItemCrystallizationData: Loaded 338 pre-defined crystallizable items.
2022.10.23 20:11:49,561	INFO	1	org.l2jmobius.gameserver.data.xml.ItemCrystallizationData	ItemCrystallizationData: Generated 5988 crystallizable items from templates.
2022.10.23 20:11:51,792	INFO	1	org.l2jmobius.gameserver.data.xml.OptionData	OptionData: Loaded 37581 options.
2022.10.23 20:11:51,854	INFO	1	VariationData	VariationData: Loaded 37 variations.
2022.10.23 20:11:51,854	INFO	1	VariationData	VariationData: Loaded 2463 fees.
2022.10.23 20:11:51,913	INFO	1	org.l2jmobius.gameserver.data.xml.EnsoulData	EnsoulData: Loaded 128 fees.
2022.10.23 20:11:51,914	INFO	1	org.l2jmobius.gameserver.data.xml.EnsoulData	EnsoulData: Loaded 1169 options.
2022.10.23 20:11:51,914	INFO	1	org.l2jmobius.gameserver.data.xml.EnsoulData	EnsoulData: Loaded 125 stones.
2022.10.23 20:11:51,941	INFO	1	org.l2jmobius.gameserver.data.xml.EnchantItemHPBonusData	EnchantItemHPBonusData: Loaded 12 enchant HP bonuses.
2022.10.23 20:11:54,294	INFO	1	org.l2jmobius.gameserver.data.xml.BuyListData	BuyListData: Loaded 921 buyLists.
2022.10.23 20:11:56,299	INFO	1	org.l2jmobius.gameserver.data.xml.MultisellData	MultisellData: Loaded 599 multisell lists.
2022.10.23 20:11:56,402	INFO	1	org.l2jmobius.gameserver.data.xml.EquipmentUpgradeData	EquipmentUpgradeData: Loaded 6931 upgrade equipment data.
2022.10.23 20:11:56,564	INFO	1	org.l2jmobius.gameserver.data.xml.AgathionData	AgathionData: Loaded 435 agathion data.
2022.10.23 20:11:56,700	INFO	1	org.l2jmobius.gameserver.data.xml.RecipeData	RecipeData: Loaded 1816 recipes.
2022.10.23 20:11:56,793	INFO	1	org.l2jmobius.gameserver.data.xml.ArmorSetData	ArmorSetData: Loaded 370 armor sets.
2022.10.23 20:11:56,808	INFO	1	org.l2jmobius.gameserver.data.xml.FishingData	FishingData: Loaded 9 bait and 14 rod data.
2022.10.23 20:11:56,922	INFO	1	org.l2jmobius.gameserver.data.xml.HennaData	HennaData: Loaded 549 henna data.
2022.10.23 20:11:56,948	INFO	1	org.l2jmobius.gameserver.data.xml.PrimeShopData	PrimeShopData: Loaded 99 items.
2022.10.23 20:11:56,980	INFO	1	org.l2jmobius.gameserver.data.xml.LimitShopData	LimitShopData: Loaded 44 items.
2022.10.23 20:11:57,016	INFO	1	org.l2jmobius.gameserver.data.xml.LimitShopData	LimitShopCraftData: Loaded 131 items.
2022.10.23 20:11:57,051	INFO	1	org.l2jmobius.gameserver.data.xml.CollectionData	CollectionData: Loaded 188 collections.
2022.10.23 20:11:57,103	INFO	1	org.l2jmobius.gameserver.data.xml.AppearanceItemData	AppearanceItemData: Loaded 1282 stones.
2022.10.23 20:11:57,128	INFO	1	org.l2jmobius.gameserver.data.xml.AlchemyData	AlchemyData: Loaded 114 alchemy craft skills.
2022.10.23 20:11:57,150	INFO	1	org.l2jmobius.commons.util.IXmlReader	LuckyGameData: Loaded 2 lucky game data.
2022.10.23 20:11:57,152	INFO	1	org.l2jmobius.gameserver.data.xml.AttendanceRewardData	AttendanceRewardData: Disabled.
2022.10.23 20:11:57,152	INFO	1	org.l2jmobius.gameserver.GameServer	----------------------------------------------=[ Characters ]
2022.10.23 20:11:57,176	INFO	1	org.l2jmobius.gameserver.data.xml.ClassListData	ClassListData: Loaded 158 class data.
2022.10.23 20:11:57,184	INFO	1	org.l2jmobius.gameserver.data.xml.InitialEquipmentData	InitialEquipmentData: Loaded 14 initial equipment data.
2022.10.23 20:11:57,191	INFO	1	org.l2jmobius.gameserver.data.xml.InitialShortcutData	InitialShortcutData: Loaded 5 initial global shortcuts data.
2022.10.23 20:11:57,191	INFO	1	org.l2jmobius.gameserver.data.xml.InitialShortcutData	InitialShortcutData: Loaded 5 initial shortcuts data.
2022.10.23 20:11:57,191	INFO	1	org.l2jmobius.gameserver.data.xml.InitialShortcutData	InitialShortcutData: Loaded 0 macro presets.
2022.10.23 20:11:57,209	INFO	1	org.l2jmobius.gameserver.data.xml.ExperienceData	ExperienceData: Loaded 131 levels.
2022.10.23 20:11:57,210	INFO	1	org.l2jmobius.gameserver.data.xml.ExperienceData	ExperienceData: Max Player Level is 130.
2022.10.23 20:11:57,210	INFO	1	org.l2jmobius.gameserver.data.xml.ExperienceData	ExperienceData: Max Pet Level is 99.
2022.10.23 20:11:57,225	INFO	1	org.l2jmobius.gameserver.data.xml.KarmaData	KarmaData: Loaded 130 karma modifiers.
2022.10.23 20:11:57,237	INFO	1	org.l2jmobius.gameserver.data.xml.HitConditionBonusData	HitConditionBonusData: Loaded hit condition bonuses.
2022.10.23 20:11:57,957	INFO	1	org.l2jmobius.gameserver.data.xml.PlayerTemplateData	PlayerTemplateData: Loaded 150 character templates.
2022.10.23 20:11:57,957	INFO	1	org.l2jmobius.gameserver.data.xml.PlayerTemplateData	PlayerTemplateData: Loaded 108000 level up gain records.
2022.10.23 20:11:57,959	INFO	1	org.l2jmobius.gameserver.data.xml.PlayerTemplateData	PlayerTemplateData: Generated 1500 level up gain records.
2022.10.23 20:11:57,963	INFO	1	org.l2jmobius.gameserver.data.sql.CharNameTable	CharNameTable: Loaded 0 char names.
2022.10.23 20:11:58,028	INFO	1	org.l2jmobius.gameserver.data.xml.AdminData	AdminData: Loaded 10 access levels.
2022.10.23 20:11:58,042	INFO	1	org.l2jmobius.gameserver.data.xml.AdminData	AdminData: Loaded 468 access commands.
2022.10.23 20:11:58,647	INFO	1	org.l2jmobius.gameserver.data.xml.PetDataTable	PetDataTable: Loaded 56 pets.
2022.10.23 20:11:58,726	INFO	1	org.l2jmobius.gameserver.data.xml.CubicData	CubicData: Loaded 25 cubics.
2022.10.23 20:11:58,769	INFO	1	org.l2jmobius.gameserver.GameServer	---------------------------------------------------=[ Clans ]
2022.10.23 20:11:58,784	INFO	1	org.l2jmobius.gameserver.communitybbs.Manager.ForumsBBSManager	ForumsBBSManager: Loaded 4 forums. Last forum id used: 4
2022.10.23 20:11:58,785	INFO	1	org.l2jmobius.gameserver.data.sql.ClanTable	ClanTable: Restored 0 clans from the database.
2022.10.23 20:11:58,804	INFO	1	org.l2jmobius.gameserver.data.xml.ResidenceFunctionsData	ResidenceFunctionsData: Loaded 8 functions.
2022.10.23 20:12:01,850	INFO	1	org.l2jmobius.gameserver.data.xml.ClanHallData	ClanHallData: Succesfully loaded 57 clan halls.
2022.10.23 20:12:01,852	INFO	1	org.l2jmobius.gameserver.instancemanager.ClanHallAuctionManager	ClanHallAuctionManager: Clan Hall Auction has started!
2022.10.23 20:12:01,880	INFO	1	org.l2jmobius.gameserver.instancemanager.ClanEntryManager	ClanEntryManager: Loaded 0 clan entries.
2022.10.23 20:12:01,881	INFO	1	org.l2jmobius.gameserver.instancemanager.ClanEntryManager	ClanEntryManager: Loaded 0 players in waiting list.
2022.10.23 20:12:01,882	INFO	1	org.l2jmobius.gameserver.instancemanager.ClanEntryManager	ClanEntryManager: Loaded 0 player applications.
2022.10.23 20:12:01,898	INFO	1	org.l2jmobius.gameserver.data.xml.ClanMasteryData	ClanMasteryData: Loaded 16 clan masteries.
2022.10.23 20:12:01,922	INFO	1	org.l2jmobius.gameserver.data.xml.ClanShopData	ClanShopData: Loaded 13 clan shop products.
2022.10.23 20:12:01,922	INFO	1	org.l2jmobius.gameserver.GameServer	-------------------------------------------------=[ Geodata ]
2022.10.23 20:12:23,388	INFO	1	org.l2jmobius.gameserver.geoengine.GeoEngine	GeoEngine: Loaded 233 regions.
2022.10.23 20:12:23,388	INFO	1	org.l2jmobius.gameserver.GameServer	----------------------------------------------------=[ NPCs ]
2022.10.23 20:12:28,042	INFO	1	org.l2jmobius.gameserver.data.xml.NpcData	NpcData: Loaded 14682 NPCs.
2022.10.23 20:12:28,092	INFO	1	org.l2jmobius.gameserver.data.xml.NpcData	NpcData: Loaded 22 custom NPCs.
2022.10.23 20:12:28,093	INFO	1	org.l2jmobius.gameserver.data.xml.FakePlayerData	FakePlayerData: Disabled.
2022.10.23 20:12:28,095	INFO	1	org.l2jmobius.gameserver.instancemanager.FakePlayerChatManager	FakePlayerChatManager: Disabled.
2022.10.23 20:12:29,425	INFO	1	org.l2jmobius.gameserver.data.xml.SpawnData	SpawnData: Loaded 62083 spawns
2022.10.23 20:12:29,480	INFO	1	org.l2jmobius.gameserver.instancemanager.WalkingManager	WalkingManager: Loaded 197 walking routes.
2022.10.23 20:12:29,551	INFO	1	org.l2jmobius.gameserver.data.xml.StaticObjectData	StaticObjectData: Loaded 86 static object templates.
2022.10.23 20:12:29,571	INFO	1	org.l2jmobius.gameserver.model.itemauction.ItemAuctionInstance	ItemAuctionInstance: Loaded 21 item(s) and registered 0 auction(s) for instance 34328
2022.10.23 20:12:29,614	INFO	1	org.l2jmobius.gameserver.model.itemauction.ItemAuctionInstance	ItemAuctionInstance: Schedule next auction 1 on 17:00:00 29.10.22 for instance 34328
2022.10.23 20:12:29,614	INFO	1	org.l2jmobius.gameserver.instancemanager.ItemAuctionManager	ItemAuctionManager: Loaded 1 instances.
2022.10.23 20:12:29,764	INFO	1	org.l2jmobius.gameserver.instancemanager.CastleManager	CastleManager: Loaded 9 castles.
2022.10.23 20:12:29,771	INFO	1	org.l2jmobius.gameserver.instancemanager.GrandBossManager	GrandBossManager: Fafurion(19740) status is 0
2022.10.23 20:12:29,771	INFO	1	org.l2jmobius.gameserver.instancemanager.GrandBossManager	GrandBossManager: Kelbim(26124) status is 0
2022.10.23 20:12:29,771	INFO	1	org.l2jmobius.gameserver.instancemanager.GrandBossManager	GrandBossManager: Core(29006) status is 0
2022.10.23 20:12:29,771	INFO	1	org.l2jmobius.gameserver.instancemanager.GrandBossManager	GrandBossManager: Baium(29020) status is 0
2022.10.23 20:12:29,772	INFO	1	org.l2jmobius.gameserver.instancemanager.GrandBossManager	GrandBossManager: Valakas(29028) status is 0
2022.10.23 20:12:29,772	INFO	1	org.l2jmobius.gameserver.instancemanager.GrandBossManager	GrandBossManager: Antharas(29068) status is 0
2022.10.23 20:12:29,772	INFO	1	org.l2jmobius.gameserver.instancemanager.GrandBossManager	GrandBossManager: Beleth(29118) status is 0
2022.10.23 20:12:29,772	INFO	1	org.l2jmobius.gameserver.instancemanager.GrandBossManager	GrandBossManager: Earth Wyrm Trasken(29197) status is 0
2022.10.23 20:12:29,772	INFO	1	org.l2jmobius.gameserver.instancemanager.GrandBossManager	GrandBossManager: Lindvior(29240) status is 0
2022.10.23 20:12:29,772	INFO	1	org.l2jmobius.gameserver.instancemanager.GrandBossManager	GrandBossManager: Helios(29305) status is 0
2022.10.23 20:12:29,772	INFO	1	org.l2jmobius.gameserver.instancemanager.GrandBossManager	GrandBossManager: Orfen(29325) status is 0
2022.10.23 20:12:29,772	INFO	1	org.l2jmobius.gameserver.instancemanager.GrandBossManager	GrandBossManager: Lilith(29336) status is 0
2022.10.23 20:12:29,772	INFO	1	org.l2jmobius.gameserver.instancemanager.GrandBossManager	GrandBossManager: Anakim(29348) status is 0
2022.10.23 20:12:29,773	INFO	1	org.l2jmobius.gameserver.instancemanager.GrandBossManager	GrandBossManager: Queen Ant(29381) status is 0
2022.10.23 20:12:29,773	INFO	1	org.l2jmobius.gameserver.instancemanager.GrandBossManager	GrandBossManager: Loaded 14 instances.
2022.10.23 20:12:29,814	INFO	1	org.l2jmobius.commons.util.IXmlReader	HomunculusData: Loaded 30 templates.
2022.10.23 20:12:29,819	INFO	1	org.l2jmobius.commons.util.IXmlReader	HomunculusSlotData: Loaded 9 templates.
2022.10.23 20:12:29,841	INFO	1	org.l2jmobius.commons.util.IXmlReader	HomunculusCreationData: Loaded 2 templates.
2022.10.23 20:12:29,842	INFO	1	org.l2jmobius.gameserver.GameServer	------------------------------------------------=[ Instance ]
2022.10.23 20:12:29,860	INFO	1	org.l2jmobius.gameserver.instancemanager.InstanceManager	InstanceManager: Loaded 325 instance names.
2022.10.23 20:12:30,589	INFO	1	org.l2jmobius.gameserver.instancemanager.InstanceManager	InstanceManager: Loaded 159 instance templates.
2022.10.23 20:12:30,590	INFO	1	org.l2jmobius.gameserver.instancemanager.InstanceManager	InstanceManager: Loaded instance reenter times for 0 players.
2022.10.23 20:12:30,590	INFO	1	org.l2jmobius.gameserver.GameServer	------------------------------------------------=[ Olympiad ]
2022.10.23 20:12:30,605	INFO	1	org.l2jmobius.gameserver.model.olympiad.Olympiad	Olympiad System: Loading....
2022.10.23 20:12:30,605	INFO	1	org.l2jmobius.gameserver.model.olympiad.Olympiad	Olympiad System: Currently in Olympiad Period
2022.10.23 20:12:30,606	INFO	1	org.l2jmobius.gameserver.model.olympiad.Olympiad	Olympiad System: 42707 minutes until period ends
2022.10.23 20:12:30,607	INFO	1	org.l2jmobius.gameserver.model.olympiad.Olympiad	Olympiad System: Next weekly change is in 10079 minutes
2022.10.23 20:12:30,607	INFO	1	org.l2jmobius.gameserver.model.olympiad.Olympiad	Olympiad System: Loaded 0 Nobles
2022.10.23 20:12:30,626	INFO	1	org.l2jmobius.gameserver.model.olympiad.Olympiad	Olympiad System: Competition Period Starts in 4 days, 23 hours and 48 mins.
2022.10.23 20:12:30,640	INFO	1	org.l2jmobius.gameserver.model.olympiad.Olympiad	Olympiad System: Event starts/started: Fri Oct 28 20:00:30 MSK 2022
2022.10.23 20:12:30,650	INFO	1	org.l2jmobius.gameserver.model.olympiad.Hero	Hero System: Loaded 0 Heroes.
2022.10.23 20:12:30,650	INFO	1	org.l2jmobius.gameserver.model.olympiad.Hero	Hero System: Loaded 0 all time Heroes.
2022.10.23 20:12:30,651	INFO	1	org.l2jmobius.gameserver.GameServer	---------------------------------------------------=[ Cache ]
2022.10.23 20:12:30,652	INFO	1	org.l2jmobius.gameserver.cache.HtmCache	Html cache start...
2022.10.23 20:13:05,590	INFO	1	org.l2jmobius.gameserver.cache.HtmCache	Cache[HTML]: 4,230 megabytes on 6376 files loaded.
2022.10.23 20:13:05,606	INFO	1	org.l2jmobius.gameserver.data.sql.CrestTable	CrestTable: Loaded 0 Crests.
2022.10.23 20:13:05,660	INFO	1	org.l2jmobius.gameserver.data.xml.TeleportListData	TeleportListData: Loaded 102 teleports.
2022.10.23 20:13:06,499	INFO	1	org.l2jmobius.gameserver.data.xml.TeleporterData	TeleporterData: Loaded 168 npc teleporters.
2022.10.23 20:13:06,526	INFO	1	org.l2jmobius.gameserver.data.xml.TimedHuntingZoneData	TimedHuntingZoneData: Loaded 8 timed hunting zones.
2022.10.23 20:13:06,594	INFO	1	org.l2jmobius.gameserver.instancemanager.CursedWeaponsManager	CursedWeaponsManager: Loaded 2 cursed weapons.
2022.10.23 20:13:07,349	INFO	1	org.l2jmobius.gameserver.data.xml.TransformData	TransformData: Loaded 180 transform templates.
2022.10.23 20:13:07,384	INFO	1	org.l2jmobius.gameserver.data.BotReportTable	BotReportTable: Loaded 0 bot reports
2022.10.23 20:13:07,432	INFO	1	org.l2jmobius.gameserver.instancemanager.SellBuffsManager	SellBuffsManager: Loaded 145 allowed buffs.
2022.10.23 20:13:07,432	INFO	1	org.l2jmobius.gameserver.GameServer	-------------------------------------------------=[ Scripts ]
2022.10.23 20:13:07,445	INFO	1	org.l2jmobius.gameserver.instancemanager.AirShipManager	AirShipManager: Loaded 0 private airships
2022.10.23 20:13:07,468	INFO	1	org.l2jmobius.gameserver.data.xml.ShuttleData	ShuttleData: Loaded 3 shuttles.
2022.10.23 20:13:07,469	INFO	1	org.l2jmobius.gameserver.GameServer	GameServer: Loading server scripts:
2022.10.23 20:13:11,147	INFO	1	handlers.MasterHandler	Loading Handlers...
2022.10.23 20:13:11,249	INFO	1	handlers.MasterHandler	ActionHandler: Loaded 10 handlers.
2022.10.23 20:13:11,249	INFO	1	handlers.MasterHandler	ActionShiftHandler: Loaded 6 handlers.
2022.10.23 20:13:11,249	INFO	1	handlers.MasterHandler	AdminCommandHandler: Loaded 461 handlers.
2022.10.23 20:13:11,251	INFO	1	handlers.MasterHandler	BypassHandler: Loaded 30 handlers.
2022.10.23 20:13:11,255	INFO	1	handlers.MasterHandler	ChatHandler: Loaded 14 handlers.
2022.10.23 20:13:11,255	INFO	1	handlers.MasterHandler	CommunityBoardHandler: Loaded 24 handlers.
2022.10.23 20:13:11,255	INFO	1	handlers.MasterHandler	ItemHandler: Loaded 33 handlers.
2022.10.23 20:13:11,256	INFO	1	handlers.MasterHandler	PunishmentHandler: Loaded 3 handlers.
2022.10.23 20:13:11,256	INFO	1	handlers.MasterHandler	UserCommandHandler: Loaded 16 handlers.
2022.10.23 20:13:11,256	INFO	1	handlers.MasterHandler	VoicedCommandHandler: Loaded 7 handlers.
2022.10.23 20:13:11,256	INFO	1	handlers.MasterHandler	TargetHandler: Loaded 21 handlers.
2022.10.23 20:13:11,256	INFO	1	handlers.MasterHandler	AffectObjectHandler: Loaded 11 handlers.
2022.10.23 20:13:11,256	INFO	1	handlers.MasterHandler	AffectScopeHandler: Loaded 19 handlers.
2022.10.23 20:13:11,256	INFO	1	handlers.MasterHandler	PlayerActionHandler: Loaded 24 handlers.
2022.10.23 20:13:11,256	INFO	1	handlers.MasterHandler	Handlers Loaded...
2022.10.23 20:13:18,003	INFO	1	ai.areas.FantasyIsle.HandysBlockCheckerEvent	Handy's Block Checker Event is enabled
2022.10.23 20:13:18,011	INFO	1	ai.areas.FantasyIsle.Parade	Fantasy Isle: Parade starting at 2022/10/23 21:20 and is scheduled each next 1 hours.
2022.10.23 20:13:18,015	INFO	1	ai.areas.FantasyIsle.TalentShow	Fantasy Isle: MC show script starting at 24/10/2022 15:24:18 and is scheduled each next 4 hours.
2022.10.23 20:13:18,301	INFO	1	org.l2jmobius.gameserver.instancemanager.GrandBossManager	GrandBossManager: Updated Anakim(29348) status to 0.
2022.10.23 20:13:18,365	INFO	1	org.l2jmobius.gameserver.instancemanager.GrandBossManager	GrandBossManager: Updated Etis van Etina(29318) status to 0.
2022.10.23 20:13:18,392	INFO	1	org.l2jmobius.gameserver.instancemanager.GrandBossManager	GrandBossManager: Updated Fafurion(19740) status to 0.
2022.10.23 20:13:18,419	INFO	1	org.l2jmobius.gameserver.instancemanager.GrandBossManager	GrandBossManager: Updated Helios(29305) status to 0.
2022.10.23 20:13:18,444	INFO	1	org.l2jmobius.gameserver.instancemanager.GrandBossManager	GrandBossManager: Updated Lilith(29336) status to 0.
2022.10.23 20:13:18,457	INFO	1	org.l2jmobius.gameserver.instancemanager.GrandBossManager	GrandBossManager: Updated Lindvior(29240) status to 0.
2022.10.23 20:13:18,553	INFO	1	ai.bosses.Tiat.Stage1	[Seed of Destruction] Loaded 51 spawn zones data.
2022.10.23 20:13:18,641	INFO	1	ai.others.ClassMaster.ClassMaster	ClassMaster: Loaded 0 class change options.
2022.10.23 20:13:18,771	INFO	1	ai.others.MentorGuide.MentorGuide	MentorGuide: Loaded 4 mentee coins
2022.10.23 20:13:18,794	INFO	1	ai.others.NpcBuffers.NpcBuffersData	NpcBuffersData: Loaded 6 buffers data.
2022.10.23 20:13:18,914	INFO	1	org.l2jmobius.gameserver.model.quest.Quest	Event Balthus Event has passed... Ignored 
2022.10.23 20:13:18,917	INFO	1	org.l2jmobius.gameserver.model.quest.Quest	Event Birth of Draco has passed... Ignored 
2022.10.23 20:13:18,922	INFO	1	org.l2jmobius.gameserver.model.quest.Quest	Event Dragon Slayer has passed... Ignored 
2022.10.23 20:13:18,928	INFO	1	org.l2jmobius.gameserver.model.quest.Quest	Event Dream Maker has passed... Ignored 
2022.10.23 20:13:18,949	INFO	1	org.l2jmobius.gameserver.model.quest.Quest	Event Eve the Fortune Teller active till Tue Dec 18 00:00:00 MSK 2029
2022.10.23 20:13:18,958	INFO	1	org.l2jmobius.gameserver.model.quest.Quest	Event Freya Celebration has passed... Ignored 
2022.10.23 20:13:18,970	INFO	1	org.l2jmobius.gameserver.model.quest.Quest	Event Gift of Vitality has passed... Ignored 
2022.10.23 20:13:18,975	INFO	1	org.l2jmobius.gameserver.model.quest.Quest	Event Halloween has passed... Ignored 
2022.10.23 20:13:18,981	INFO	1	org.l2jmobius.gameserver.model.quest.Quest	Event Heavy Medal has passed... Ignored 
2022.10.23 20:13:18,997	INFO	1	org.l2jmobius.gameserver.model.quest.Quest	Event Hungry Horse has passed... Ignored 
2022.10.23 20:13:19,004	INFO	1	org.l2jmobius.gameserver.model.quest.Quest	Event Hunt for Santa has passed... Ignored 
2022.10.23 20:13:19,012	INFO	1	org.l2jmobius.gameserver.model.quest.Quest	Event Legend's Mark has passed... Ignored 
2022.10.23 20:13:19,018	INFO	1	org.l2jmobius.gameserver.model.quest.Quest	Event Letter Collector has passed... Ignored 
2022.10.23 20:13:19,021	INFO	1	org.l2jmobius.gameserver.model.quest.Quest	Event Lovers Jubilee has passed... Ignored 
2022.10.23 20:13:19,029	INFO	1	org.l2jmobius.gameserver.model.quest.Quest	Event Love Your Gatekeeper has passed... Ignored 
2022.10.23 20:13:19,037	INFO	1	org.l2jmobius.gameserver.model.quest.Quest	Event Master of Enchanting has passed... Ignored 
2022.10.23 20:13:19,049	INFO	1	org.l2jmobius.gameserver.model.quest.Quest	Event Red Libra has passed... Ignored 
2022.10.23 20:13:19,055	INFO	1	org.l2jmobius.gameserver.model.quest.Quest	Event Rudolphs Blessing has passed... Ignored 
2022.10.23 20:13:19,064	INFO	1	org.l2jmobius.gameserver.model.quest.Quest	Event Saving Santa has passed... Ignored 
2022.10.23 20:13:19,068	INFO	1	org.l2jmobius.gameserver.model.quest.Quest	Event The Power Of Love has passed... Ignored 
2022.10.23 20:13:19,072	INFO	1	org.l2jmobius.gameserver.model.quest.Quest	Event Training with Dandy has passed... Ignored 
2022.10.23 20:13:19,305	INFO	1	org.l2jmobius.gameserver.data.xml.SpawnData	SpawnData: Initializing spawns...
2022.10.23 20:13:19,899	INFO	1	org.l2jmobius.gameserver.instancemanager.DBSpawnManager	DBSpawnManager: Loaded 0 instances.
2022.10.23 20:13:19,900	INFO	1	org.l2jmobius.gameserver.instancemanager.DBSpawnManager	DBSpawnManager: Scheduled 0 instances.
2022.10.23 20:13:39,680	INFO	1	org.l2jmobius.gameserver.data.xml.SpawnData	SpawnData: All spawns has been initialized!
2022.10.23 20:13:39,680	INFO	1	org.l2jmobius.gameserver.GameServer	---------------------------------------------------=[ Siege ]
2022.10.23 20:13:39,722	INFO	1	org.l2jmobius.gameserver.data.xml.SiegeScheduleData	SiegeScheduleData: Loaded 9 siege schedulers.
2022.10.23 20:13:39,751	INFO	1	org.l2jmobius.gameserver.model.siege.Siege	Siege of Gludio: Sun Nov 06 16:00:00 MSK 2022
2022.10.23 20:13:39,789	INFO	1	org.l2jmobius.gameserver.model.siege.Siege	Siege of Dion: Sun Nov 06 20:00:00 MSK 2022
2022.10.23 20:13:39,811	INFO	1	org.l2jmobius.gameserver.model.siege.Siege	Siege of Giran: Sun Nov 06 16:00:00 MSK 2022
2022.10.23 20:13:39,832	INFO	1	org.l2jmobius.gameserver.model.siege.Siege	Siege of Oren: Sun Nov 06 20:00:00 MSK 2022
2022.10.23 20:13:39,854	INFO	1	org.l2jmobius.gameserver.model.siege.Siege	Siege of Aden: Sun Nov 06 16:00:00 MSK 2022
2022.10.23 20:13:39,876	INFO	1	org.l2jmobius.gameserver.model.siege.Siege	Siege of Innadril: Sun Nov 06 20:00:00 MSK 2022
2022.10.23 20:13:39,898	INFO	1	org.l2jmobius.gameserver.model.siege.Siege	Siege of Goddard: Sun Nov 06 16:00:00 MSK 2022
2022.10.23 20:13:39,920	INFO	1	org.l2jmobius.gameserver.model.siege.Siege	Siege of Rune: Sun Nov 06 20:00:00 MSK 2022
2022.10.23 20:13:39,941	INFO	1	org.l2jmobius.gameserver.model.siege.Siege	Siege of Schuttgart: Sun Nov 06 16:00:00 MSK 2022
2022.10.23 20:13:40,103	INFO	1	org.l2jmobius.gameserver.instancemanager.FortManager	FortManager: Loaded 20 fortress.
2022.10.23 20:13:40,319	INFO	1	org.l2jmobius.gameserver.instancemanager.CastleManorManager	CastleManorManager: Loaded 258 seeds.
2022.10.23 20:13:40,347	INFO	1	org.l2jmobius.gameserver.instancemanager.CastleManorManager	CastleManorManager: Manor data loaded.
2022.10.23 20:13:40,386	INFO	1	org.l2jmobius.gameserver.instancemanager.SiegeGuardManager	SiegeGuardManager: Loaded 0 siege guards tickets.
2022.10.23 20:13:40,392	INFO	1	org.l2jmobius.gameserver.instancemanager.QuestManager	QuestManager: Loaded 56 quests.
2022.10.23 20:13:40,393	INFO	1	org.l2jmobius.gameserver.instancemanager.QuestManager	QuestManager: Loaded 428 scripts.
2022.10.23 20:13:40,476	INFO	1	org.l2jmobius.gameserver.taskmanager.TaskManager	TaskManager: Loaded 5 Tasks.
2022.10.23 20:13:40,479	INFO	1	org.l2jmobius.gameserver.instancemanager.DailyTaskManager	DailyTaskManager: Next schedule at 24/10 06:30.
2022.10.23 20:13:40,483	INFO	1	org.l2jmobius.gameserver.instancemanager.MailManager	MailManager: Loaded 0 messages.
2022.10.23 20:13:40,486	INFO	1	org.l2jmobius.gameserver.instancemanager.PunishmentManager	PunishmentManager: Loaded 0 active and 0 expired punishments.
2022.10.23 20:13:40,487	INFO	1	org.l2jmobius.gameserver.GameServer	IdManager: Free ObjectID's remaining: 1878974526
2022.10.23 20:13:40,507	INFO	1	org.l2jmobius.gameserver.data.sql.OfflineTraderTable	OfflineTraderTable: Loading offline traders...
2022.10.23 20:13:40,508	INFO	1	org.l2jmobius.gameserver.data.sql.OfflineTraderTable	OfflineTraderTable: Loaded 0 offline traders.
2022.10.23 20:13:41,773	INFO	1	org.l2jmobius.gameserver.GameServer	GameServer: Started, using 2723 of 6144 MB total memory.
2022.10.23 20:13:41,776	INFO	1	org.l2jmobius.gameserver.GameServer	GameServer: Maximum number of connected players is 2000.
2022.10.23 20:13:41,778	INFO	1	org.l2jmobius.gameserver.GameServer	GameServer: Server loaded in 142 seconds.
2022.10.23 20:13:41,983	INFO	1	org.l2jmobius.commons.network.NetworkManager	ClientNetworkManager: Listening on 192.168.1.66:7777
2022.10.23 20:13:42,008	INFO	58	org.l2jmobius.gameserver.LoginServerThread	LoginServerThread: Connecting to login on 192.168.1.66:9014
2022.10.23 20:13:42,080	INFO	58	org.l2jmobius.gameserver.LoginServerThread	LoginServerThread: Registered on login as Server 2: Sieghardt
2022.10.23 20:43:40,634	INFO	38	org.l2jmobius.gameserver.instancemanager.GlobalVariablesManager	GlobalVariablesManager: Stored 6 variables.
2022.10.23 21:13:40,660	INFO	36	org.l2jmobius.gameserver.instancemanager.GlobalVariablesManager	GlobalVariablesManager: Stored 6 variables.
2022.10.23 21:43:40,652	INFO	36	org.l2jmobius.gameserver.instancemanager.GlobalVariablesManager	GlobalVariablesManager: Stored 6 variables.
2022.10.23 21:49:49,960	WARNING	100	org.l2jmobius.gameserver.model.actor.Creature	Master access level set for character Admin! Just a warning to be careful ;)
2022.10.23 22:13:40,703	INFO	36	org.l2jmobius.gameserver.instancemanager.GlobalVariablesManager	GlobalVariablesManager: Stored 6 variables.
2022.10.23 22:43:40,644	INFO	36	org.l2jmobius.gameserver.instancemanager.GlobalVariablesManager	GlobalVariablesManager: Stored 6 variables.
2022.10.23 22:56:31,456	WARNING	100	org.l2jmobius.gameserver.network.PacketLogger	NpcHtmlMessage: Missing html page data/html/default/33999.htm
2022.10.23 22:58:11,583	WARNING	100	org.l2jmobius.gameserver.network.PacketLogger	NpcHtmlMessage: Missing html page data/html/default/33999.htm
2022.10.23 22:58:14,379	WARNING	100	org.l2jmobius.gameserver.network.PacketLogger	NpcHtmlMessage: Missing html page data/html/default/33999.htm
2022.10.23 23:13:40,767	INFO	39	org.l2jmobius.gameserver.instancemanager.GlobalVariablesManager	GlobalVariablesManager: Stored 7 variables.
2022.10.23 23:18:12,821	INFO	22	org.l2jmobius.gameserver.ui.SystemPanel	New maximum connected count of 2!
2022.10.23 23:19:26,491	WARNING	209	org.l2jmobius.gameserver.model.actor.Creature	Master access level set for character Snak! Just a warning to be careful ;)
2022.10.23 23:21:57,095	WARNING	209	org.l2jmobius.gameserver.model.actor.Creature	Master access level set for character Snak! Just a warning to be careful ;)
2022.10.23 23:41:51,502	WARNING	209	org.l2jmobius.gameserver.model.actor.Creature	Master access level set for character Snak! Just a warning to be careful ;)
2022.10.23 23:43:40,666	INFO	39	org.l2jmobius.gameserver.instancemanager.GlobalVariablesManager	GlobalVariablesManager: Stored 7 variables.
2022.10.23 23:53:15,134	INFO	44	org.l2jmobius.gameserver.model.CursedWeapon	Blood Sword Akamanah being removed online.
2022.10.23 23:53:26,826	INFO	50	org.l2jmobius.gameserver.model.CursedWeapon	Demonic Sword Zariche being removed online.
2022.10.23 23:56:38,943	INFO	45	org.l2jmobius.gameserver.instancemanager.GrandBossManager	GrandBossManager: Updated Kelbim(26124) status to 3.
2022.10.23 23:56:54,693	INFO	46	org.l2jmobius.gameserver.instancemanager.GrandBossManager	GrandBossManager: Updated Kelbim(26124) status to 3.
2022.10.23 23:57:20,633	WARNING	46	org.l2jmobius.gameserver.data.SpawnTable	SpawnTable: Spawn Spawn ID: 33525 X: -18785 Y: 18348 Z: -3760 Heading: 61670 could not be removed from the spawn XML files: java.io.FileNotFoundException: data\spawns\Others\19_18.xml (Не удается найти указанный файл)
2022.10.23 23:57:40,264	WARNING	49	org.l2jmobius.gameserver.data.SpawnTable	SpawnTable: Spawn Spawn ID: 33159 X: -18785 Y: 18348 Z: -3760 Heading: 61670 could not be removed from the spawn XML files: java.io.FileNotFoundException: data\spawns\Others\19_18.xml (Не удается найти указанный файл)
2022.10.24 00:08:45,267	WARNING	48	ai.bosses.Lindvior.Lindvior	Lindvior: Character: Snak attacked: Lindvior out of the boss zone!
2022.10.24 00:08:45,270	WARNING	48	ai.bosses.Lindvior.Lindvior	Lindvior: Character: Snak attacked: Lindvior wich is out of the boss zone!
2022.10.24 00:09:25,636	WARNING	48	org.l2jmobius.gameserver.model.quest.Quest	F:\l2ServerMain\game\data\scripts\ai\bosses\Fafurion\Fafurion.java
2022.10.24 00:13:40,708	INFO	39	org.l2jmobius.gameserver.instancemanager.GlobalVariablesManager	GlobalVariablesManager: Stored 7 variables.
2022.10.24 00:23:52,392	INFO	30	org.l2jmobius.gameserver.instancemanager.GrandBossManager	GrandBossManager: Updated Lindvior(29240) status to 0.
2022.10.24 00:43:40,861	INFO	37	org.l2jmobius.gameserver.instancemanager.GlobalVariablesManager	GlobalVariablesManager: Stored 7 variables.
2022.10.24 00:46:00,566	WARNING	44	org.l2jmobius.gameserver.model.quest.Quest	F:\l2ServerMain\game\data\scripts\ai\bosses\Helios\Helios.java
2022.10.24 00:46:14,074	WARNING	50	org.l2jmobius.gameserver.model.quest.Quest	F:\l2ServerMain\game\data\scripts\ai\bosses\Helios\Helios.java
2022.10.24 00:48:09,684	WARNING	44	org.l2jmobius.gameserver.data.SpawnTable	SpawnTable: Spawn Spawn ID: 33785 X: 207824 Y: 88148 Z: -1120 Heading: 21898 could not be removed from the spawn XML files: java.io.FileNotFoundException: data\spawns\Others\26_20.xml (Не удается найти указанный файл)
2022.10.24 00:48:17,514	WARNING	51	org.l2jmobius.gameserver.data.SpawnTable	SpawnTable: Spawn Spawn ID: 32109 X: 207824 Y: 88148 Z: -1120 Heading: 19674 could not be removed from the spawn XML files: java.io.FileNotFoundException: data\spawns\Others\26_20.xml (Не удается найти указанный файл)
2022.10.24 00:59:11,766	WARNING	100	org.l2jmobius.gameserver.network.PacketLogger	Player:Admin[268511586]: tried to crystallize Triumph Magic Sword(15685)
2022.10.24 00:59:14,686	WARNING	100	org.l2jmobius.gameserver.network.PacketLogger	Player:Admin[268511586]: tried to crystallize Triumph Magic Sword(15685)
2022.10.24 00:59:28,748	WARNING	100	org.l2jmobius.gameserver.network.PacketLogger	Player:Admin[268511586]: tried to crystallize Triumph Two Hand Staff(15684)
2022.10.24 00:59:30,414	WARNING	100	org.l2jmobius.gameserver.network.PacketLogger	Player:Admin[268511586]: tried to crystallize Triumph Two Hand Staff(15684)
2022.10.24 01:00:17,687	WARNING	100	org.l2jmobius.gameserver.network.PacketLogger	Player:Admin[268511586]: tried to crystallize Triumph Magic Sword(15685)
2022.10.24 01:09:44,358	INFO	100	org.l2jmobius.gameserver.instancemanager.GrandBossManager	GrandBossManager: Updated Baium(29020) status to 2.
2022.10.24 01:13:30,806	WARNING	20	org.l2jmobius.gameserver.Shutdown	Server scheduled restart issued shutdown command. Shutdown in 10 seconds!
2022.10.24 01:13:37,133	WARNING	58	org.l2jmobius.gameserver.LoginServerThread	LoginServerThread: LoginServer not avaible, trying to reconnect...
2022.10.24 01:13:40,656	INFO	36	org.l2jmobius.gameserver.instancemanager.GlobalVariablesManager	GlobalVariablesManager: Stored 7 variables.
2022.10.24 01:13:40,844	WARNING	370	org.l2jmobius.gameserver.Shutdown	GM shutdown countdown is over. shutting down NOW!
2022.10.24 01:13:41,004	INFO	55	org.l2jmobius.gameserver.Shutdown	All players disconnected and saved(145ms).
2022.10.24 01:13:41,004	INFO	55	org.l2jmobius.gameserver.Shutdown	Movement Task Manager: Thread interruped(0ms).
2022.10.24 01:13:41,004	INFO	55	org.l2jmobius.gameserver.Shutdown	Game Time Task Manager: Thread interruped(0ms).
2022.10.24 01:13:41,004	INFO	55	org.l2jmobius.commons.threads.ThreadPool	ThreadPool: Shutting down.
2022.10.24 01:13:41,005	INFO	55	org.l2jmobius.gameserver.Shutdown	Thread Pool Manager: Manager has been shut down(1ms).
2022.10.24 01:13:41,005	INFO	55	org.l2jmobius.gameserver.Shutdown	Login Server Thread: Thread interruped(0ms).
2022.10.24 01:13:41,005	INFO	58	org.l2jmobius.gameserver.LoginServerThread	LoginServerThread: Connecting to login on 192.168.1.66:9014
2022.10.24 01:13:41,006	INFO	55	org.l2jmobius.gameserver.network.telnet.TelnetServer	Shutting down..
2022.10.24 01:13:41,007	INFO	55	org.l2jmobius.gameserver.Shutdown	Telnet Server Thread: Thread interruped(2ms).
2022.10.24 01:13:41,007	INFO	55	org.l2jmobius.gameserver.Shutdown	GM shutdown received. Shutting down NOW!
2022.10.24 01:13:41,017	INFO	55	org.l2jmobius.gameserver.Shutdown	RaidBossSpawnManager: All raidboss info saved(10ms).
2022.10.24 01:13:41,020	INFO	55	org.l2jmobius.gameserver.Shutdown	GrandBossManager: All Grand Boss info saved(3ms).
2022.10.24 01:13:41,021	INFO	55	org.l2jmobius.gameserver.Shutdown	Item Auction Manager: All tasks stopped(1ms).
2022.10.24 01:13:41,058	INFO	55	org.l2jmobius.gameserver.Shutdown	Olympiad System: Data saved(37ms).
2022.10.24 01:13:41,059	INFO	55	org.l2jmobius.gameserver.Shutdown	Hero System: Data saved(1ms).
2022.10.24 01:13:41,115	INFO	55	org.l2jmobius.gameserver.Shutdown	Clan System: Data saved(56ms).
2022.10.24 01:13:41,117	INFO	55	org.l2jmobius.gameserver.Shutdown	Cursed Weapons Manager: Data saved(2ms).
2022.10.24 01:13:41,146	INFO	55	org.l2jmobius.gameserver.Shutdown	Castle Manor Manager: Data saved(29ms).
2022.10.24 01:13:41,148	INFO	55	org.l2jmobius.gameserver.Shutdown	Quest Manager: Data saved(2ms).
2022.10.24 01:13:41,352	INFO	55	org.l2jmobius.gameserver.instancemanager.GlobalVariablesManager	GlobalVariablesManager: Stored 8 variables.
2022.10.24 01:13:41,353	INFO	55	org.l2jmobius.gameserver.Shutdown	Global Variables Manager: Variables saved(205ms).
2022.10.24 01:13:41,354	INFO	55	org.l2jmobius.gameserver.Shutdown	Bot Report Table: Successfully saved reports to database!
2022.10.24 01:13:43,031	WARNING	58	org.l2jmobius.gameserver.LoginServerThread	LoginServerThread: LoginServer not avaible, trying to reconnect...
2022.10.24 01:13:46,359	INFO	55	org.l2jmobius.gameserver.Shutdown	Game Server: Selector thread has been shut down(1ms).
2022.10.24 01:13:46,560	INFO	55	org.l2jmobius.gameserver.Shutdown	Database Factory: Database connection has been shut down(200ms).
