2022.10.24 10:13:31,260	INFO	1	org.l2jmobius.commons.util.IXmlReader	Network Config: ipconfig.xml exists using manual configuration...
2022.10.24 10:13:31,427	INFO	1	org.l2jmobius.Config	Loaded 6 Filter Words.
2022.10.24 10:13:31,458	INFO	1	org.l2jmobius.gameserver.GameServer	------------------------------------------------=[ Database ]
2022.10.24 10:13:31,952	INFO	22	org.l2jmobius.gameserver.model.World	World: (288 by 272) World Region Grid set up.
2022.10.24 10:13:33,691	INFO	1	org.l2jmobius.commons.database.DatabaseFactory	Database: Initialized.
2022.10.24 10:13:33,691	INFO	1	org.l2jmobius.gameserver.GameServer	----------------------------------------------=[ ThreadPool ]
2022.10.24 10:13:33,692	INFO	1	org.l2jmobius.commons.threads.ThreadPool	ThreadPool: Initialized
2022.10.24 10:13:33,693	INFO	1	org.l2jmobius.commons.threads.ThreadPool	...4 scheduled pool executors with 16 total threads.
2022.10.24 10:13:33,694	INFO	1	org.l2jmobius.commons.threads.ThreadPool	...4 instant pool executors with 8 total threads.
2022.10.24 10:13:33,699	INFO	1	org.l2jmobius.gameserver.GameServer	-----------------------------------------------=[ IdManager ]
2022.10.24 10:13:33,717	INFO	1	org.l2jmobius.gameserver.instancemanager.IdManager	Updated characters online status.
2022.10.24 10:13:33,818	INFO	1	org.l2jmobius.gameserver.instancemanager.IdManager	IdManager: Cleaned 0 elements from database in 0 seconds.
2022.10.24 10:13:33,877	INFO	1	org.l2jmobius.gameserver.instancemanager.IdManager	IdManager: Cleaned 1 expired timestamps from database.
2022.10.24 10:13:33,882	INFO	1	org.l2jmobius.gameserver.instancemanager.IdManager	IdManager: 102912 id's available.
2022.10.24 10:13:33,882	INFO	1	org.l2jmobius.gameserver.GameServer	----------------------------------------=[ Scripting Engine ]
2022.10.24 10:13:34,050	INFO	1	org.l2jmobius.gameserver.scripting.ScriptEngineManager	Loaded 837 files to exclude.
2022.10.24 10:13:34,051	INFO	1	org.l2jmobius.gameserver.GameServer	--------------------------------------------------=[ Telnet ]
2022.10.24 10:13:34,227	INFO	1	org.l2jmobius.gameserver.network.telnet.TelnetServer	Telnet server is currently disabled.
2022.10.24 10:13:34,228	INFO	1	org.l2jmobius.gameserver.GameServer	---------------------------------------------------=[ World ]
2022.10.24 10:13:34,482	INFO	1	org.l2jmobius.gameserver.instancemanager.MapRegionManager	MapRegionManager: Loaded 61 map regions.
2022.10.24 10:13:34,488	INFO	1	org.l2jmobius.gameserver.instancemanager.ZoneManager	ZoneManager 19 by 18 Zone Region Grid set up.
2022.10.24 10:13:35,194	INFO	1	org.l2jmobius.gameserver.instancemanager.ZoneManager	ZoneManager: Loaded 34 zone classes and 2957 zones.
2022.10.24 10:13:35,202	INFO	1	org.l2jmobius.gameserver.instancemanager.ZoneManager	ZoneManager: Last static id 210110.
2022.10.24 10:13:35,723	INFO	1	org.l2jmobius.gameserver.data.xml.DoorData	DoorData: Loaded 1520 doors.
2022.10.24 10:13:35,738	INFO	1	FenceData	FenceData: Loaded 1 fences.
2022.10.24 10:13:35,772	INFO	1	org.l2jmobius.gameserver.instancemanager.GlobalVariablesManager	GlobalVariablesManager: Loaded 8 variables.
2022.10.24 10:13:35,772	INFO	1	org.l2jmobius.gameserver.GameServer	----------------------------------------------------=[ Data ]
2022.10.24 10:13:35,784	INFO	1	org.l2jmobius.gameserver.data.xml.ActionData	ActionData: Loaded 216 player actions.
2022.10.24 10:13:35,895	INFO	1	org.l2jmobius.gameserver.data.xml.CategoryData	CategoryData: Loaded 216 categories.
2022.10.24 10:13:35,927	INFO	1	org.l2jmobius.gameserver.data.xml.SecondaryAuthData	SecondaryAuthData: Loaded 328 forbidden passwords.
2022.10.24 10:13:38,915	INFO	1	org.l2jmobius.gameserver.data.ItemTable	ItemTable: Highest item id used: 96959
2022.10.24 10:13:38,955	INFO	1	org.l2jmobius.gameserver.data.ItemTable	ItemTable: Loaded 24150 Etc Items
2022.10.24 10:13:38,956	INFO	1	org.l2jmobius.gameserver.data.ItemTable	ItemTable: Loaded 12756 Armor Items
2022.10.24 10:13:38,964	INFO	1	org.l2jmobius.gameserver.data.ItemTable	ItemTable: Loaded 9112 Weapon Items
2022.10.24 10:13:38,965	INFO	1	org.l2jmobius.gameserver.data.ItemTable	ItemTable: Loaded 46018 Items in total.
2022.10.24 10:13:39,021	INFO	1	org.l2jmobius.gameserver.data.xml.CombinationItemsData	CombinationItemsData: Loaded 4421 combinations.
2022.10.24 10:13:39,043	INFO	1	org.l2jmobius.gameserver.data.xml.SayuneData	SayuneData: Loaded 71 maps.
2022.10.24 10:13:40,338	INFO	1	handlers.DailyMissionMasterHandler	DailyMissionMasterHandler:  Loaded 10 handlers.
2022.10.24 10:13:40,384	INFO	1	org.l2jmobius.gameserver.data.xml.DailyMissionData	DailyMissionData: Loaded 87 one day rewards.
2022.10.24 10:13:40,384	INFO	1	org.l2jmobius.gameserver.GameServer	--------------------------------------------------=[ Skills ]
2022.10.24 10:13:44,883	INFO	1	handlers.EffectMasterHandler	EffectMasterHandler: Loaded 389 effect handlers.
2022.10.24 10:13:44,909	INFO	1	org.l2jmobius.gameserver.data.xml.EnchantSkillGroupsData	EnchantSkillGroupsData: Loaded 20 enchant routes, max enchant set to 20.
2022.10.24 10:13:50,656	INFO	1	org.l2jmobius.gameserver.data.xml.SkillData	SkillData: Loaded 169946 Skills.
2022.10.24 10:13:51,461	INFO	1	org.l2jmobius.gameserver.data.xml.SkillTreeData	SkillTreeData: Loaded 19373 Class skills for 150 class skill trees.
2022.10.24 10:13:51,461	INFO	1	org.l2jmobius.gameserver.data.xml.SkillTreeData	SkillTreeData: Loaded 1 sub-class skills.
2022.10.24 10:13:51,462	INFO	1	org.l2jmobius.gameserver.data.xml.SkillTreeData	SkillTreeData: Loaded 33 dual-class skills.
2022.10.24 10:13:51,462	INFO	1	org.l2jmobius.gameserver.data.xml.SkillTreeData	SkillTreeData: Loaded 104 transfer skills for 3 transfer skill trees.
2022.10.24 10:13:51,462	INFO	1	org.l2jmobius.gameserver.data.xml.SkillTreeData	SkillTreeData: Loaded 18 race skills for 7 race skill trees.
2022.10.24 10:13:51,463	INFO	1	org.l2jmobius.gameserver.data.xml.SkillTreeData	SkillTreeData: Loaded 35 fishing skills, 8 Dwarven only fishing skills.
2022.10.24 10:13:51,463	INFO	1	org.l2jmobius.gameserver.data.xml.SkillTreeData	SkillTreeData: Loaded 3 collect skills.
2022.10.24 10:13:51,473	INFO	1	org.l2jmobius.gameserver.data.xml.SkillTreeData	SkillTreeData: Loaded 11 clan skills, 0 for clan and 11 residential.
2022.10.24 10:13:51,474	INFO	1	org.l2jmobius.gameserver.data.xml.SkillTreeData	SkillTreeData: Loaded 0 sub-pledge skills.
2022.10.24 10:13:51,475	INFO	1	org.l2jmobius.gameserver.data.xml.SkillTreeData	SkillTreeData: Loaded 32 transform skills.
2022.10.24 10:13:51,475	INFO	1	org.l2jmobius.gameserver.data.xml.SkillTreeData	SkillTreeData: Loaded 22 noble skills.
2022.10.24 10:13:51,475	INFO	1	org.l2jmobius.gameserver.data.xml.SkillTreeData	SkillTreeData: Loaded 4 hero skills.
2022.10.24 10:13:51,476	INFO	1	org.l2jmobius.gameserver.data.xml.SkillTreeData	SkillTreeData: Loaded 61 game master skills.
2022.10.24 10:13:51,477	INFO	1	org.l2jmobius.gameserver.data.xml.SkillTreeData	SkillTreeData: Loaded 61 game master aura skills.
2022.10.24 10:13:51,477	INFO	1	org.l2jmobius.gameserver.data.xml.SkillTreeData	SkillTreeData: Loaded 123 ability skills.
2022.10.24 10:13:51,479	INFO	1	org.l2jmobius.gameserver.data.xml.SkillTreeData	SkillTreeData: Loaded 113 alchemy skills.
2022.10.24 10:13:51,480	INFO	1	org.l2jmobius.gameserver.data.xml.SkillTreeData	SkillTreeData: Loaded 37 class awaken save skills.
2022.10.24 10:13:51,481	INFO	1	org.l2jmobius.gameserver.data.xml.SkillTreeData	SkillTreeData: Loaded 20 Revelation skills.
2022.10.24 10:13:51,481	INFO	1	org.l2jmobius.gameserver.data.xml.SkillTreeData	SkillTreeData: Loaded 35 common skills.
2022.10.24 10:13:51,508	INFO	1	org.l2jmobius.gameserver.data.xml.PetSkillData	PetSkillData: Loaded 1084 skills.
2022.10.24 10:13:51,509	INFO	1	org.l2jmobius.gameserver.GameServer	---------------------------------------------------=[ Items ]
2022.10.24 10:13:51,637	INFO	1	org.l2jmobius.gameserver.data.xml.EnchantItemGroupsData	EnchantItemGroupsData: Loaded 31 item group templates.
2022.10.24 10:13:51,637	INFO	1	org.l2jmobius.gameserver.data.xml.EnchantItemGroupsData	EnchantItemGroupsData: Loaded 5 scroll group templates.
2022.10.24 10:13:51,662	INFO	1	org.l2jmobius.gameserver.data.xml.EnchantItemData	EnchantItemData: Loaded 286 enchant scrolls.
2022.10.24 10:13:51,663	INFO	1	org.l2jmobius.gameserver.data.xml.EnchantItemData	EnchantItemData: Loaded 104 support items.
2022.10.24 10:13:51,707	INFO	1	org.l2jmobius.gameserver.data.xml.EnchantItemOptionsData	EnchantItemOptionsData: Loaded 353 items and 4710 options.
2022.10.24 10:13:51,720	INFO	1	org.l2jmobius.commons.util.IXmlReader	ElementalAttributeData: Loaded 139 elemental attribute items.
2022.10.24 10:13:51,741	INFO	1	org.l2jmobius.gameserver.data.xml.ItemCrystallizationData	ItemCrystallizationData: Loaded 13 crystallization templates.
2022.10.24 10:13:51,742	INFO	1	org.l2jmobius.gameserver.data.xml.ItemCrystallizationData	ItemCrystallizationData: Loaded 338 pre-defined crystallizable items.
2022.10.24 10:13:51,767	INFO	1	org.l2jmobius.gameserver.data.xml.ItemCrystallizationData	ItemCrystallizationData: Generated 5988 crystallizable items from templates.
2022.10.24 10:13:53,361	INFO	1	org.l2jmobius.gameserver.data.xml.OptionData	OptionData: Loaded 37581 options.
2022.10.24 10:13:53,420	INFO	1	VariationData	VariationData: Loaded 37 variations.
2022.10.24 10:13:53,420	INFO	1	VariationData	VariationData: Loaded 2463 fees.
2022.10.24 10:13:53,471	INFO	1	org.l2jmobius.gameserver.data.xml.EnsoulData	EnsoulData: Loaded 128 fees.
2022.10.24 10:13:53,471	INFO	1	org.l2jmobius.gameserver.data.xml.EnsoulData	EnsoulData: Loaded 1169 options.
2022.10.24 10:13:53,471	INFO	1	org.l2jmobius.gameserver.data.xml.EnsoulData	EnsoulData: Loaded 125 stones.
2022.10.24 10:13:53,485	INFO	1	org.l2jmobius.gameserver.data.xml.EnchantItemHPBonusData	EnchantItemHPBonusData: Loaded 12 enchant HP bonuses.
2022.10.24 10:13:54,930	INFO	1	org.l2jmobius.gameserver.data.xml.BuyListData	BuyListData: Loaded 921 buyLists.
2022.10.24 10:13:56,262	INFO	1	org.l2jmobius.gameserver.data.xml.MultisellData	MultisellData: Loaded 599 multisell lists.
2022.10.24 10:13:56,327	INFO	1	org.l2jmobius.gameserver.data.xml.EquipmentUpgradeData	EquipmentUpgradeData: Loaded 6931 upgrade equipment data.
2022.10.24 10:13:56,368	INFO	1	org.l2jmobius.gameserver.data.xml.AgathionData	AgathionData: Loaded 435 agathion data.
2022.10.24 10:13:56,483	INFO	1	org.l2jmobius.gameserver.data.xml.RecipeData	RecipeData: Loaded 1816 recipes.
2022.10.24 10:13:56,551	INFO	1	org.l2jmobius.gameserver.data.xml.ArmorSetData	ArmorSetData: Loaded 370 armor sets.
2022.10.24 10:13:56,560	INFO	1	org.l2jmobius.gameserver.data.xml.FishingData	FishingData: Loaded 9 bait and 14 rod data.
2022.10.24 10:13:56,636	INFO	1	org.l2jmobius.gameserver.data.xml.HennaData	HennaData: Loaded 549 henna data.
2022.10.24 10:13:56,650	INFO	1	org.l2jmobius.gameserver.data.xml.PrimeShopData	PrimeShopData: Loaded 99 items.
2022.10.24 10:13:56,662	INFO	1	org.l2jmobius.gameserver.data.xml.LimitShopData	LimitShopData: Loaded 44 items.
2022.10.24 10:13:56,689	INFO	1	org.l2jmobius.gameserver.data.xml.LimitShopData	LimitShopCraftData: Loaded 131 items.
2022.10.24 10:13:56,707	INFO	1	org.l2jmobius.gameserver.data.xml.CollectionData	CollectionData: Loaded 188 collections.
2022.10.24 10:13:56,745	INFO	1	org.l2jmobius.gameserver.data.xml.AppearanceItemData	AppearanceItemData: Loaded 1282 stones.
2022.10.24 10:13:56,762	INFO	1	org.l2jmobius.gameserver.data.xml.AlchemyData	AlchemyData: Loaded 114 alchemy craft skills.
2022.10.24 10:13:56,778	INFO	1	org.l2jmobius.commons.util.IXmlReader	LuckyGameData: Loaded 2 lucky game data.
2022.10.24 10:13:56,780	INFO	1	org.l2jmobius.gameserver.data.xml.AttendanceRewardData	AttendanceRewardData: Disabled.
2022.10.24 10:13:56,780	INFO	1	org.l2jmobius.gameserver.GameServer	----------------------------------------------=[ Characters ]
2022.10.24 10:13:56,785	INFO	1	org.l2jmobius.gameserver.data.xml.ClassListData	ClassListData: Loaded 158 class data.
2022.10.24 10:13:56,790	INFO	1	org.l2jmobius.gameserver.data.xml.InitialEquipmentData	InitialEquipmentData: Loaded 14 initial equipment data.
2022.10.24 10:13:56,796	INFO	1	org.l2jmobius.gameserver.data.xml.InitialShortcutData	InitialShortcutData: Loaded 5 initial global shortcuts data.
2022.10.24 10:13:56,796	INFO	1	org.l2jmobius.gameserver.data.xml.InitialShortcutData	InitialShortcutData: Loaded 5 initial shortcuts data.
2022.10.24 10:13:56,796	INFO	1	org.l2jmobius.gameserver.data.xml.InitialShortcutData	InitialShortcutData: Loaded 0 macro presets.
2022.10.24 10:13:56,800	INFO	1	org.l2jmobius.gameserver.data.xml.ExperienceData	ExperienceData: Loaded 131 levels.
2022.10.24 10:13:56,800	INFO	1	org.l2jmobius.gameserver.data.xml.ExperienceData	ExperienceData: Max Player Level is 130.
2022.10.24 10:13:56,800	INFO	1	org.l2jmobius.gameserver.data.xml.ExperienceData	ExperienceData: Max Pet Level is 99.
2022.10.24 10:13:56,811	INFO	1	org.l2jmobius.gameserver.data.xml.KarmaData	KarmaData: Loaded 130 karma modifiers.
2022.10.24 10:13:56,822	INFO	1	org.l2jmobius.gameserver.data.xml.HitConditionBonusData	HitConditionBonusData: Loaded hit condition bonuses.
2022.10.24 10:13:57,400	INFO	1	org.l2jmobius.gameserver.data.xml.PlayerTemplateData	PlayerTemplateData: Loaded 150 character templates.
2022.10.24 10:13:57,404	INFO	1	org.l2jmobius.gameserver.data.xml.PlayerTemplateData	PlayerTemplateData: Loaded 108000 level up gain records.
2022.10.24 10:13:57,404	INFO	1	org.l2jmobius.gameserver.data.xml.PlayerTemplateData	PlayerTemplateData: Generated 1500 level up gain records.
2022.10.24 10:13:57,410	INFO	1	org.l2jmobius.gameserver.data.sql.CharNameTable	CharNameTable: Loaded 2 char names.
2022.10.24 10:13:57,423	INFO	1	org.l2jmobius.gameserver.data.xml.AdminData	AdminData: Loaded 10 access levels.
2022.10.24 10:13:57,432	INFO	1	org.l2jmobius.gameserver.data.xml.AdminData	AdminData: Loaded 468 access commands.
2022.10.24 10:13:57,927	INFO	1	org.l2jmobius.gameserver.data.xml.PetDataTable	PetDataTable: Loaded 56 pets.
2022.10.24 10:13:57,987	INFO	1	org.l2jmobius.gameserver.data.xml.CubicData	CubicData: Loaded 25 cubics.
2022.10.24 10:13:58,001	INFO	1	org.l2jmobius.gameserver.GameServer	---------------------------------------------------=[ Clans ]
2022.10.24 10:13:58,014	INFO	1	org.l2jmobius.gameserver.communitybbs.Manager.ForumsBBSManager	ForumsBBSManager: Loaded 5 forums. Last forum id used: 5
2022.10.24 10:13:58,097	INFO	1	org.l2jmobius.gameserver.data.sql.ClanTable	ClanTable: Restored 1 clans from the database.
2022.10.24 10:13:58,105	INFO	1	org.l2jmobius.gameserver.data.xml.ResidenceFunctionsData	ResidenceFunctionsData: Loaded 8 functions.
2022.10.24 10:13:58,267	INFO	1	org.l2jmobius.gameserver.data.xml.ClanHallData	ClanHallData: Succesfully loaded 57 clan halls.
2022.10.24 10:13:58,269	INFO	1	org.l2jmobius.gameserver.instancemanager.ClanHallAuctionManager	ClanHallAuctionManager: Clan Hall Auction has started!
2022.10.24 10:13:58,302	INFO	1	org.l2jmobius.gameserver.instancemanager.ClanEntryManager	ClanEntryManager: Loaded 0 clan entries.
2022.10.24 10:13:58,303	INFO	1	org.l2jmobius.gameserver.instancemanager.ClanEntryManager	ClanEntryManager: Loaded 0 players in waiting list.
2022.10.24 10:13:58,305	INFO	1	org.l2jmobius.gameserver.instancemanager.ClanEntryManager	ClanEntryManager: Loaded 0 player applications.
2022.10.24 10:13:58,310	INFO	1	org.l2jmobius.gameserver.data.xml.ClanMasteryData	ClanMasteryData: Loaded 16 clan masteries.
2022.10.24 10:13:58,323	INFO	1	org.l2jmobius.gameserver.data.xml.ClanShopData	ClanShopData: Loaded 13 clan shop products.
2022.10.24 10:13:58,327	INFO	1	org.l2jmobius.gameserver.GameServer	-------------------------------------------------=[ Geodata ]
2022.10.24 10:14:07,267	INFO	1	org.l2jmobius.gameserver.geoengine.GeoEngine	GeoEngine: Loaded 233 regions.
2022.10.24 10:14:07,267	INFO	1	org.l2jmobius.gameserver.GameServer	----------------------------------------------------=[ NPCs ]
2022.10.24 10:14:11,824	INFO	1	org.l2jmobius.gameserver.data.xml.NpcData	NpcData: Loaded 14682 NPCs.
2022.10.24 10:14:11,847	INFO	1	org.l2jmobius.gameserver.data.xml.NpcData	NpcData: Loaded 22 custom NPCs.
2022.10.24 10:14:11,849	INFO	1	org.l2jmobius.gameserver.data.xml.FakePlayerData	FakePlayerData: Disabled.
2022.10.24 10:14:11,852	INFO	1	org.l2jmobius.gameserver.instancemanager.FakePlayerChatManager	FakePlayerChatManager: Disabled.
2022.10.24 10:14:13,035	INFO	1	org.l2jmobius.gameserver.data.xml.SpawnData	SpawnData: Loaded 62083 spawns
2022.10.24 10:14:13,068	INFO	1	org.l2jmobius.gameserver.instancemanager.WalkingManager	WalkingManager: Loaded 197 walking routes.
2022.10.24 10:14:13,101	INFO	1	org.l2jmobius.gameserver.data.xml.StaticObjectData	StaticObjectData: Loaded 86 static object templates.
2022.10.24 10:14:13,122	INFO	1	org.l2jmobius.gameserver.model.itemauction.ItemAuctionInstance	ItemAuctionInstance: Loaded 21 item(s) and registered 1 auction(s) for instance 34328
2022.10.24 10:14:13,135	INFO	1	org.l2jmobius.gameserver.model.itemauction.ItemAuctionInstance	ItemAuctionInstance: Schedule next auction 1 on 17:00:00 29.10.22 for instance 34328
2022.10.24 10:14:13,135	INFO	1	org.l2jmobius.gameserver.instancemanager.ItemAuctionManager	ItemAuctionManager: Loaded 1 instances.
2022.10.24 10:14:13,200	INFO	1	org.l2jmobius.gameserver.instancemanager.CastleManager	CastleManager: Loaded 9 castles.
2022.10.24 10:14:13,207	INFO	1	org.l2jmobius.gameserver.instancemanager.GrandBossManager	GrandBossManager: Fafurion(19740) status is 0
2022.10.24 10:14:13,207	INFO	1	org.l2jmobius.gameserver.instancemanager.GrandBossManager	GrandBossManager: Kelbim(26124) status is 3
2022.10.24 10:14:13,226	INFO	1	org.l2jmobius.gameserver.instancemanager.GrandBossManager	GrandBossManager: Next spawn date of Kelbim is Thu Jan 01 03:00:00 MSK 1970
2022.10.24 10:14:13,227	INFO	1	org.l2jmobius.gameserver.instancemanager.GrandBossManager	GrandBossManager: Core(29006) status is 0
2022.10.24 10:14:13,227	INFO	1	org.l2jmobius.gameserver.instancemanager.GrandBossManager	GrandBossManager: Baium(29020) status is 2
2022.10.24 10:14:13,227	INFO	1	org.l2jmobius.gameserver.instancemanager.GrandBossManager	GrandBossManager: Next spawn date of Baium is Thu Jan 01 03:00:00 MSK 1970
2022.10.24 10:14:13,229	INFO	1	org.l2jmobius.gameserver.instancemanager.GrandBossManager	GrandBossManager: Valakas(29028) status is 0
2022.10.24 10:14:13,229	INFO	1	org.l2jmobius.gameserver.instancemanager.GrandBossManager	GrandBossManager: Antharas(29068) status is 0
2022.10.24 10:14:13,229	INFO	1	org.l2jmobius.gameserver.instancemanager.GrandBossManager	GrandBossManager: Beleth(29118) status is 0
2022.10.24 10:14:13,229	INFO	1	org.l2jmobius.gameserver.instancemanager.GrandBossManager	GrandBossManager: Earth Wyrm Trasken(29197) status is 0
2022.10.24 10:14:13,232	INFO	1	org.l2jmobius.gameserver.instancemanager.GrandBossManager	GrandBossManager: Lindvior(29240) status is 0
2022.10.24 10:14:13,233	INFO	1	org.l2jmobius.gameserver.instancemanager.GrandBossManager	GrandBossManager: Helios(29305) status is 0
2022.10.24 10:14:13,233	INFO	1	org.l2jmobius.gameserver.instancemanager.GrandBossManager	GrandBossManager: Orfen(29325) status is 0
2022.10.24 10:14:13,233	INFO	1	org.l2jmobius.gameserver.instancemanager.GrandBossManager	GrandBossManager: Lilith(29336) status is 0
2022.10.24 10:14:13,233	INFO	1	org.l2jmobius.gameserver.instancemanager.GrandBossManager	GrandBossManager: Anakim(29348) status is 0
2022.10.24 10:14:13,233	INFO	1	org.l2jmobius.gameserver.instancemanager.GrandBossManager	GrandBossManager: Queen Ant(29381) status is 0
2022.10.24 10:14:13,234	INFO	1	org.l2jmobius.gameserver.instancemanager.GrandBossManager	GrandBossManager: Loaded 14 instances.
2022.10.24 10:14:13,247	INFO	1	org.l2jmobius.commons.util.IXmlReader	HomunculusData: Loaded 30 templates.
2022.10.24 10:14:13,254	INFO	1	org.l2jmobius.commons.util.IXmlReader	HomunculusSlotData: Loaded 9 templates.
2022.10.24 10:14:13,263	INFO	1	org.l2jmobius.commons.util.IXmlReader	HomunculusCreationData: Loaded 2 templates.
2022.10.24 10:14:13,264	INFO	1	org.l2jmobius.gameserver.GameServer	------------------------------------------------=[ Instance ]
2022.10.24 10:14:13,278	INFO	1	org.l2jmobius.gameserver.instancemanager.InstanceManager	InstanceManager: Loaded 325 instance names.
2022.10.24 10:14:13,810	INFO	1	org.l2jmobius.gameserver.instancemanager.InstanceManager	InstanceManager: Loaded 159 instance templates.
2022.10.24 10:14:13,811	INFO	1	org.l2jmobius.gameserver.instancemanager.InstanceManager	InstanceManager: Loaded instance reenter times for 0 players.
2022.10.24 10:14:13,811	INFO	1	org.l2jmobius.gameserver.GameServer	------------------------------------------------=[ Olympiad ]
2022.10.24 10:14:13,823	INFO	1	org.l2jmobius.gameserver.model.olympiad.Olympiad	Olympiad System: Loading....
2022.10.24 10:14:13,823	INFO	1	org.l2jmobius.gameserver.model.olympiad.Olympiad	Olympiad System: Currently in Olympiad Period
2022.10.24 10:14:13,825	INFO	1	org.l2jmobius.gameserver.model.olympiad.Olympiad	Olympiad System: 41865 minutes until period ends
2022.10.24 10:14:13,825	INFO	1	org.l2jmobius.gameserver.model.olympiad.Olympiad	Olympiad System: Next weekly change is in 9238 minutes
2022.10.24 10:14:13,825	INFO	1	org.l2jmobius.gameserver.model.olympiad.Olympiad	Olympiad System: Loaded 0 Nobles
2022.10.24 10:14:13,832	INFO	1	org.l2jmobius.gameserver.model.olympiad.Olympiad	Olympiad System: Competition Period Starts in 4 days, 9 hours and 45 mins.
2022.10.24 10:14:13,832	INFO	1	org.l2jmobius.gameserver.model.olympiad.Olympiad	Olympiad System: Event starts/started: Fri Oct 28 20:00:13 MSK 2022
2022.10.24 10:14:13,838	INFO	1	org.l2jmobius.gameserver.model.olympiad.Hero	Hero System: Loaded 0 Heroes.
2022.10.24 10:14:13,838	INFO	1	org.l2jmobius.gameserver.model.olympiad.Hero	Hero System: Loaded 0 all time Heroes.
2022.10.24 10:14:13,839	INFO	1	org.l2jmobius.gameserver.GameServer	---------------------------------------------------=[ Cache ]
2022.10.24 10:14:13,841	INFO	1	org.l2jmobius.gameserver.cache.HtmCache	Html cache start...
2022.10.24 10:14:15,124	INFO	1	org.l2jmobius.gameserver.cache.HtmCache	Cache[HTML]: 4,230 megabytes on 6376 files loaded.
2022.10.24 10:14:15,135	INFO	1	org.l2jmobius.gameserver.data.sql.CrestTable	CrestTable: Loaded 0 Crests.
2022.10.24 10:14:15,154	INFO	1	org.l2jmobius.gameserver.data.xml.TeleportListData	TeleportListData: Loaded 102 teleports.
2022.10.24 10:14:16,073	INFO	1	org.l2jmobius.gameserver.data.xml.TeleporterData	TeleporterData: Loaded 168 npc teleporters.
2022.10.24 10:14:16,097	INFO	1	org.l2jmobius.gameserver.data.xml.TimedHuntingZoneData	TimedHuntingZoneData: Loaded 8 timed hunting zones.
2022.10.24 10:14:16,116	INFO	1	org.l2jmobius.gameserver.instancemanager.CursedWeaponsManager	CursedWeaponsManager: Loaded 2 cursed weapons.
2022.10.24 10:14:16,936	INFO	1	org.l2jmobius.gameserver.data.xml.TransformData	TransformData: Loaded 180 transform templates.
2022.10.24 10:14:16,960	INFO	1	org.l2jmobius.gameserver.data.BotReportTable	BotReportTable: Loaded 0 bot reports
2022.10.24 10:14:16,977	INFO	1	org.l2jmobius.gameserver.instancemanager.SellBuffsManager	SellBuffsManager: Loaded 145 allowed buffs.
2022.10.24 10:14:16,978	INFO	1	org.l2jmobius.gameserver.GameServer	-------------------------------------------------=[ Scripts ]
2022.10.24 10:14:16,985	INFO	1	org.l2jmobius.gameserver.instancemanager.AirShipManager	AirShipManager: Loaded 0 private airships
2022.10.24 10:14:17,015	INFO	1	org.l2jmobius.gameserver.data.xml.ShuttleData	ShuttleData: Loaded 3 shuttles.
2022.10.24 10:14:17,019	INFO	1	org.l2jmobius.gameserver.GameServer	GameServer: Loading server scripts:
2022.10.24 10:14:21,130	INFO	1	handlers.MasterHandler	Loading Handlers...
2022.10.24 10:14:21,241	INFO	1	handlers.MasterHandler	ActionHandler: Loaded 10 handlers.
2022.10.24 10:14:21,241	INFO	1	handlers.MasterHandler	ActionShiftHandler: Loaded 6 handlers.
2022.10.24 10:14:21,241	INFO	1	handlers.MasterHandler	AdminCommandHandler: Loaded 461 handlers.
2022.10.24 10:14:21,241	INFO	1	handlers.MasterHandler	BypassHandler: Loaded 30 handlers.
2022.10.24 10:14:21,242	INFO	1	handlers.MasterHandler	ChatHandler: Loaded 14 handlers.
2022.10.24 10:14:21,242	INFO	1	handlers.MasterHandler	CommunityBoardHandler: Loaded 24 handlers.
2022.10.24 10:14:21,242	INFO	1	handlers.MasterHandler	ItemHandler: Loaded 33 handlers.
2022.10.24 10:14:21,242	INFO	1	handlers.MasterHandler	PunishmentHandler: Loaded 3 handlers.
2022.10.24 10:14:21,242	INFO	1	handlers.MasterHandler	UserCommandHandler: Loaded 16 handlers.
2022.10.24 10:14:21,242	INFO	1	handlers.MasterHandler	VoicedCommandHandler: Loaded 7 handlers.
2022.10.24 10:14:21,242	INFO	1	handlers.MasterHandler	TargetHandler: Loaded 21 handlers.
2022.10.24 10:14:21,242	INFO	1	handlers.MasterHandler	AffectObjectHandler: Loaded 11 handlers.
2022.10.24 10:14:21,243	INFO	1	handlers.MasterHandler	AffectScopeHandler: Loaded 19 handlers.
2022.10.24 10:14:21,246	INFO	1	handlers.MasterHandler	PlayerActionHandler: Loaded 24 handlers.
2022.10.24 10:14:21,246	INFO	1	handlers.MasterHandler	Handlers Loaded...
2022.10.24 10:14:27,359	INFO	1	ai.areas.FantasyIsle.HandysBlockCheckerEvent	Handy's Block Checker Event is enabled
2022.10.24 10:14:27,372	INFO	1	ai.areas.FantasyIsle.Parade	Fantasy Isle: Parade starting at 2022/10/24 13:20 and is scheduled each next 1 hours.
2022.10.24 10:14:27,392	INFO	1	ai.areas.FantasyIsle.TalentShow	Fantasy Isle: MC show script starting at 24/10/2022 17:18:27 and is scheduled each next 4 hours.
2022.10.24 10:14:27,683	INFO	1	org.l2jmobius.gameserver.instancemanager.GrandBossManager	GrandBossManager: Updated Anakim(29348) status to 0.
2022.10.24 10:14:27,760	INFO	1	org.l2jmobius.gameserver.instancemanager.GrandBossManager	GrandBossManager: Updated Etis van Etina(29318) status to 0.
2022.10.24 10:14:27,785	INFO	1	org.l2jmobius.gameserver.instancemanager.GrandBossManager	GrandBossManager: Updated Fafurion(19740) status to 0.
2022.10.24 10:14:27,809	INFO	1	org.l2jmobius.gameserver.instancemanager.GrandBossManager	GrandBossManager: Updated Helios(29305) status to 0.
2022.10.24 10:14:27,827	INFO	1	org.l2jmobius.gameserver.instancemanager.GrandBossManager	GrandBossManager: Updated Kelbim(26124) status to 0.
2022.10.24 10:14:27,864	INFO	1	org.l2jmobius.gameserver.instancemanager.GrandBossManager	GrandBossManager: Updated Lilith(29336) status to 0.
2022.10.24 10:14:27,879	INFO	1	org.l2jmobius.gameserver.instancemanager.GrandBossManager	GrandBossManager: Updated Lindvior(29240) status to 0.
2022.10.24 10:14:27,930	INFO	1	ai.bosses.Tiat.Stage1	[Seed of Destruction] Loaded 51 spawn zones data.
2022.10.24 10:14:28,058	INFO	1	ai.others.ClassMaster.ClassMaster	ClassMaster: Loaded 0 class change options.
2022.10.24 10:14:28,215	INFO	1	ai.others.MentorGuide.MentorGuide	MentorGuide: Loaded 4 mentee coins
2022.10.24 10:14:28,232	INFO	1	ai.others.NpcBuffers.NpcBuffersData	NpcBuffersData: Loaded 6 buffers data.
2022.10.24 10:14:28,340	INFO	1	org.l2jmobius.gameserver.model.quest.Quest	Event Balthus Event has passed... Ignored 
2022.10.24 10:14:28,343	INFO	1	org.l2jmobius.gameserver.model.quest.Quest	Event Birth of Draco has passed... Ignored 
2022.10.24 10:14:28,348	INFO	1	org.l2jmobius.gameserver.model.quest.Quest	Event Dragon Slayer has passed... Ignored 
2022.10.24 10:14:28,352	INFO	1	org.l2jmobius.gameserver.model.quest.Quest	Event Dream Maker has passed... Ignored 
2022.10.24 10:14:28,379	INFO	1	org.l2jmobius.gameserver.model.quest.Quest	Event Eve the Fortune Teller active till Tue Dec 18 00:00:00 MSK 2029
2022.10.24 10:14:28,387	INFO	1	org.l2jmobius.gameserver.model.quest.Quest	Event Freya Celebration has passed... Ignored 
2022.10.24 10:14:28,395	INFO	1	org.l2jmobius.gameserver.model.quest.Quest	Event Gift of Vitality has passed... Ignored 
2022.10.24 10:14:28,407	INFO	1	org.l2jmobius.gameserver.model.quest.Quest	Event Halloween has passed... Ignored 
2022.10.24 10:14:28,416	INFO	1	org.l2jmobius.gameserver.model.quest.Quest	Event Heavy Medal has passed... Ignored 
2022.10.24 10:14:28,421	INFO	1	org.l2jmobius.gameserver.model.quest.Quest	Event Hungry Horse has passed... Ignored 
2022.10.24 10:14:28,431	INFO	1	org.l2jmobius.gameserver.model.quest.Quest	Event Hunt for Santa has passed... Ignored 
2022.10.24 10:14:28,439	INFO	1	org.l2jmobius.gameserver.model.quest.Quest	Event Legend's Mark has passed... Ignored 
2022.10.24 10:14:28,446	INFO	1	org.l2jmobius.gameserver.model.quest.Quest	Event Letter Collector has passed... Ignored 
2022.10.24 10:14:28,455	INFO	1	org.l2jmobius.gameserver.model.quest.Quest	Event Lovers Jubilee has passed... Ignored 
2022.10.24 10:14:28,464	INFO	1	org.l2jmobius.gameserver.model.quest.Quest	Event Love Your Gatekeeper has passed... Ignored 
2022.10.24 10:14:28,472	INFO	1	org.l2jmobius.gameserver.model.quest.Quest	Event Master of Enchanting has passed... Ignored 
2022.10.24 10:14:28,482	INFO	1	org.l2jmobius.gameserver.model.quest.Quest	Event Red Libra has passed... Ignored 
2022.10.24 10:14:28,489	INFO	1	org.l2jmobius.gameserver.model.quest.Quest	Event Rudolphs Blessing has passed... Ignored 
2022.10.24 10:14:28,500	INFO	1	org.l2jmobius.gameserver.model.quest.Quest	Event Saving Santa has passed... Ignored 
2022.10.24 10:14:28,505	INFO	1	org.l2jmobius.gameserver.model.quest.Quest	Event The Power Of Love has passed... Ignored 
2022.10.24 10:14:28,513	INFO	1	org.l2jmobius.gameserver.model.quest.Quest	Event Training with Dandy has passed... Ignored 
2022.10.24 10:14:28,700	INFO	1	org.l2jmobius.gameserver.data.xml.SpawnData	SpawnData: Initializing spawns...
2022.10.24 10:14:28,900	INFO	1	org.l2jmobius.gameserver.instancemanager.DBSpawnManager	DBSpawnManager: Loaded 33 instances.
2022.10.24 10:14:28,900	INFO	1	org.l2jmobius.gameserver.instancemanager.DBSpawnManager	DBSpawnManager: Scheduled 0 instances.
2022.10.24 10:14:45,780	INFO	1	org.l2jmobius.gameserver.data.xml.SpawnData	SpawnData: All spawns has been initialized!
2022.10.24 10:14:45,780	INFO	1	org.l2jmobius.gameserver.GameServer	---------------------------------------------------=[ Siege ]
2022.10.24 10:14:45,787	INFO	1	org.l2jmobius.gameserver.model.siege.Siege	Siege of Gludio: Sun Nov 06 16:00:00 MSK 2022
2022.10.24 10:14:45,789	INFO	1	org.l2jmobius.gameserver.model.siege.Siege	Siege of Dion: Sun Nov 06 20:00:00 MSK 2022
2022.10.24 10:14:45,790	INFO	1	org.l2jmobius.gameserver.model.siege.Siege	Siege of Giran: Sun Nov 06 16:00:00 MSK 2022
2022.10.24 10:14:45,790	INFO	1	org.l2jmobius.gameserver.model.siege.Siege	Siege of Oren: Sun Nov 06 20:00:00 MSK 2022
2022.10.24 10:14:45,791	INFO	1	org.l2jmobius.gameserver.model.siege.Siege	Siege of Aden: Sun Nov 06 16:00:00 MSK 2022
2022.10.24 10:14:45,791	INFO	1	org.l2jmobius.gameserver.model.siege.Siege	Siege of Innadril: Sun Nov 06 20:00:00 MSK 2022
2022.10.24 10:14:45,792	INFO	1	org.l2jmobius.gameserver.model.siege.Siege	Siege of Goddard: Sun Nov 06 16:00:00 MSK 2022
2022.10.24 10:14:45,792	INFO	1	org.l2jmobius.gameserver.model.siege.Siege	Siege of Rune: Sun Nov 06 20:00:00 MSK 2022
2022.10.24 10:14:45,792	INFO	1	org.l2jmobius.gameserver.model.siege.Siege	Siege of Schuttgart: Sun Nov 06 16:00:00 MSK 2022
2022.10.24 10:14:45,944	INFO	1	org.l2jmobius.gameserver.instancemanager.FortManager	FortManager: Loaded 20 fortress.
2022.10.24 10:14:46,053	INFO	1	org.l2jmobius.gameserver.data.xml.SiegeScheduleData	SiegeScheduleData: Loaded 9 siege schedulers.
2022.10.24 10:14:46,069	INFO	1	org.l2jmobius.gameserver.instancemanager.CastleManorManager	CastleManorManager: Loaded 258 seeds.
2022.10.24 10:14:46,079	INFO	1	org.l2jmobius.gameserver.instancemanager.CastleManorManager	CastleManorManager: Manor data loaded.
2022.10.24 10:14:46,134	INFO	1	org.l2jmobius.gameserver.instancemanager.SiegeGuardManager	SiegeGuardManager: Loaded 0 siege guards tickets.
2022.10.24 10:14:46,134	INFO	1	org.l2jmobius.gameserver.instancemanager.QuestManager	QuestManager: Loaded 56 quests.
2022.10.24 10:14:46,134	INFO	1	org.l2jmobius.gameserver.instancemanager.QuestManager	QuestManager: Loaded 428 scripts.
2022.10.24 10:14:46,151	INFO	1	org.l2jmobius.gameserver.taskmanager.TaskManager	TaskManager: Loaded 5 Tasks.
2022.10.24 10:14:46,153	INFO	1	org.l2jmobius.gameserver.instancemanager.DailyTaskManager	DailyTaskManager: Next schedule at 25/10 06:30.
2022.10.24 10:14:46,156	INFO	1	org.l2jmobius.gameserver.instancemanager.MailManager	MailManager: Loaded 0 messages.
2022.10.24 10:14:46,160	INFO	1	org.l2jmobius.gameserver.instancemanager.PunishmentManager	PunishmentManager: Loaded 0 active and 0 expired punishments.
2022.10.24 10:14:46,161	INFO	1	org.l2jmobius.gameserver.GameServer	IdManager: Free ObjectID's remaining: 1878974891
2022.10.24 10:14:46,174	INFO	1	org.l2jmobius.gameserver.data.sql.OfflineTraderTable	OfflineTraderTable: Loading offline traders...
2022.10.24 10:14:46,242	WARNING	1	org.l2jmobius.gameserver.model.actor.Creature	Master access level set for character Snak! Just a warning to be careful ;)
2022.10.24 10:14:46,546	INFO	1	org.l2jmobius.gameserver.data.sql.OfflineTraderTable	OfflineTraderTable: Loaded 1 offline traders.
2022.10.24 10:14:47,891	INFO	1	org.l2jmobius.gameserver.GameServer	GameServer: Started, using 2723 of 6144 MB total memory.
2022.10.24 10:14:47,892	INFO	1	org.l2jmobius.gameserver.GameServer	GameServer: Maximum number of connected players is 2000.
2022.10.24 10:14:47,892	INFO	1	org.l2jmobius.gameserver.GameServer	GameServer: Server loaded in 77 seconds.
2022.10.24 10:14:48,074	INFO	1	org.l2jmobius.commons.network.NetworkManager	ClientNetworkManager: Listening on 192.168.1.66:7777
2022.10.24 10:14:48,082	INFO	58	org.l2jmobius.gameserver.LoginServerThread	LoginServerThread: Connecting to login on 192.168.1.66:9014
2022.10.24 10:14:48,196	INFO	58	org.l2jmobius.gameserver.LoginServerThread	LoginServerThread: Registered on login as Server 2: Sieghardt
2022.10.24 10:16:52,822	WARNING	60	org.l2jmobius.gameserver.model.actor.Creature	Master access level set for character Admin! Just a warning to be careful ;)
2022.10.24 10:17:09,843	INFO	22	org.l2jmobius.gameserver.ui.SystemPanel	New maximum connected count of 2!
2022.10.24 10:44:27,833	INFO	30	org.l2jmobius.gameserver.instancemanager.GrandBossManager	GrandBossManager: Updated Baium(29020) status to 0.
2022.10.24 10:44:46,362	INFO	40	org.l2jmobius.gameserver.instancemanager.GlobalVariablesManager	GlobalVariablesManager: Stored 8 variables.
2022.10.24 11:03:31,275	INFO	47	handlers.admincommandhandlers.AdminSpawn	('',1,24458,-16394,44311,-3761,0,0,33344,60,0,0),
2022.10.24 11:03:35,737	INFO	44	handlers.admincommandhandlers.AdminSpawn	{ 24458, -16394, 44311, -3761, 33344 },
2022.10.24 11:14:46,352	INFO	42	org.l2jmobius.gameserver.instancemanager.GlobalVariablesManager	GlobalVariablesManager: Stored 8 variables.
2022.10.24 11:19:58,192	WARNING	20	org.l2jmobius.gameserver.Shutdown	Server scheduled restart issued shutdown command. Shutdown in 10 seconds!
2022.10.24 11:20:08,235	WARNING	101	org.l2jmobius.gameserver.Shutdown	GM shutdown countdown is over. shutting down NOW!
2022.10.24 11:20:08,334	INFO	55	org.l2jmobius.gameserver.Shutdown	All players disconnected and saved(96ms).
2022.10.24 11:20:08,335	INFO	55	org.l2jmobius.gameserver.Shutdown	Movement Task Manager: Thread interruped(1ms).
2022.10.24 11:20:08,335	INFO	55	org.l2jmobius.gameserver.Shutdown	Game Time Task Manager: Thread interruped(1ms).
2022.10.24 11:20:08,335	INFO	55	org.l2jmobius.commons.threads.ThreadPool	ThreadPool: Shutting down.
2022.10.24 11:20:08,336	INFO	55	org.l2jmobius.gameserver.Shutdown	Thread Pool Manager: Manager has been shut down(0ms).
2022.10.24 11:20:08,336	INFO	55	org.l2jmobius.gameserver.Shutdown	Login Server Thread: Thread interruped(1ms).
2022.10.24 11:20:08,336	INFO	55	org.l2jmobius.gameserver.network.telnet.TelnetServer	Shutting down..
2022.10.24 11:20:08,336	INFO	55	org.l2jmobius.gameserver.Shutdown	Telnet Server Thread: Thread interruped(0ms).
2022.10.24 11:20:08,337	INFO	55	org.l2jmobius.gameserver.Shutdown	GM shutdown received. Shutting down NOW!
2022.10.24 11:20:08,348	INFO	55	org.l2jmobius.gameserver.Shutdown	RaidBossSpawnManager: All raidboss info saved(11ms).
2022.10.24 11:20:08,352	INFO	55	org.l2jmobius.gameserver.Shutdown	GrandBossManager: All Grand Boss info saved(3ms).
2022.10.24 11:20:08,352	INFO	55	org.l2jmobius.gameserver.Shutdown	Item Auction Manager: All tasks stopped(1ms).
2022.10.24 11:20:08,354	INFO	55	org.l2jmobius.gameserver.Shutdown	Olympiad System: Data saved(1ms).
2022.10.24 11:20:08,355	INFO	55	org.l2jmobius.gameserver.Shutdown	Hero System: Data saved(2ms).
2022.10.24 11:20:08,357	INFO	55	org.l2jmobius.gameserver.Shutdown	Clan System: Data saved(2ms).
2022.10.24 11:20:08,359	INFO	55	org.l2jmobius.gameserver.Shutdown	Cursed Weapons Manager: Data saved(2ms).
2022.10.24 11:20:08,361	INFO	55	org.l2jmobius.gameserver.Shutdown	Castle Manor Manager: Data saved(1ms).
2022.10.24 11:20:08,362	INFO	55	org.l2jmobius.gameserver.Shutdown	Quest Manager: Data saved(2ms).
2022.10.24 11:20:08,552	INFO	55	org.l2jmobius.gameserver.instancemanager.GlobalVariablesManager	GlobalVariablesManager: Stored 8 variables.
2022.10.24 11:20:08,553	INFO	55	org.l2jmobius.gameserver.Shutdown	Global Variables Manager: Variables saved(190ms).
2022.10.24 11:20:08,553	INFO	55	org.l2jmobius.gameserver.Shutdown	Bot Report Table: Successfully saved reports to database!
2022.10.24 11:20:10,725	WARNING	58	org.l2jmobius.gameserver.LoginServerThread	LoginServerThread: LoginServer not avaible, trying to reconnect...
2022.10.24 11:20:13,558	INFO	55	org.l2jmobius.gameserver.Shutdown	Game Server: Selector thread has been shut down(1ms).
2022.10.24 11:20:13,807	INFO	55	org.l2jmobius.gameserver.Shutdown	Database Factory: Database connection has been shut down(250ms).
